-------------------------------------------------------------------------------
Test set: fr.familiar.FMLExpressionTest
-------------------------------------------------------------------------------
Tests run: 4, Failures: 0, Errors: 0, Skipped: 0, Time elapsed: 0.025 s -- in fr.familiar.FMLExpressionTest
fr.familiar.FMLExpressionTest.testEqualityExcludes -- Time elapsed: 0.008 s
fr.familiar.FMLExpressionTest.testCNF1 -- Time elapsed: 0.006 s
fr.familiar.FMLExpressionTest.testCNF2 -- Time elapsed: 0.005 s
fr.familiar.FMLExpressionTest.testCNF3 -- Time elapsed: 0.006 s
