-------------------------------------------------------------------------------
Test set: fr.familiar.featureide.SATOperationsTest
-------------------------------------------------------------------------------
Tests run: 69, Failures: 0, Errors: 0, Skipped: 0, Time elapsed: 0.603 s -- in fr.familiar.featureide.SATOperationsTest
fr.familiar.featureide.SATOperationsTest.testCores1[0] -- Time elapsed: 0.010 s
fr.familiar.featureide.SATOperationsTest.testDeads1[0] -- Time elapsed: 0.010 s
fr.familiar.featureide.SATOperationsTest.test1[0] -- Time elapsed: 0.012 s
fr.familiar.featureide.SATOperationsTest.testCores1[1] -- Time elapsed: 0.008 s
fr.familiar.featureide.SATOperationsTest.testDeads1[1] -- Time elapsed: 0.009 s
fr.familiar.featureide.SATOperationsTest.test1[1] -- Time elapsed: 0.010 s
fr.familiar.featureide.SATOperationsTest.testCores1[2] -- Time elapsed: 0.009 s
fr.familiar.featureide.SATOperationsTest.testDeads1[2] -- Time elapsed: 0.009 s
fr.familiar.featureide.SATOperationsTest.test1[2] -- Time elapsed: 0.016 s
fr.familiar.featureide.SATOperationsTest.testCores1[3] -- Time elapsed: 0.008 s
fr.familiar.featureide.SATOperationsTest.testDeads1[3] -- Time elapsed: 0.008 s
fr.familiar.featureide.SATOperationsTest.test1[3] -- Time elapsed: 0.009 s
fr.familiar.featureide.SATOperationsTest.testCores1[4] -- Time elapsed: 0.008 s
fr.familiar.featureide.SATOperationsTest.testDeads1[4] -- Time elapsed: 0.010 s
fr.familiar.featureide.SATOperationsTest.test1[4] -- Time elapsed: 0.010 s
fr.familiar.featureide.SATOperationsTest.testCores1[5] -- Time elapsed: 0.008 s
fr.familiar.featureide.SATOperationsTest.testDeads1[5] -- Time elapsed: 0.008 s
fr.familiar.featureide.SATOperationsTest.test1[5] -- Time elapsed: 0.008 s
fr.familiar.featureide.SATOperationsTest.testCores1[6] -- Time elapsed: 0.007 s
fr.familiar.featureide.SATOperationsTest.testDeads1[6] -- Time elapsed: 0.008 s
fr.familiar.featureide.SATOperationsTest.test1[6] -- Time elapsed: 0.010 s
fr.familiar.featureide.SATOperationsTest.testCores1[7] -- Time elapsed: 0.009 s
fr.familiar.featureide.SATOperationsTest.testDeads1[7] -- Time elapsed: 0.008 s
fr.familiar.featureide.SATOperationsTest.test1[7] -- Time elapsed: 0.008 s
fr.familiar.featureide.SATOperationsTest.testCores1[8] -- Time elapsed: 0.008 s
fr.familiar.featureide.SATOperationsTest.testDeads1[8] -- Time elapsed: 0.008 s
fr.familiar.featureide.SATOperationsTest.test1[8] -- Time elapsed: 0.008 s
fr.familiar.featureide.SATOperationsTest.testCores1[9] -- Time elapsed: 0.008 s
fr.familiar.featureide.SATOperationsTest.testDeads1[9] -- Time elapsed: 0.007 s
fr.familiar.featureide.SATOperationsTest.test1[9] -- Time elapsed: 0.007 s
fr.familiar.featureide.SATOperationsTest.testCores1[10] -- Time elapsed: 0.008 s
fr.familiar.featureide.SATOperationsTest.testDeads1[10] -- Time elapsed: 0.007 s
fr.familiar.featureide.SATOperationsTest.test1[10] -- Time elapsed: 0.008 s
fr.familiar.featureide.SATOperationsTest.testCores1[11] -- Time elapsed: 0.007 s
fr.familiar.featureide.SATOperationsTest.testDeads1[11] -- Time elapsed: 0.009 s
fr.familiar.featureide.SATOperationsTest.test1[11] -- Time elapsed: 0.009 s
fr.familiar.featureide.SATOperationsTest.testCores1[12] -- Time elapsed: 0.009 s
fr.familiar.featureide.SATOperationsTest.testDeads1[12] -- Time elapsed: 0.009 s
fr.familiar.featureide.SATOperationsTest.test1[12] -- Time elapsed: 0.008 s
fr.familiar.featureide.SATOperationsTest.testCores1[13] -- Time elapsed: 0.008 s
fr.familiar.featureide.SATOperationsTest.testDeads1[13] -- Time elapsed: 0.007 s
fr.familiar.featureide.SATOperationsTest.test1[13] -- Time elapsed: 0.007 s
fr.familiar.featureide.SATOperationsTest.testCores1[14] -- Time elapsed: 0.008 s
fr.familiar.featureide.SATOperationsTest.testDeads1[14] -- Time elapsed: 0.008 s
fr.familiar.featureide.SATOperationsTest.test1[14] -- Time elapsed: 0.007 s
fr.familiar.featureide.SATOperationsTest.testCores1[15] -- Time elapsed: 0.009 s
fr.familiar.featureide.SATOperationsTest.testDeads1[15] -- Time elapsed: 0.009 s
fr.familiar.featureide.SATOperationsTest.test1[15] -- Time elapsed: 0.015 s
fr.familiar.featureide.SATOperationsTest.testCores1[16] -- Time elapsed: 0.009 s
fr.familiar.featureide.SATOperationsTest.testDeads1[16] -- Time elapsed: 0.008 s
fr.familiar.featureide.SATOperationsTest.test1[16] -- Time elapsed: 0.009 s
fr.familiar.featureide.SATOperationsTest.testCores1[17] -- Time elapsed: 0.007 s
fr.familiar.featureide.SATOperationsTest.testDeads1[17] -- Time elapsed: 0.007 s
fr.familiar.featureide.SATOperationsTest.test1[17] -- Time elapsed: 0.007 s
fr.familiar.featureide.SATOperationsTest.testCores1[18] -- Time elapsed: 0.008 s
fr.familiar.featureide.SATOperationsTest.testDeads1[18] -- Time elapsed: 0.008 s
fr.familiar.featureide.SATOperationsTest.test1[18] -- Time elapsed: 0.008 s
fr.familiar.featureide.SATOperationsTest.testCores1[19] -- Time elapsed: 0.008 s
fr.familiar.featureide.SATOperationsTest.testDeads1[19] -- Time elapsed: 0.007 s
fr.familiar.featureide.SATOperationsTest.test1[19] -- Time elapsed: 0.007 s
fr.familiar.featureide.SATOperationsTest.testCores1[20] -- Time elapsed: 0.008 s
fr.familiar.featureide.SATOperationsTest.testDeads1[20] -- Time elapsed: 0.007 s
fr.familiar.featureide.SATOperationsTest.test1[20] -- Time elapsed: 0.007 s
fr.familiar.featureide.SATOperationsTest.testCores1[21] -- Time elapsed: 0.011 s
fr.familiar.featureide.SATOperationsTest.testDeads1[21] -- Time elapsed: 0.013 s
fr.familiar.featureide.SATOperationsTest.test1[21] -- Time elapsed: 0.017 s
fr.familiar.featureide.SATOperationsTest.testCores1[22] -- Time elapsed: 0.009 s
fr.familiar.featureide.SATOperationsTest.testDeads1[22] -- Time elapsed: 0.008 s
fr.familiar.featureide.SATOperationsTest.test1[22] -- Time elapsed: 0.007 s
