-------------------------------------------------------------------------------
Test set: fr.familiar.FMLRemoveFeatureTest
-------------------------------------------------------------------------------
Tests run: 13, Failures: 0, Errors: 0, Skipped: 0, Time elapsed: 0.086 s -- in fr.familiar.FMLRemoveFeatureTest
fr.familiar.FMLRemoveFeatureTest.testRemoveRoot1 -- Time elapsed: 0.006 s
fr.familiar.FMLRemoveFeatureTest.testRemoveRoot2 -- Time elapsed: 0.006 s
fr.familiar.FMLRemoveFeatureTest.testRemoveTrue1 -- Time elapsed: 0.005 s
fr.familiar.FMLRemoveFeatureTest.testRemoveTrue2 -- Time elapsed: 0.006 s
fr.familiar.FMLRemoveFeatureTest.testRemoveTrue3 -- Time elapsed: 0.007 s
fr.familiar.FMLRemoveFeatureTest.testRemoveTrue4 -- Time elapsed: 0.007 s
fr.familiar.FMLRemoveFeatureTest.testRemoveTrue5 -- Time elapsed: 0.007 s
fr.familiar.FMLRemoveFeatureTest.testRemoveTrue6 -- Time elapsed: 0.006 s
fr.familiar.FMLRemoveFeatureTest.testRemoveTrue7 -- Time elapsed: 0.006 s
fr.familiar.FMLRemoveFeatureTest.testRemoveFalse1 -- Time elapsed: 0.007 s
fr.familiar.FMLRemoveFeatureTest.testFMLRemove1 -- Time elapsed: 0.009 s
fr.familiar.FMLRemoveFeatureTest.testRemoveWithConstraints1 -- Time elapsed: 0.006 s
fr.familiar.FMLRemoveFeatureTest.testRemoveWithConstraints2 -- Time elapsed: 0.006 s
