-------------------------------------------------------------------------------
Test set: fr.familiar.featureide.SATBuilderTest
-------------------------------------------------------------------------------
Tests run: 23, Failures: 0, Errors: 0, Skipped: 0, Time elapsed: 0.176 s -- in fr.familiar.featureide.SATBuilderTest
fr.familiar.featureide.SATBuilderTest.test1[0] -- Time elapsed: 0.010 s
fr.familiar.featureide.SATBuilderTest.test1[1] -- Time elapsed: 0.008 s
fr.familiar.featureide.SATBuilderTest.test1[2] -- Time elapsed: 0.008 s
fr.familiar.featureide.SATBuilderTest.test1[3] -- Time elapsed: 0.007 s
fr.familiar.featureide.SATBuilderTest.test1[4] -- Time elapsed: 0.007 s
fr.familiar.featureide.SATBuilderTest.test1[5] -- Time elapsed: 0.007 s
fr.familiar.featureide.SATBuilderTest.test1[6] -- Time elapsed: 0.007 s
fr.familiar.featureide.SATBuilderTest.test1[7] -- Time elapsed: 0.008 s
fr.familiar.featureide.SATBuilderTest.test1[8] -- Time elapsed: 0.009 s
fr.familiar.featureide.SATBuilderTest.test1[9] -- Time elapsed: 0.007 s
fr.familiar.featureide.SATBuilderTest.test1[10] -- Time elapsed: 0.006 s
fr.familiar.featureide.SATBuilderTest.test1[11] -- Time elapsed: 0.007 s
fr.familiar.featureide.SATBuilderTest.test1[12] -- Time elapsed: 0.006 s
fr.familiar.featureide.SATBuilderTest.test1[13] -- Time elapsed: 0.007 s
fr.familiar.featureide.SATBuilderTest.test1[14] -- Time elapsed: 0.007 s
fr.familiar.featureide.SATBuilderTest.test1[15] -- Time elapsed: 0.010 s
fr.familiar.featureide.SATBuilderTest.test1[16] -- Time elapsed: 0.007 s
fr.familiar.featureide.SATBuilderTest.test1[17] -- Time elapsed: 0.007 s
fr.familiar.featureide.SATBuilderTest.test1[18] -- Time elapsed: 0.008 s
fr.familiar.featureide.SATBuilderTest.test1[19] -- Time elapsed: 0.009 s
fr.familiar.featureide.SATBuilderTest.test1[20] -- Time elapsed: 0.007 s
fr.familiar.featureide.SATBuilderTest.test1[21] -- Time elapsed: 0.010 s
fr.familiar.featureide.SATBuilderTest.test1[22] -- Time elapsed: 0.006 s
