-------------------------------------------------------------------------------
Test set: fr.familiar.FMLAlaXPathTest
-------------------------------------------------------------------------------
Tests run: 5, Failures: 0, Errors: 0, Skipped: 0, Time elapsed: 0.031 s -- in fr.familiar.FMLAlaXPathTest
fr.familiar.FMLAlaXPathTest.testQualifiedFeature1 -- Time elapsed: 0.007 s
fr.familiar.FMLAlaXPathTest.testQualifiedFeatureStar1 -- Time elapsed: 0.006 s
fr.familiar.FMLAlaXPathTest.testQualifiedFeatureStarDiff1 -- Time elapsed: 0.006 s
fr.familiar.FMLAlaXPathTest.testQualifiedFeatureStarUnion -- Time elapsed: 0.006 s
fr.familiar.FMLAlaXPathTest.testQualifiedFeatureStarUnion2 -- Time elapsed: 0.006 s
