-------------------------------------------------------------------------------
Test set: fr.familiar.FMLRenameFeatureTest
-------------------------------------------------------------------------------
Tests run: 12, Failures: 0, Errors: 0, Skipped: 0, Time elapsed: 0.078 s -- in fr.familiar.FMLRenameFeatureTest
fr.familiar.FMLRenameFeatureTest.testRenameRootTrue1 -- Time elapsed: 0.006 s
fr.familiar.FMLRenameFeatureTest.testRenameRootTrue2 -- Time elapsed: 0.006 s
fr.familiar.FMLRenameFeatureTest.testRenameConstraints1 -- Time elapsed: 0.006 s
fr.familiar.FMLRenameFeatureTest.testRenameConstraints2 -- Time elapsed: 0.006 s
fr.familiar.FMLRenameFeatureTest.testRenameConstraints3 -- Time elapsed: 0.006 s
fr.familiar.FMLRenameFeatureTest.testRenameTrue1 -- Time elapsed: 0.006 s
fr.familiar.FMLRenameFeatureTest.testRenameTrue2 -- Time elapsed: 0.006 s
fr.familiar.FMLRenameFeatureTest.testRenameRootFalse1 -- Time elapsed: 0.006 s
fr.familiar.FMLRenameFeatureTest.testRenameRootFalse2 -- Time elapsed: 0.008 s
fr.familiar.FMLRenameFeatureTest.testRenameFalse1 -- Time elapsed: 0.005 s
fr.familiar.FMLRenameFeatureTest.testRenameFalse2 -- Time elapsed: 0.006 s
fr.familiar.FMLRenameFeatureTest.testFMLRename1 -- Time elapsed: 0.010 s
