-------------------------------------------------------------------------------
Test set: fr.familiar.FMLFeaturesTest
-------------------------------------------------------------------------------
Tests run: 10, Failures: 0, Errors: 0, Skipped: 0, Time elapsed: 0.129 s -- in fr.familiar.FMLFeaturesTest
fr.familiar.FMLFeaturesTest.testFeaturesWithRemove1 -- Time elapsed: 0.034 s
fr.familiar.FMLFeaturesTest.testFeaturesWithRemove2 -- Time elapsed: 0.007 s
fr.familiar.FMLFeaturesTest.testFeaturesWithRemove3 -- Time elapsed: 0.007 s
fr.familiar.FMLFeaturesTest.testFeaturesWithRename1 -- Time elapsed: 0.009 s
fr.familiar.FMLFeaturesTest.testFeaturesWithRename2 -- Time elapsed: 0.035 s
fr.familiar.FMLFeaturesTest.testFMLFeatures1 -- Time elapsed: 0.009 s
fr.familiar.FMLFeaturesTest.testFeatures1 -- Time elapsed: 0.008 s
fr.familiar.FMLFeaturesTest.testFeatures2 -- Time elapsed: 0.006 s
fr.familiar.FMLFeaturesTest.testFeatures3 -- Time elapsed: 0.006 s
fr.familiar.FMLFeaturesTest.testFeatures4 -- Time elapsed: 0.007 s
