-------------------------------------------------------------------------------
Test set: fr.familiar.FMLOntologicalASETest
-------------------------------------------------------------------------------
Tests run: 4, Failures: 0, Errors: 0, Skipped: 0, Time elapsed: 0.129 s -- in fr.familiar.FMLOntologicalASETest
fr.familiar.FMLOntologicalASETest.testFASE -- Time elapsed: 0.034 s
fr.familiar.FMLOntologicalASETest.testFG -- Time elapsed: 0.020 s
fr.familiar.FMLOntologicalASETest.testIllustrativeExamples2 -- Time elapsed: 0.042 s
fr.familiar.FMLOntologicalASETest.testIllustrativeExamples -- Time elapsed: 0.030 s
