-------------------------------------------------------------------------------
Test set: fr.familiar.FMLCoresTest
-------------------------------------------------------------------------------
Tests run: 5, Failures: 0, Errors: 0, Skipped: 1, Time elapsed: 0.031 s -- in fr.familiar.FMLCoresTest
fr.familiar.FMLCoresTest.testCore1 -- Time elapsed: 0.008 s
fr.familiar.FMLCoresTest skipped
fr.familiar.FMLCoresTest.testCore3 -- Time elapsed: 0.007 s
fr.familiar.FMLCoresTest.testScriptCore2 -- Time elapsed: 0.008 s
fr.familiar.FMLCoresTest.testScriptCore3 -- Time elapsed: 0.007 s
