-------------------------------------------------------------------------------
Test set: fr.familiar.FMLIsValidTest
-------------------------------------------------------------------------------
Tests run: 10, Failures: 0, Errors: 0, Skipped: 0, Time elapsed: 0.127 s -- in fr.familiar.FMLIsValidTest
fr.familiar.FMLIsValidTest.testIsValid1[0] -- Time elapsed: 0.030 s
fr.familiar.FMLIsValidTest.testIsValid1[1] -- Time elapsed: 0.009 s
fr.familiar.FMLIsValidTest.testIsValid1[2] -- Time elapsed: 0.007 s
fr.familiar.FMLIsValidTest.testIsValid1[3] -- Time elapsed: 0.008 s
fr.familiar.FMLIsValidTest.testIsValid1[4] -- Time elapsed: 0.024 s
fr.familiar.FMLIsValidTest.testIsValid1[5] -- Time elapsed: 0.017 s
fr.familiar.FMLIsValidTest.testIsValid1[6] -- Time elapsed: 0.008 s
fr.familiar.FMLIsValidTest.testIsValid1[7] -- Time elapsed: 0.007 s
fr.familiar.FMLIsValidTest.testIsValid1[8] -- Time elapsed: 0.008 s
fr.familiar.FMLIsValidTest.testIsValid1[9] -- Time elapsed: 0.009 s
