-------------------------------------------------------------------------------
Test set: fr.familiar.featureide.SATSlicerTest
-------------------------------------------------------------------------------
Tests run: 5, Failures: 0, Errors: 0, Skipped: 1, Time elapsed: 0.117 s -- in fr.familiar.featureide.SATSlicerTest
fr.familiar.featureide.SATSlicerTest skipped
fr.familiar.featureide.SATSlicerTest.ThumSPLC2011WithSAT -- Time elapsed: 0.035 s
fr.familiar.featureide.SATSlicerTest.test1 -- Time elapsed: 0.011 s
fr.familiar.featureide.SATSlicerTest.test2 -- Time elapsed: 0.032 s
fr.familiar.featureide.SATSlicerTest.test3 -- Time elapsed: 0.034 s
