<?xml version="1.0" encoding="UTF-8"?>
<testsuite xmlns:xsi="http://www.w3.org/2001/XMLSchema-instance" xsi:noNamespaceSchemaLocation="https://maven.apache.org/surefire/maven-surefire-plugin/xsd/surefire-test-report.xsd" version="3.0" name="fr.familiar.featureide.FMLConverterTest" time="5.095" tests="14" errors="5" skipped="0" failures="0">
  <properties>
[...]
</properties>
  <testcase name="testInteroperability" classname="fr.familiar.featureide.FMLConverterTest" time="0.014">
    <error message="Cannot invoke &quot;fr.familiar.parser.FMConverter.parseFile(java.io.File)&quot; because &quot;converter&quot; is null" type="java.lang.NullPointerException"><![CDATA[java.lang.NullPointerException: Cannot invoke "fr.familiar.parser.FMConverter.parseFile(java.io.File)" because "converter" is null
	at fr.familiar.parser.FMBuilder.eval(FMBuilder.java:204)
	at fr.familiar.parser.FMLAbstractCommandAnalyzer.parse(FMLAbstractCommandAnalyzer.java:103)
	at fr.familiar.parser.FMAnalyzer.eval(FMAnalyzer.java:105)
	at fr.familiar.parser.FMLAbstractCommandAnalyzer.parse(FMLAbstractCommandAnalyzer.java:103)
	at fr.familiar.parser.FMLCommandInterpreter.parseFMCommand(FMLCommandInterpreter.java:793)
	at fr.familiar.parser.FMLCommandInterpreter.parse(FMLCommandInterpreter.java:502)
	at fr.familiar.parser.FMLCommandInterpreter.parse(FMLCommandInterpreter.java:445)
	at fr.familiar.parser.FMLCommandInterpreter.parse(FMLCommandInterpreter.java:1035)
	at fr.familiar.parser.FMLCommandInterpreter.parse(FMLCommandInterpreter.java:950)
	at fr.familiar.parser.FMLCommandInterpreter.parse(FMLCommandInterpreter.java:817)
	at fr.familiar.parser.FMLCommandInterpreter.parseCommand(FMLCommandInterpreter.java:378)
	at fr.familiar.interpreter.FMLShell.parse(FMLShell.java:685)
	at fr.familiar.featureide.FMLConverterTest.testInteroperability(FMLConverterTest.java:444)
	at java.base/jdk.internal.reflect.DirectMethodHandleAccessor.invoke(DirectMethodHandleAccessor.java:104)
	at java.base/java.lang.reflect.Method.invoke(Method.java:565)
	at org.junit.runners.model.FrameworkMethod$1.runReflectiveCall(FrameworkMethod.java:59)
	at org.junit.internal.runners.model.ReflectiveCallable.run(ReflectiveCallable.java:12)
	at org.junit.runners.model.FrameworkMethod.invokeExplosively(FrameworkMethod.java:56)
	at org.junit.internal.runners.statements.InvokeMethod.evaluate(InvokeMethod.java:17)
	at org.junit.internal.runners.statements.RunBefores.evaluate(RunBefores.java:26)
	at org.junit.internal.runners.statements.RunAfters.evaluate(RunAfters.java:27)
	at org.junit.runners.ParentRunner$3.evaluate(ParentRunner.java:306)
	at org.junit.runners.BlockJUnit4ClassRunner$1.evaluate(BlockJUnit4ClassRunner.java:100)
	at org.junit.runners.ParentRunner.runLeaf(ParentRunner.java:366)
	at org.junit.runners.BlockJUnit4ClassRunner.runChild(BlockJUnit4ClassRunner.java:103)
	at org.junit.runners.BlockJUnit4ClassRunner.runChild(BlockJUnit4ClassRunner.java:63)
	at org.junit.runners.ParentRunner$4.run(ParentRunner.java:331)
	at org.junit.runners.ParentRunner$1.schedule(ParentRunner.java:79)
	at org.junit.runners.ParentRunner.runChildren(ParentRunner.java:329)
	at org.junit.runners.ParentRunner.access$100(ParentRunner.java:66)
	at org.junit.runners.ParentRunner$2.evaluate(ParentRunner.java:293)
	at org.junit.runners.ParentRunner$3.evaluate(ParentRunner.java:306)
	at org.junit.runners.ParentRunner.run(ParentRunner.java:413)
	at org.apache.maven.surefire.junit4.JUnit4Provider.execute(JUnit4Provider.java:316)
	at org.apache.maven.surefire.junit4.JUnit4Provider.executeWithRerun(JUnit4Provider.java:240)
	at org.apache.maven.surefire.junit4.JUnit4Provider.executeTestSet(JUnit4Provider.java:214)
	at org.apache.maven.surefire.junit4.JUnit4Provider.invoke(JUnit4Provider.java:155)
	at java.base/jdk.internal.reflect.DirectMethodHandleAccessor.invoke(DirectMethodHandleAccessor.java:104)
	at java.base/java.lang.reflect.Method.invoke(Method.java:565)
	at org.apache.maven.surefire.api.util.ReflectionUtils.invokeMethodWithArray2(ReflectionUtils.java:137)
	at org.apache.maven.surefire.booter.ProviderFactory$ProviderProxy.invoke(ProviderFactory.java:148)
	at org.apache.maven.surefire.booter.ProviderFactory.invokeProvider(ProviderFactory.java:88)
	at org.eclipse.tycho.surefire.osgibooter.OsgiSurefireBooter.run(OsgiSurefireBooter.java:140)
	at org.eclipse.tycho.surefire.osgibooter.HeadlessTestApplication.start(HeadlessTestApplication.java:29)
	at org.eclipse.equinox.internal.app.EclipseAppHandle.run(EclipseAppHandle.java:203)
	at org.eclipse.core.runtime.internal.adaptor.EclipseAppLauncher.runApplication(EclipseAppLauncher.java:136)
	at org.eclipse.core.runtime.internal.adaptor.EclipseAppLauncher.start(EclipseAppLauncher.java:104)
	at org.eclipse.core.runtime.adaptor.EclipseStarter.run(EclipseStarter.java:402)
	at org.eclipse.core.runtime.adaptor.EclipseStarter.run(EclipseStarter.java:255)
	at java.base/jdk.internal.reflect.DirectMethodHandleAccessor.invoke(DirectMethodHandleAccessor.java:104)
	at java.base/java.lang.reflect.Method.invoke(Method.java:565)
	at org.eclipse.equinox.launcher.Main.invokeFramework(Main.java:659)
	at org.eclipse.equinox.launcher.Main.basicRun(Main.java:596)
	at org.eclipse.equinox.launcher.Main.run(Main.java:1467)
	at org.eclipse.equinox.launcher.Main.main(Main.java:1440)
]]></error>
    <system-out><![CDATA[###########	 error: (org.xtext.example.mydsl.fml.impl.ScriptCommandImpl@277004b5 (eProxyURI: dummy:/example54421057.fml#//@cmds.0)) java.io.FileNotFoundException: requirement.xmi
]]></system-out>
  </testcase>
  <testcase name="testLoad" classname="fr.familiar.featureide.FMLConverterTest" time="0.013">
    <error message="Cannot invoke &quot;java.io.File.getAbsolutePath()&quot; because &quot;file&quot; is null" type="java.lang.NullPointerException"><![CDATA[java.lang.NullPointerException: Cannot invoke "java.io.File.getAbsolutePath()" because "file" is null
	at fr.familiar.fm.basic.FMLFeatureModelReader.parseFile(FMLFeatureModelReader.java:147)
	at fr.familiar.parser.FMBuilder.parseFile(FMBuilder.java:576)
	at fr.familiar.parser.FMBuilder.eval(FMBuilder.java:281)
	at fr.familiar.parser.FMLAbstractCommandAnalyzer.parse(FMLAbstractCommandAnalyzer.java:103)
	at fr.familiar.parser.FMAnalyzer.eval(FMAnalyzer.java:105)
	at fr.familiar.parser.FMLAbstractCommandAnalyzer.parse(FMLAbstractCommandAnalyzer.java:103)
	at fr.familiar.parser.FMLCommandInterpreter.parseFMCommand(FMLCommandInterpreter.java:793)
	at fr.familiar.parser.FMLCommandInterpreter.parse(FMLCommandInterpreter.java:502)
	at fr.familiar.parser.FMLCommandInterpreter.parse(FMLCommandInterpreter.java:445)
	at fr.familiar.parser.FMLCommandInterpreter.parse(FMLCommandInterpreter.java:1035)
	at fr.familiar.parser.FMLCommandInterpreter.parse(FMLCommandInterpreter.java:950)
	at fr.familiar.parser.FMLCommandInterpreter.parse(FMLCommandInterpreter.java:817)
	at fr.familiar.parser.FMLCommandInterpreter.parseCommand(FMLCommandInterpreter.java:378)
	at fr.familiar.interpreter.FMLShell.parse(FMLShell.java:685)
	at fr.familiar.featureide.FMLConverterTest.testLoad(FMLConverterTest.java:462)
	at java.base/jdk.internal.reflect.DirectMethodHandleAccessor.invoke(DirectMethodHandleAccessor.java:104)
	at java.base/java.lang.reflect.Method.invoke(Method.java:565)
	at org.junit.runners.model.FrameworkMethod$1.runReflectiveCall(FrameworkMethod.java:59)
	at org.junit.internal.runners.model.ReflectiveCallable.run(ReflectiveCallable.java:12)
	at org.junit.runners.model.FrameworkMethod.invokeExplosively(FrameworkMethod.java:56)
	at org.junit.internal.runners.statements.InvokeMethod.evaluate(InvokeMethod.java:17)
	at org.junit.internal.runners.statements.RunBefores.evaluate(RunBefores.java:26)
	at org.junit.internal.runners.statements.RunAfters.evaluate(RunAfters.java:27)
	at org.junit.runners.ParentRunner$3.evaluate(ParentRunner.java:306)
	at org.junit.runners.BlockJUnit4ClassRunner$1.evaluate(BlockJUnit4ClassRunner.java:100)
	at org.junit.runners.ParentRunner.runLeaf(ParentRunner.java:366)
	at org.junit.runners.BlockJUnit4ClassRunner.runChild(BlockJUnit4ClassRunner.java:103)
	at org.junit.runners.BlockJUnit4ClassRunner.runChild(BlockJUnit4ClassRunner.java:63)
	at org.junit.runners.ParentRunner$4.run(ParentRunner.java:331)
	at org.junit.runners.ParentRunner$1.schedule(ParentRunner.java:79)
	at org.junit.runners.ParentRunner.runChildren(ParentRunner.java:329)
	at org.junit.runners.ParentRunner.access$100(ParentRunner.java:66)
	at org.junit.runners.ParentRunner$2.evaluate(ParentRunner.java:293)
	at org.junit.runners.ParentRunner$3.evaluate(ParentRunner.java:306)
	at org.junit.runners.ParentRunner.run(ParentRunner.java:413)
	at org.apache.maven.surefire.junit4.JUnit4Provider.execute(JUnit4Provider.java:316)
	at org.apache.maven.surefire.junit4.JUnit4Provider.executeWithRerun(JUnit4Provider.java:240)
	at org.apache.maven.surefire.junit4.JUnit4Provider.executeTestSet(JUnit4Provider.java:214)
	at org.apache.maven.surefire.junit4.JUnit4Provider.invoke(JUnit4Provider.java:155)
	at java.base/jdk.internal.reflect.DirectMethodHandleAccessor.invoke(DirectMethodHandleAccessor.java:104)
	at java.base/java.lang.reflect.Method.invoke(Method.java:565)
	at org.apache.maven.surefire.api.util.ReflectionUtils.invokeMethodWithArray2(ReflectionUtils.java:137)
	at org.apache.maven.surefire.booter.ProviderFactory$ProviderProxy.invoke(ProviderFactory.java:148)
	at org.apache.maven.surefire.booter.ProviderFactory.invokeProvider(ProviderFactory.java:88)
	at org.eclipse.tycho.surefire.osgibooter.OsgiSurefireBooter.run(OsgiSurefireBooter.java:140)
	at org.eclipse.tycho.surefire.osgibooter.HeadlessTestApplication.start(HeadlessTestApplication.java:29)
	at org.eclipse.equinox.internal.app.EclipseAppHandle.run(EclipseAppHandle.java:203)
	at org.eclipse.core.runtime.internal.adaptor.EclipseAppLauncher.runApplication(EclipseAppLauncher.java:136)
	at org.eclipse.core.runtime.internal.adaptor.EclipseAppLauncher.start(EclipseAppLauncher.java:104)
	at org.eclipse.core.runtime.adaptor.EclipseStarter.run(EclipseStarter.java:402)
	at org.eclipse.core.runtime.adaptor.EclipseStarter.run(EclipseStarter.java:255)
	at java.base/jdk.internal.reflect.DirectMethodHandleAccessor.invoke(DirectMethodHandleAccessor.java:104)
	at java.base/java.lang.reflect.Method.invoke(Method.java:565)
	at org.eclipse.equinox.launcher.Main.invokeFramework(Main.java:659)
	at org.eclipse.equinox.launcher.Main.basicRun(Main.java:596)
	at org.eclipse.equinox.launcher.Main.run(Main.java:1467)
	at org.eclipse.equinox.launcher.Main.main(Main.java:1440)
]]></error>
    <system-out><![CDATA[###########	 error: (org.xtext.example.mydsl.fml.impl.ScriptCommandImpl@efacf45 (eProxyURI: dummy:/example1341127089.fml#//@cmds.0)) java.io.FileNotFoundException: requirement.fml
]]></system-out>
  </testcase>
  <testcase name="testTVL1" classname="fr.familiar.featureide.FMLConverterTest" time="0.013">
    <error type="fr.familiar.interpreter.VariableNotExistingException:"><![CDATA[fr.familiar.interpreter.VariableNotExistingException: variable null does not exist
	at fr.familiar.parser.FMLCommandInterpreter.getVariable(FMLCommandInterpreter.java:1732)
	at fr.familiar.FMLTest.getFMVariable(FMLTest.java:426)
	at fr.familiar.featureide.FMLConverterTest.testTVL1(FMLConverterTest.java:478)
	at java.base/jdk.internal.reflect.DirectMethodHandleAccessor.invoke(DirectMethodHandleAccessor.java:104)
	at java.base/java.lang.reflect.Method.invoke(Method.java:565)
	at org.junit.runners.model.FrameworkMethod$1.runReflectiveCall(FrameworkMethod.java:59)
	at org.junit.internal.runners.model.ReflectiveCallable.run(ReflectiveCallable.java:12)
	at org.junit.runners.model.FrameworkMethod.invokeExplosively(FrameworkMethod.java:56)
	at org.junit.internal.runners.statements.InvokeMethod.evaluate(InvokeMethod.java:17)
	at org.junit.internal.runners.statements.RunBefores.evaluate(RunBefores.java:26)
	at org.junit.internal.runners.statements.RunAfters.evaluate(RunAfters.java:27)
	at org.junit.runners.ParentRunner$3.evaluate(ParentRunner.java:306)
	at org.junit.runners.BlockJUnit4ClassRunner$1.evaluate(BlockJUnit4ClassRunner.java:100)
	at org.junit.runners.ParentRunner.runLeaf(ParentRunner.java:366)
	at org.junit.runners.BlockJUnit4ClassRunner.runChild(BlockJUnit4ClassRunner.java:103)
	at org.junit.runners.BlockJUnit4ClassRunner.runChild(BlockJUnit4ClassRunner.java:63)
	at org.junit.runners.ParentRunner$4.run(ParentRunner.java:331)
	at org.junit.runners.ParentRunner$1.schedule(ParentRunner.java:79)
	at org.junit.runners.ParentRunner.runChildren(ParentRunner.java:329)
	at org.junit.runners.ParentRunner.access$100(ParentRunner.java:66)
	at org.junit.runners.ParentRunner$2.evaluate(ParentRunner.java:293)
	at org.junit.runners.ParentRunner$3.evaluate(ParentRunner.java:306)
	at org.junit.runners.ParentRunner.run(ParentRunner.java:413)
	at org.apache.maven.surefire.junit4.JUnit4Provider.execute(JUnit4Provider.java:316)
	at org.apache.maven.surefire.junit4.JUnit4Provider.executeWithRerun(JUnit4Provider.java:240)
	at org.apache.maven.surefire.junit4.JUnit4Provider.executeTestSet(JUnit4Provider.java:214)
	at org.apache.maven.surefire.junit4.JUnit4Provider.invoke(JUnit4Provider.java:155)
	at java.base/jdk.internal.reflect.DirectMethodHandleAccessor.invoke(DirectMethodHandleAccessor.java:104)
	at java.base/java.lang.reflect.Method.invoke(Method.java:565)
	at org.apache.maven.surefire.api.util.ReflectionUtils.invokeMethodWithArray2(ReflectionUtils.java:137)
	at org.apache.maven.surefire.booter.ProviderFactory$ProviderProxy.invoke(ProviderFactory.java:148)
	at org.apache.maven.surefire.booter.ProviderFactory.invokeProvider(ProviderFactory.java:88)
	at org.eclipse.tycho.surefire.osgibooter.OsgiSurefireBooter.run(OsgiSurefireBooter.java:140)
	at org.eclipse.tycho.surefire.osgibooter.HeadlessTestApplication.start(HeadlessTestApplication.java:29)
	at org.eclipse.equinox.internal.app.EclipseAppHandle.run(EclipseAppHandle.java:203)
	at org.eclipse.core.runtime.internal.adaptor.EclipseAppLauncher.runApplication(EclipseAppLauncher.java:136)
	at org.eclipse.core.runtime.internal.adaptor.EclipseAppLauncher.start(EclipseAppLauncher.java:104)
	at org.eclipse.core.runtime.adaptor.EclipseStarter.run(EclipseStarter.java:402)
	at org.eclipse.core.runtime.adaptor.EclipseStarter.run(EclipseStarter.java:255)
	at java.base/jdk.internal.reflect.DirectMethodHandleAccessor.invoke(DirectMethodHandleAccessor.java:104)
	at java.base/java.lang.reflect.Method.invoke(Method.java:565)
	at org.eclipse.equinox.launcher.Main.invokeFramework(Main.java:659)
	at org.eclipse.equinox.launcher.Main.basicRun(Main.java:596)
	at org.eclipse.equinox.launcher.Main.run(Main.java:1467)
	at org.eclipse.equinox.launcher.Main.main(Main.java:1440)
]]></error>
    <system-out><![CDATA[###########	 error: (org.xtext.example.mydsl.fml.impl.ScriptCommandImpl@302424ac (eProxyURI: dummy:/example1470873106.fml#//@cmds.0)) java.io.FileNotFoundException: inputFMLTests/testTVL1.tvl
###########	 error: Unable to parse the TVL model...TVL library is not installed
###########	 error: (org.xtext.example.mydsl.fml.impl.ScriptCommandImpl@302424ac (eProxyURI: dummy:/example1470873106.fml#//@cmds.0)) NULL 
###########	 error: (org.xtext.example.mydsl.fml.impl.ScriptCommandImpl@302424ac (eProxyURI: dummy:/example1470873106.fml#//@cmds.0)) Unable to parse the FM command (v=null)
###########	 error: (org.xtext.example.mydsl.fml.impl.ScriptCommandImpl@302424ac (eProxyURI: dummy:/example1470873106.fml#//@cmds.0)) NULL 
###########	 error: (org.xtext.example.mydsl.fml.impl.ScriptCommandImpl@53d44e7a (eProxyURI: dummy:/example1470873106.fml#//@cmds.1)) null
###########	 error: (org.xtext.example.mydsl.fml.impl.ScriptCommandImpl@53d44e7a (eProxyURI: dummy:/example1470873106.fml#//@cmds.1)) NULL 
###########	 error: (org.xtext.example.mydsl.fml.impl.ScriptCommandImpl@53d44e7a (eProxyURI: dummy:/example1470873106.fml#//@cmds.1)) feature model or configuration expected org.xtext.example.mydsl.fml.impl.IdentifierExprImpl@29346a21 (eProxyURI: dummy:/example1470873106.fml#//@cmds.1/@cmd/@left/@fm)
###########	 error: (org.xtext.example.mydsl.fml.impl.ScriptCommandImpl@53d44e7a (eProxyURI: dummy:/example1470873106.fml#//@cmds.1)) NULL 
]]></system-out>
  </testcase>
  <testcase name="testXMI1" classname="fr.familiar.featureide.FMLConverterTest" time="0.022"/>
  <testcase name="testXMI2" classname="fr.familiar.featureide.FMLConverterTest" time="0.016"/>
  <testcase name="testXMI3" classname="fr.familiar.featureide.FMLConverterTest" time="0.015"/>
  <testcase name="testXMI4" classname="fr.familiar.featureide.FMLConverterTest" time="0.026">
    <error message="Cannot invoke &quot;fr.familiar.parser.FMConverter.parseFile(java.io.File)&quot; because &quot;converter&quot; is null" type="java.lang.NullPointerException"><![CDATA[java.lang.NullPointerException: Cannot invoke "fr.familiar.parser.FMConverter.parseFile(java.io.File)" because "converter" is null
	at fr.familiar.parser.FMBuilder.eval(FMBuilder.java:204)
	at fr.familiar.parser.FMLAbstractCommandAnalyzer.parse(FMLAbstractCommandAnalyzer.java:103)
	at fr.familiar.parser.FMAnalyzer.eval(FMAnalyzer.java:105)
	at fr.familiar.parser.FMLAbstractCommandAnalyzer.parse(FMLAbstractCommandAnalyzer.java:103)
	at fr.familiar.parser.FMLCommandInterpreter.parseFMCommand(FMLCommandInterpreter.java:793)
	at fr.familiar.parser.FMLCommandInterpreter.parse(FMLCommandInterpreter.java:502)
	at fr.familiar.parser.FMLCommandInterpreter.parse(FMLCommandInterpreter.java:445)
	at fr.familiar.parser.FMLCommandInterpreter.parse(FMLCommandInterpreter.java:1035)
	at fr.familiar.parser.FMLCommandInterpreter.parse(FMLCommandInterpreter.java:950)
	at fr.familiar.parser.FMLCommandInterpreter.parse(FMLCommandInterpreter.java:817)
	at fr.familiar.parser.FMLCommandInterpreter.parseCommand(FMLCommandInterpreter.java:378)
	at fr.familiar.interpreter.FMLShell.parse(FMLShell.java:685)
	at fr.familiar.featureide.FMLConverterTest.testXMI4(FMLConverterTest.java:96)
	at java.base/jdk.internal.reflect.DirectMethodHandleAccessor.invoke(DirectMethodHandleAccessor.java:104)
	at java.base/java.lang.reflect.Method.invoke(Method.java:565)
	at org.junit.runners.model.FrameworkMethod$1.runReflectiveCall(FrameworkMethod.java:59)
	at org.junit.internal.runners.model.ReflectiveCallable.run(ReflectiveCallable.java:12)
	at org.junit.runners.model.FrameworkMethod.invokeExplosively(FrameworkMethod.java:56)
	at org.junit.internal.runners.statements.InvokeMethod.evaluate(InvokeMethod.java:17)
	at org.junit.internal.runners.statements.RunBefores.evaluate(RunBefores.java:26)
	at org.junit.internal.runners.statements.RunAfters.evaluate(RunAfters.java:27)
	at org.junit.runners.ParentRunner$3.evaluate(ParentRunner.java:306)
	at org.junit.runners.BlockJUnit4ClassRunner$1.evaluate(BlockJUnit4ClassRunner.java:100)
	at org.junit.runners.ParentRunner.runLeaf(ParentRunner.java:366)
	at org.junit.runners.BlockJUnit4ClassRunner.runChild(BlockJUnit4ClassRunner.java:103)
	at org.junit.runners.BlockJUnit4ClassRunner.runChild(BlockJUnit4ClassRunner.java:63)
	at org.junit.runners.ParentRunner$4.run(ParentRunner.java:331)
	at org.junit.runners.ParentRunner$1.schedule(ParentRunner.java:79)
	at org.junit.runners.ParentRunner.runChildren(ParentRunner.java:329)
	at org.junit.runners.ParentRunner.access$100(ParentRunner.java:66)
	at org.junit.runners.ParentRunner$2.evaluate(ParentRunner.java:293)
	at org.junit.runners.ParentRunner$3.evaluate(ParentRunner.java:306)
	at org.junit.runners.ParentRunner.run(ParentRunner.java:413)
	at org.apache.maven.surefire.junit4.JUnit4Provider.execute(JUnit4Provider.java:316)
	at org.apache.maven.surefire.junit4.JUnit4Provider.executeWithRerun(JUnit4Provider.java:240)
	at org.apache.maven.surefire.junit4.JUnit4Provider.executeTestSet(JUnit4Provider.java:214)
	at org.apache.maven.surefire.junit4.JUnit4Provider.invoke(JUnit4Provider.java:155)
	at java.base/jdk.internal.reflect.DirectMethodHandleAccessor.invoke(DirectMethodHandleAccessor.java:104)
	at java.base/java.lang.reflect.Method.invoke(Method.java:565)
	at org.apache.maven.surefire.api.util.ReflectionUtils.invokeMethodWithArray2(ReflectionUtils.java:137)
	at org.apache.maven.surefire.booter.ProviderFactory$ProviderProxy.invoke(ProviderFactory.java:148)
	at org.apache.maven.surefire.booter.ProviderFactory.invokeProvider(ProviderFactory.java:88)
	at org.eclipse.tycho.surefire.osgibooter.OsgiSurefireBooter.run(OsgiSurefireBooter.java:140)
	at org.eclipse.tycho.surefire.osgibooter.HeadlessTestApplication.start(HeadlessTestApplication.java:29)
	at org.eclipse.equinox.internal.app.EclipseAppHandle.run(EclipseAppHandle.java:203)
	at org.eclipse.core.runtime.internal.adaptor.EclipseAppLauncher.runApplication(EclipseAppLauncher.java:136)
	at org.eclipse.core.runtime.internal.adaptor.EclipseAppLauncher.start(EclipseAppLauncher.java:104)
	at org.eclipse.core.runtime.adaptor.EclipseStarter.run(EclipseStarter.java:402)
	at org.eclipse.core.runtime.adaptor.EclipseStarter.run(EclipseStarter.java:255)
	at java.base/jdk.internal.reflect.DirectMethodHandleAccessor.invoke(DirectMethodHandleAccessor.java:104)
	at java.base/java.lang.reflect.Method.invoke(Method.java:565)
	at org.eclipse.equinox.launcher.Main.invokeFramework(Main.java:659)
	at org.eclipse.equinox.launcher.Main.basicRun(Main.java:596)
	at org.eclipse.equinox.launcher.Main.run(Main.java:1467)
	at org.eclipse.equinox.launcher.Main.main(Main.java:1440)
]]></error>
  </testcase>
  <testcase name="testFeatureIDE1" classname="fr.familiar.featureide.FMLConverterTest" time="0.014">
    <system-out><![CDATA[DEBUG: (Info cmd) fm1 = FM (A : B C [D]; D : (E|F|G); C : (I|J)+; )
fm2 = FM (A2 : B2 C2 [D2]; D2 : (E2|F2|G2)+; C2 : (I2|J2); )
fm3 = FM (A3 : B3 C3 [D3]; D3 : (E3|F3|G3)+; C3 : (I3|J3)+; )
fm4 = aggregate { fm1 fm2 fm3 }
s4 = convert fm4 into fmcalc
s4ide = convert fm4 into featureide
	 	 Warning: no mapping
DEBUG: (Info cmd) FM (fm4 ; )
DEBUG: evaluating FM to convert: org.xtext.example.mydsl.fml.impl.IdentifierExprImpl@5ea81eb9 (eProxyURI: dummy:/example414637647.fml#//@cmds.4/@cmd/@left/@v)
DEBUG: convertion=1: "fm4" ; 
"fm4": "A3" "A2" A ; 
"A3": "D3"? "B3" "C3" ; 
"A2": "C2" "D2"? "B2" ; 
A: C B D? ; 
"D3": ("E3"|"F3"|"G3")+ ; 
"C3": ("I3"|"J3")+ ; 
"C2": ("J2"|"I2") ; 
"D2": ("G2"|"E2"|"F2")+ ; 
C: (I|J)+ ; 
D: (E|G|F) ; 

DEBUG: evaluating FM to convert: org.xtext.example.mydsl.fml.impl.IdentifierExprImpl@679b9eef (eProxyURI: dummy:/example414637647.fml#//@cmds.5/@cmd/@left/@v)
DEBUG: convertion=//Generated by FAMILIAR
fm4 : A A2 A3 :: _fm4 ;

A : B [D] C+ :: _A ;

D : E
	| G
	| F ;

C : I
	| J ;

A2 : C2 B2 D2* :: _A2 ;

C2 : J2
	| I2 ;

D2 : G2
	| E2
	| F2 ;

A3 : C3+ B3 D3* :: _A3 ;

C3 : I3
	| J3 ;

D3 : E3
	| F3
	| G3 ;


]]></system-out>
    <system-err><![CDATA[fm4=C; D2; fm4; J; I2; G; C3; C2; A3; D; F3; G3; B3; [BOT] 0; A; E3; G2; E; [TOP] 1; B2; J3; D3; I3; B; I; E2; J2; F2; F; A2; 
[A2]->fm4:1; [C3]->A3:2; [E2]->D2:1; [F]->D:1; [B3]->A3:2; [B]->A:2; [F3]->D3:1; [E, G, F]->D:16; [C2]->A2:1; [D]->A:1; [A]->fm4:1; [J3]->C3:1; [A3]->fm4:1; [C]->A:2; [I, J]->C:8; [J2, I2]->C2:16; [G2, E2, F2]->D2:8; [C2]->A2:2; [B]->A:1; [C3]->A3:1; [A]->fm4:2; [D3]->A3:1; [I]->C:1; [fm4]->[TOP] 1:1; [I2]->C2:1; [B2]->A2:1; [I3]->C3:1; [A2]->fm4:2; [G3]->D3:1; [B2]->A2:2; [J2]->C2:1; [F2]->D2:1; [G]->D:1; [E3]->D3:1; [E]->D:1; [B3]->A3:1; [E3, F3, G3]->D3:8; [A3]->fm4:2; [fm4]->[TOP] 1:2; [G2]->D2:1; [C]->A:1; [J]->C:1; [D2]->A2:1; [I3, J3]->C3:8; 
s4=1: "fm4" ; 
"fm4": "A3" "A2" A ; 
"A3": "D3"? "B3" "C3" ; 
"A2": "C2" "D2"? "B2" ; 
A: C B D? ; 
"D3": ("E3"|"F3"|"G3")+ ; 
"C3": ("I3"|"J3")+ ; 
"C2": ("J2"|"I2") ; 
"D2": ("G2"|"E2"|"F2")+ ; 
C: (I|J)+ ; 
D: (E|G|F) ; 

s4ide=//Generated by FAMILIAR
fm4 : A A2 A3 :: _fm4 ;

A : B [D] C+ :: _A ;

D : E
	| G
	| F ;

C : I
	| J ;

A2 : C2 B2 D2* :: _A2 ;

C2 : J2
	| I2 ;

D2 : G2
	| E2
	| F2 ;

A3 : C3+ B3 D3* :: _A3 ;

C3 : I3
	| J3 ;

D3 : E3
	| F3
	| G3 ;


]]></system-err>
  </testcase>
  <testcase name="testFeatureIDE2" classname="fr.familiar.featureide.FMLConverterTest" time="0.012">
    <system-out><![CDATA[DEBUG: (Info cmd) fm1 = FM (A : B C [D]; D : (E|F|G); C : (I|J)+; )
fm2 = FM (A : B C [D]; D : (E|F|G)+; C : (I|J) ; )
fm3 = FM (A : B C [D]; D : (E|F|G)+; C : (I|J)+ ; )
fm4 = merge sunion { fm1 fm2 fm3 }
s4 = convert fm4 into fmcalc
s4ide = convert fm4 into featureide
DEBUG: evaluating FM to convert: org.xtext.example.mydsl.fml.impl.IdentifierExprImpl@1db19522 (eProxyURI: dummy:/example1680251590.fml#//@cmds.4/@cmd/@left/@v)
DEBUG: convertion=1: A ; 
A: C B D? ; 
C: (I|J)+ ; 
D: (E|G|F)+ ; 

DEBUG: evaluating FM to convert: org.xtext.example.mydsl.fml.impl.IdentifierExprImpl@17b31e55 (eProxyURI: dummy:/example1680251590.fml#//@cmds.5/@cmd/@left/@v)
DEBUG: convertion=//Generated by FAMILIAR
A : C+ B D* :: _A ;

C : I
	| J ;

D : E
	| G
	| F ;


]]></system-out>
    <system-err><![CDATA[fm4=C; B; D; I; J; [BOT] 0; E; [TOP] 1; G; F; A; 
[C]->A:2; [J]->C:1; [G]->D:1; [E]->D:1; [I]->C:1; [A]->[TOP] 1:2; [B]->A:2; [F]->D:1; [E, G, F]->D:8; [I, J]->C:8; [C]->A:1; [A]->[TOP] 1:1; [B]->A:1; [D]->A:1; 
s4=1: A ; 
A: C B D? ; 
C: (I|J)+ ; 
D: (E|G|F)+ ; 

s4ide=//Generated by FAMILIAR
A : C+ B D* :: _A ;

C : I
	| J ;

D : E
	| G
	| F ;


]]></system-err>
  </testcase>
  <testcase name="testFeatureIDE3" classname="fr.familiar.featureide.FMLConverterTest" time="0.008">
    <system-out><![CDATA[DEBUG: (Info cmd) fm1 = FM (OSMobile: Client Marque Truc Developpeur ID ; Client: (Bon_Signal_Client|Cher_Client)+ [Bonne_Batterie_Client] ; Marque: (Apple|Google) ; Truc: [Thing2_Truc] ; Developpeur: (Code_Ouvert_Developpeur|Appli_Rentable_Developpeur)+ [API_Consequente_Developpeur] ; ID: (Android|Iphone) ; API_Consequente_Developpeur: [Open_Source] ; (Iphone -> Apple);(Apple -> Iphone);(true -> ID);(Client -> (Bonne_Batterie_Client | Bon_Signal_Client));(Android -> Open_Source);(Iphone -> Appli_Rentable_Developpeur);(Open_Source -> Android);(Developpeur -> (API_Consequente_Developpeur | Appli_Rentable_Developpeur));(Google -> Android);(Google -> Open_Source);(Open_Source -> Code_Ouvert_Developpeur);(Iphone -> Bonne_Batterie_Client);(Open_Source -> Google);(Android -> Google);(Open_Source -> Bon_Signal_Client);(Iphone -> Cher_Client);(Open_Source -> Thing2_Truc);)
s1 = convert fm1 into featureide
DEBUG: evaluating FM to convert: org.xtext.example.mydsl.fml.impl.IdentifierExprImpl@29ef9afd (eProxyURI: dummy:/example1678018832.fml#//@cmds.1/@cmd/@left/@v)
DEBUG: convertion=//Generated by FAMILIAR
OSMobile : Marque Client Truc Developpeur ID :: _OSMobile ;

Marque : Apple
	| Google ;

Client : [Bonne_Batterie_Client] synth1341840530Or+ :: _Client ;

synth1341840530Or : Bon_Signal_Client
	| Cher_Client ;

Truc : [Thing2_Truc] :: _Truc ;

Developpeur : [API_Consequente_Developpeur] synth2077230243Or+ :: _Developpeur ;

API_Consequente_Developpeur : [Open_Source] :: _API_Consequente_Developpeur ;

synth2077230243Or : Code_Ouvert_Developpeur
	| Appli_Rentable_Developpeur ;

ID : Iphone
	| Android ;

%%

Open_Source implies Android ;
Developpeur implies API_Consequente_Developpeur or Appli_Rentable_Developpeur ;
Client implies Bonne_Batterie_Client or Bon_Signal_Client ;
Android implies Open_Source ;
Iphone implies Bonne_Batterie_Client ;
Iphone implies Apple ;
Iphone implies Appli_Rentable_Developpeur ;
Open_Source implies Thing2_Truc ;
Open_Source implies Google ;
Android implies Google ;
Iphone implies Cher_Client ;
Apple implies Iphone ;
Open_Source implies Code_Ouvert_Developpeur ;
OSMobile implies ID ;
Google implies Android ;
Open_Source implies Bon_Signal_Client ;
Google implies Open_Source ;


]]></system-out>
    <system-err><![CDATA[fm1=API_Consequente_Developpeur; Iphone; Apple; Truc; Client; Thing2_Truc; OSMobile; Marque; [TOP] 1; Cher_Client; ID; Code_Ouvert_Developpeur; Open_Source; Developpeur; Bon_Signal_Client; Bonne_Batterie_Client; Appli_Rentable_Developpeur; [BOT] 0; Google; Android; 
[Client]->OSMobile:1; [Bonne_Batterie_Client]->Client:1; [Apple]->Marque:1; [Marque]->OSMobile:2; [Developpeur]->OSMobile:1; [Bon_Signal_Client]->Client:1; [Client]->OSMobile:2; [Code_Ouvert_Developpeur, Appli_Rentable_Developpeur]->Developpeur:8; [Truc]->OSMobile:2; [Bon_Signal_Client, Cher_Client]->Client:8; [Android]->ID:1; [Iphone, Android]->ID:16; [Marque]->OSMobile:1; [Code_Ouvert_Developpeur]->Developpeur:1; [OSMobile]->[TOP] 1:1; [Truc]->OSMobile:1; [API_Consequente_Developpeur]->Developpeur:1; [Iphone]->ID:1; [Apple, Google]->Marque:16; [OSMobile]->[TOP] 1:2; [Appli_Rentable_Developpeur]->Developpeur:1; [Cher_Client]->Client:1; [ID]->OSMobile:1; [Developpeur]->OSMobile:2; [Thing2_Truc]->Truc:1; [ID]->OSMobile:2; [Google]->Marque:1; [Open_Source]->API_Consequente_Developpeur:1; 
s1=//Generated by FAMILIAR
OSMobile : Marque Client Truc Developpeur ID :: _OSMobile ;

Marque : Apple
	| Google ;

Client : [Bonne_Batterie_Client] synth1341840530Or+ :: _Client ;

synth1341840530Or : Bon_Signal_Client
	| Cher_Client ;

Truc : [Thing2_Truc] :: _Truc ;

Developpeur : [API_Consequente_Developpeur] synth2077230243Or+ :: _Developpeur ;

API_Consequente_Developpeur : [Open_Source] :: _API_Consequente_Developpeur ;

synth2077230243Or : Code_Ouvert_Developpeur
	| Appli_Rentable_Developpeur ;

ID : Iphone
	| Android ;

%%

Open_Source implies Android ;
Developpeur implies API_Consequente_Developpeur or Appli_Rentable_Developpeur ;
Client implies Bonne_Batterie_Client or Bon_Signal_Client ;
Android implies Open_Source ;
Iphone implies Bonne_Batterie_Client ;
Iphone implies Apple ;
Iphone implies Appli_Rentable_Developpeur ;
Open_Source implies Thing2_Truc ;
Open_Source implies Google ;
Android implies Google ;
Iphone implies Cher_Client ;
Apple implies Iphone ;
Open_Source implies Code_Ouvert_Developpeur ;
OSMobile implies ID ;
Google implies Android ;
Open_Source implies Bon_Signal_Client ;
Google implies Open_Source ;


]]></system-err>
  </testcase>
  <testcase name="testSPLOT1" classname="fr.familiar.featureide.FMLConverterTest" time="0.027">
    <system-out><![CDATA[DEBUG: (Info cmd) fm1 = FM (A: B C [D]; D : (H|I|J) ; )
fm1c = convert fm1 into SPLOT
serialize fm1 into SPLOT
DEBUG: evaluating FM to convert: org.xtext.example.mydsl.fml.impl.IdentifierExprImpl@41034c9 (eProxyURI: dummy:/example67166739.fml#//@cmds.1/@cmd/@left/@v)
DEBUG: convertion=<feature_model name="fm1">
    <meta>
        <data name="description"/>
        <data name="creator"/>
        <data name="address"/>
        <data name="email"/>
        <data name="phone"/>
        <data name="website"/>
        <data name="organization"/>
        <data name="department"/>
        <data name="date"/>
        <data name="reference"/>
    </meta>
    <feature_tree>
:r A(_r0)
	:m B(_r1)
	:m C(_r2)
	:o D(_r3)
		:g [1,1]
			: H(_r4)
			: I(_r5)
			: J(_r6)
</feature_tree>
    <constraints>
</constraints>
</feature_model>

DEBUG: convertion=<feature_model name="fm1">
    <meta>
        <data name="description"/>
        <data name="creator"/>
        <data name="address"/>
        <data name="email"/>
        <data name="phone"/>
        <data name="website"/>
        <data name="organization"/>
        <data name="department"/>
        <data name="date"/>
        <data name="reference"/>
    </meta>
    <feature_tree>
:r A(_r0)
	:m B(_r1)
	:m C(_r2)
	:o D(_r3)
		:g [1,1]
			: H(_r4)
			: I(_r5)
			: J(_r6)
</feature_tree>
    <constraints>
</constraints>
</feature_model>

]]></system-out>
    <system-err><![CDATA[fm1xml=<feature_model name="fm1">
    <meta>
        <data name="description"/>
        <data name="creator"/>
        <data name="address"/>
        <data name="email"/>
        <data name="phone"/>
        <data name="website"/>
        <data name="organization"/>
        <data name="department"/>
        <data name="date"/>
        <data name="reference"/>
    </meta>
    <feature_tree>
:r A(_r0)
	:m B(_r1)
	:m C(_r2)
	:o D(_r3)
		:g [1,1]
			: H(_r4)
			: I(_r5)
			: J(_r6)
</feature_tree>
    <constraints>
</constraints>
</feature_model>

]]></system-err>
  </testcase>
  <testcase name="testSPLOT2" classname="fr.familiar.featureide.FMLConverterTest" time="0.173">
    <system-out><![CDATA[DEBUG: (Info cmd) laptop = FM (Laptop: Screen CPU RAM CG HDD Battery Connectivity [Warranty] ; Screen: (s12|s15|s17) ; CPU: (LowTDP|HighTDP) ; LowTDP: (Atom270|AtomZ320) ; HighTDP: (Core2T6600|Core2P7350) ; RAM: (Kingstom2Go666|Kingstom4Go666|Corsair4Go1030) ; CG: (Integrated|Standalone) ; Integrated: GMA ; Standalone: (Nvidia8400M|Nvdia8600M|Nvidia3670|Nvidia9400M) ; HDD: (WD160Go5400tr|WD500Go) ; WD500Go: (S5400tr|S7200tr) ; Battery: (cells6|cells9) ; Connectivity: Wifi [Bluetooth] USB ; USB: (USB2|USB3)+ ; Wifi: (ABG|N) ; Warranty: (year2theft|year3theft) ; (Standalone -> HighTDP); (LowTDP -> !Standalone); )
claptop = convert laptop into SPLOT
serialize laptop into SPLOT

DEBUG: evaluating FM to convert: org.xtext.example.mydsl.fml.impl.IdentifierExprImpl@46efc077 (eProxyURI: dummy:/example1369430438.fml#//@cmds.1/@cmd/@left/@v)
DEBUG: convertion=<feature_model name="laptop">
    <meta>
        <data name="description"/>
        <data name="creator"/>
        <data name="address"/>
        <data name="email"/>
        <data name="phone"/>
        <data name="website"/>
        <data name="organization"/>
        <data name="department"/>
        <data name="date"/>
        <data name="reference"/>
    </meta>
    <feature_tree>
:r Laptop(_r0)
	:m Screen(_r1)
		:g [1,1]
			: s17(_r2)
			: s12(_r3)
			: s15(_r4)
	:m CPU(_r5)
		:g [1,1]
			: HighTDP(_r6)
				:g [1,1]
					: Core2T6600(_r7)
					: Core2P7350(_r8)
			: LowTDP(_r9)
				:g [1,1]
					: AtomZ320(_r10)
					: Atom270(_r11)
	:m RAM(_r12)
		:g [1,1]
			: Kingstom2Go666(_r13)
			: Kingstom4Go666(_r14)
			: Corsair4Go1030(_r15)
	:m CG(_r16)
		:g [1,1]
			: Standalone(_r17)
				:g [1,1]
					: Nvdia8600M(_r18)
					: Nvidia3670(_r19)
					: Nvidia8400M(_r20)
					: Nvidia9400M(_r21)
			: Integrated(_r22)
				:m GMA(_r23)
	:m HDD(_r24)
		:g [1,1]
			: WD160Go5400tr(_r25)
			: WD500Go(_r26)
				:g [1,1]
					: S5400tr(_r27)
					: S7200tr(_r28)
	:m Battery(_r29)
		:g [1,1]
			: cells6(_r30)
			: cells9(_r31)
	:m Connectivity(_r32)
		:m Wifi(_r33)
			:g [1,1]
				: ABG(_r34)
				: N(_r35)
		:o Bluetooth(_r36)
		:m USB(_r37)
			:g [1,*]
				: USB3(_r38)
				: USB2(_r39)
	:o Warranty(_r40)
		:g [1,1]
			: year3theft(_r41)
			: year2theft(_r42)
</feature_tree>
    <constraints>
C0:~_r9 or ~_r17
C1:~_r17 or _r6
</constraints>
</feature_model>

DEBUG: convertion=<feature_model name="laptop">
    <meta>
        <data name="description"/>
        <data name="creator"/>
        <data name="address"/>
        <data name="email"/>
        <data name="phone"/>
        <data name="website"/>
        <data name="organization"/>
        <data name="department"/>
        <data name="date"/>
        <data name="reference"/>
    </meta>
    <feature_tree>
:r Laptop(_r0)
	:m Screen(_r1)
		:g [1,1]
			: s17(_r2)
			: s12(_r3)
			: s15(_r4)
	:m CPU(_r5)
		:g [1,1]
			: HighTDP(_r6)
				:g [1,1]
					: Core2T6600(_r7)
					: Core2P7350(_r8)
			: LowTDP(_r9)
				:g [1,1]
					: AtomZ320(_r10)
					: Atom270(_r11)
	:m RAM(_r12)
		:g [1,1]
			: Kingstom2Go666(_r13)
			: Kingstom4Go666(_r14)
			: Corsair4Go1030(_r15)
	:m CG(_r16)
		:g [1,1]
			: Standalone(_r17)
				:g [1,1]
					: Nvdia8600M(_r18)
					: Nvidia3670(_r19)
					: Nvidia8400M(_r20)
					: Nvidia9400M(_r21)
			: Integrated(_r22)
				:m GMA(_r23)
	:m HDD(_r24)
		:g [1,1]
			: WD160Go5400tr(_r25)
			: WD500Go(_r26)
				:g [1,1]
					: S5400tr(_r27)
					: S7200tr(_r28)
	:m Battery(_r29)
		:g [1,1]
			: cells6(_r30)
			: cells9(_r31)
	:m Connectivity(_r32)
		:m Wifi(_r33)
			:g [1,1]
				: ABG(_r34)
				: N(_r35)
		:o Bluetooth(_r36)
		:m USB(_r37)
			:g [1,*]
				: USB3(_r38)
				: USB2(_r39)
	:o Warranty(_r40)
		:g [1,1]
			: year3theft(_r41)
			: year2theft(_r42)
</feature_tree>
    <constraints>
C0:~_r9 or ~_r17
C1:~_r17 or _r6
</constraints>
</feature_model>

]]></system-out>
    <system-err><![CDATA[claptop=<feature_model name="laptop">
    <meta>
        <data name="description"/>
        <data name="creator"/>
        <data name="address"/>
        <data name="email"/>
        <data name="phone"/>
        <data name="website"/>
        <data name="organization"/>
        <data name="department"/>
        <data name="date"/>
        <data name="reference"/>
    </meta>
    <feature_tree>
:r Laptop(_r0)
	:m Screen(_r1)
		:g [1,1]
			: s17(_r2)
			: s12(_r3)
			: s15(_r4)
	:m CPU(_r5)
		:g [1,1]
			: HighTDP(_r6)
				:g [1,1]
					: Core2T6600(_r7)
					: Core2P7350(_r8)
			: LowTDP(_r9)
				:g [1,1]
					: AtomZ320(_r10)
					: Atom270(_r11)
	:m RAM(_r12)
		:g [1,1]
			: Kingstom2Go666(_r13)
			: Kingstom4Go666(_r14)
			: Corsair4Go1030(_r15)
	:m CG(_r16)
		:g [1,1]
			: Standalone(_r17)
				:g [1,1]
					: Nvdia8600M(_r18)
					: Nvidia3670(_r19)
					: Nvidia8400M(_r20)
					: Nvidia9400M(_r21)
			: Integrated(_r22)
				:m GMA(_r23)
	:m HDD(_r24)
		:g [1,1]
			: WD160Go5400tr(_r25)
			: WD500Go(_r26)
				:g [1,1]
					: S5400tr(_r27)
					: S7200tr(_r28)
	:m Battery(_r29)
		:g [1,1]
			: cells6(_r30)
			: cells9(_r31)
	:m Connectivity(_r32)
		:m Wifi(_r33)
			:g [1,1]
				: ABG(_r34)
				: N(_r35)
		:o Bluetooth(_r36)
		:m USB(_r37)
			:g [1,*]
				: USB3(_r38)
				: USB2(_r39)
	:o Warranty(_r40)
		:g [1,1]
			: year3theft(_r41)
			: year2theft(_r42)
</feature_tree>
    <constraints>
C0:~_r9 or ~_r17
C1:~_r17 or _r6
</constraints>
</feature_model>

]]></system-err>
  </testcase>
  <testcase name="testSPLOT3" classname="fr.familiar.featureide.FMLConverterTest" time="0.013">
    <error message="Cannot invoke &quot;fr.familiar.variable.FeatureModelVariable.getFm()&quot; because &quot;fmv&quot; is null" type="java.lang.NullPointerException"><![CDATA[java.lang.NullPointerException: Cannot invoke "fr.familiar.variable.FeatureModelVariable.getFm()" because "fmv" is null
	at fr.familiar.fm.converter.SPLOTConverter.<init>(SPLOTConverter.java:99)
	at fr.familiar.parser.ConvertAnalyzer.convert(ConvertAnalyzer.java:165)
	at fr.familiar.parser.ConvertAnalyzer.eval(ConvertAnalyzer.java:98)
	at fr.familiar.parser.FMLAbstractCommandAnalyzer.parse(FMLAbstractCommandAnalyzer.java:103)
	at fr.familiar.parser.FMLCommandInterpreter.parseStringCommand(FMLCommandInterpreter.java:2087)
	at fr.familiar.parser.FMLCommandInterpreter.parse(FMLCommandInterpreter.java:550)
	at fr.familiar.parser.FMLCommandInterpreter.parse(FMLCommandInterpreter.java:445)
	at fr.familiar.parser.FMLCommandInterpreter.parse(FMLCommandInterpreter.java:1035)
	at fr.familiar.parser.FMLCommandInterpreter.parse(FMLCommandInterpreter.java:950)
	at fr.familiar.parser.FMLCommandInterpreter.parse(FMLCommandInterpreter.java:817)
	at fr.familiar.parser.FMLCommandInterpreter.parseCommand(FMLCommandInterpreter.java:378)
	at fr.familiar.interpreter.FMLShell.parse(FMLShell.java:685)
	at fr.familiar.featureide.FMLConverterTest.testSPLOT3(FMLConverterTest.java:141)
	at java.base/jdk.internal.reflect.DirectMethodHandleAccessor.invoke(DirectMethodHandleAccessor.java:104)
	at java.base/java.lang.reflect.Method.invoke(Method.java:565)
	at org.junit.runners.model.FrameworkMethod$1.runReflectiveCall(FrameworkMethod.java:59)
	at org.junit.internal.runners.model.ReflectiveCallable.run(ReflectiveCallable.java:12)
	at org.junit.runners.model.FrameworkMethod.invokeExplosively(FrameworkMethod.java:56)
	at org.junit.internal.runners.statements.InvokeMethod.evaluate(InvokeMethod.java:17)
	at org.junit.internal.runners.statements.RunBefores.evaluate(RunBefores.java:26)
	at org.junit.internal.runners.statements.RunAfters.evaluate(RunAfters.java:27)
	at org.junit.runners.ParentRunner$3.evaluate(ParentRunner.java:306)
	at org.junit.runners.BlockJUnit4ClassRunner$1.evaluate(BlockJUnit4ClassRunner.java:100)
	at org.junit.runners.ParentRunner.runLeaf(ParentRunner.java:366)
	at org.junit.runners.BlockJUnit4ClassRunner.runChild(BlockJUnit4ClassRunner.java:103)
	at org.junit.runners.BlockJUnit4ClassRunner.runChild(BlockJUnit4ClassRunner.java:63)
	at org.junit.runners.ParentRunner$4.run(ParentRunner.java:331)
	at org.junit.runners.ParentRunner$1.schedule(ParentRunner.java:79)
	at org.junit.runners.ParentRunner.runChildren(ParentRunner.java:329)
	at org.junit.runners.ParentRunner.access$100(ParentRunner.java:66)
	at org.junit.runners.ParentRunner$2.evaluate(ParentRunner.java:293)
	at org.junit.runners.ParentRunner$3.evaluate(ParentRunner.java:306)
	at org.junit.runners.ParentRunner.run(ParentRunner.java:413)
	at org.apache.maven.surefire.junit4.JUnit4Provider.execute(JUnit4Provider.java:316)
	at org.apache.maven.surefire.junit4.JUnit4Provider.executeWithRerun(JUnit4Provider.java:240)
	at org.apache.maven.surefire.junit4.JUnit4Provider.executeTestSet(JUnit4Provider.java:214)
	at org.apache.maven.surefire.junit4.JUnit4Provider.invoke(JUnit4Provider.java:155)
	at java.base/jdk.internal.reflect.DirectMethodHandleAccessor.invoke(DirectMethodHandleAccessor.java:104)
	at java.base/java.lang.reflect.Method.invoke(Method.java:565)
	at org.apache.maven.surefire.api.util.ReflectionUtils.invokeMethodWithArray2(ReflectionUtils.java:137)
	at org.apache.maven.surefire.booter.ProviderFactory$ProviderProxy.invoke(ProviderFactory.java:148)
	at org.apache.maven.surefire.booter.ProviderFactory.invokeProvider(ProviderFactory.java:88)
	at org.eclipse.tycho.surefire.osgibooter.OsgiSurefireBooter.run(OsgiSurefireBooter.java:140)
	at org.eclipse.tycho.surefire.osgibooter.HeadlessTestApplication.start(HeadlessTestApplication.java:29)
	at org.eclipse.equinox.internal.app.EclipseAppHandle.run(EclipseAppHandle.java:203)
	at org.eclipse.core.runtime.internal.adaptor.EclipseAppLauncher.runApplication(EclipseAppLauncher.java:136)
	at org.eclipse.core.runtime.internal.adaptor.EclipseAppLauncher.start(EclipseAppLauncher.java:104)
	at org.eclipse.core.runtime.adaptor.EclipseStarter.run(EclipseStarter.java:402)
	at org.eclipse.core.runtime.adaptor.EclipseStarter.run(EclipseStarter.java:255)
	at java.base/jdk.internal.reflect.DirectMethodHandleAccessor.invoke(DirectMethodHandleAccessor.java:104)
	at java.base/java.lang.reflect.Method.invoke(Method.java:565)
	at org.eclipse.equinox.launcher.Main.invokeFramework(Main.java:659)
	at org.eclipse.equinox.launcher.Main.basicRun(Main.java:596)
	at org.eclipse.equinox.launcher.Main.run(Main.java:1467)
	at org.eclipse.equinox.launcher.Main.main(Main.java:1440)
]]></error>
    <system-out><![CDATA[DEBUG: (Info cmd) run "deployment.fml"
req = convert requirement into SPLOT
serialize requirement into SPLOT
serialize deploymentFM into SPLOT
DEBUG: loading script file deployment.fml
DEBUG: []
DEBUG: Unable to find the script variable deployment.fml
DEBUG: searching file deployment.fml
###########	 error: (org.xtext.example.mydsl.fml.impl.ComplexCommandImpl@1fbb8c0 (eProxyURI: dummy:/example2123374080.fml#//@cmds.0)) java.io.FileNotFoundException: deployment.fml
###########	 error: (org.xtext.example.mydsl.fml.impl.ComplexCommandImpl@1fbb8c0 (eProxyURI: dummy:/example2123374080.fml#//@cmds.0)) File deployment.fml not found.
DEBUG: evaluating FM to convert: org.xtext.example.mydsl.fml.impl.IdentifierExprImpl@34c467d0 (eProxyURI: dummy:/example2123374080.fml#//@cmds.1/@cmd/@left/@v)
###########	 error: (org.xtext.example.mydsl.fml.impl.ScriptCommandImpl@3f8e4419 (eProxyURI: dummy:/example2123374080.fml#//@cmds.1)) null
###########	 error: (org.xtext.example.mydsl.fml.impl.ScriptCommandImpl@3f8e4419 (eProxyURI: dummy:/example2123374080.fml#//@cmds.1)) NULL 
###########	 error: (org.xtext.example.mydsl.fml.impl.ScriptCommandImpl@3f8e4419 (eProxyURI: dummy:/example2123374080.fml#//@cmds.1)) Unable to parse the FM command (v=null)
###########	 error: (org.xtext.example.mydsl.fml.impl.ScriptCommandImpl@3f8e4419 (eProxyURI: dummy:/example2123374080.fml#//@cmds.1)) NULL 
]]></system-out>
  </testcase>
  <testcase name="testSPLOT4" classname="fr.familiar.featureide.FMLConverterTest" time="4.726">
    <system-err><![CDATA[Garbage collection #1: 2000003 nodes / 1523569 free / 0.023s / 0.023s total
Garbage collection #2: 2000003 nodes / 1236210 free / 0.015s / 0.038s total
Garbage collection #3: 2000003 nodes / 1193351 free / 0.011s / 0.049s total
Garbage collection #4: 2000003 nodes / 1201063 free / 0.011s / 0.06s total
Garbage collection #5: 2000003 nodes / 866312 free / 0.014s / 0.074s total
Garbage collection #6: 2000003 nodes / 977687 free / 0.014s / 0.088s total
Garbage collection #7: 2000003 nodes / 672834 free / 0.016s / 0.104s total
Garbage collection #8: 2000003 nodes / 1696923 free / 0.007s / 0.111s total
Garbage collection #9: 2000003 nodes / 1866673 free / 0.004s / 0.115s total
Garbage collection #10: 2000003 nodes / 1776488 free / 0.006s / 0.121s total
Garbage collection #11: 2000003 nodes / 1542865 free / 0.008s / 0.129s total
Garbage collection #12: 2000003 nodes / 1656117 free / 0.007s / 0.136s total
Garbage collection #13: 2000003 nodes / 1503399 free / 0.008s / 0.144s total
Garbage collection #14: 2000003 nodes / 1715674 free / 0.006s / 0.15s total
Garbage collection #1: 5000011 nodes / 4314163 free / 0.016s / 0.016s total
Garbage collection #2: 5000011 nodes / 4125338 free / 0.019s / 0.035s total
]]></system-err>
  </testcase>
</testsuite>