<?xml version="1.0" encoding="UTF-8"?>
<testsuite xmlns:xsi="http://www.w3.org/2001/XMLSchema-instance" xsi:noNamespaceSchemaLocation="https://maven.apache.org/surefire/maven-surefire-plugin/xsd/surefire-test-report.xsd" version="3.0" name="fr.familiar.featureide.FMLConverterFeatureIDETest" time="0.292" tests="33" errors="0" skipped="0" failures="5">
  <properties>
[...]
</properties>
  <testcase name="testConverter1[0]" classname="fr.familiar.featureide.FMLConverterFeatureIDETest" time="0.015">
    <failure message="A : [D] B C :: _A;&#10;%%&#10;&#10;D implies not C ; vs A : C B [D] :: _A;&#10;%%&#10;&#10;D implies not  C ;" type="java.lang.AssertionError"><![CDATA[java.lang.AssertionError: 
A : [D] B C :: _A;
%%

D implies not C ; vs A : C B [D] :: _A;
%%

D implies not  C ;
	at org.junit.Assert.fail(Assert.java:89)
	at org.junit.Assert.assertTrue(Assert.java:42)
	at fr.familiar.featureide.FMLConverterFeatureIDETest.assertMyStringEquals(FMLConverterFeatureIDETest.java:136)
	at fr.familiar.featureide.FMLConverterFeatureIDETest.testConverter1(FMLConverterFeatureIDETest.java:124)
	at java.base/jdk.internal.reflect.DirectMethodHandleAccessor.invoke(DirectMethodHandleAccessor.java:104)
	at java.base/java.lang.reflect.Method.invoke(Method.java:565)
	at org.junit.runners.model.FrameworkMethod$1.runReflectiveCall(FrameworkMethod.java:59)
	at org.junit.internal.runners.model.ReflectiveCallable.run(ReflectiveCallable.java:12)
	at org.junit.runners.model.FrameworkMethod.invokeExplosively(FrameworkMethod.java:56)
	at org.junit.internal.runners.statements.InvokeMethod.evaluate(InvokeMethod.java:17)
	at org.junit.internal.runners.statements.RunBefores.evaluate(RunBefores.java:26)
	at org.junit.internal.runners.statements.RunAfters.evaluate(RunAfters.java:27)
	at org.junit.runners.ParentRunner$3.evaluate(ParentRunner.java:306)
	at org.junit.runners.BlockJUnit4ClassRunner$1.evaluate(BlockJUnit4ClassRunner.java:100)
	at org.junit.runners.ParentRunner.runLeaf(ParentRunner.java:366)
	at org.junit.runners.BlockJUnit4ClassRunner.runChild(BlockJUnit4ClassRunner.java:103)
	at org.junit.runners.BlockJUnit4ClassRunner.runChild(BlockJUnit4ClassRunner.java:63)
	at org.junit.runners.ParentRunner$4.run(ParentRunner.java:331)
	at org.junit.runners.ParentRunner$1.schedule(ParentRunner.java:79)
	at org.junit.runners.ParentRunner.runChildren(ParentRunner.java:329)
	at org.junit.runners.ParentRunner.access$100(ParentRunner.java:66)
	at org.junit.runners.ParentRunner$2.evaluate(ParentRunner.java:293)
	at org.junit.runners.ParentRunner.run(ParentRunner.java:413)
	at org.junit.runners.Suite.runChild(Suite.java:128)
	at org.junit.runners.Suite.runChild(Suite.java:27)
	at org.junit.runners.ParentRunner$4.run(ParentRunner.java:331)
	at org.junit.runners.ParentRunner$1.schedule(ParentRunner.java:79)
	at org.junit.runners.ParentRunner.runChildren(ParentRunner.java:329)
	at org.junit.runners.ParentRunner.access$100(ParentRunner.java:66)
	at org.junit.runners.ParentRunner$2.evaluate(ParentRunner.java:293)
	at org.junit.runners.ParentRunner$3.evaluate(ParentRunner.java:306)
	at org.junit.runners.ParentRunner.run(ParentRunner.java:413)
	at org.apache.maven.surefire.junit4.JUnit4Provider.execute(JUnit4Provider.java:316)
	at org.apache.maven.surefire.junit4.JUnit4Provider.executeWithRerun(JUnit4Provider.java:240)
	at org.apache.maven.surefire.junit4.JUnit4Provider.executeTestSet(JUnit4Provider.java:214)
	at org.apache.maven.surefire.junit4.JUnit4Provider.invoke(JUnit4Provider.java:155)
	at java.base/jdk.internal.reflect.DirectMethodHandleAccessor.invoke(DirectMethodHandleAccessor.java:104)
	at java.base/java.lang.reflect.Method.invoke(Method.java:565)
	at org.apache.maven.surefire.api.util.ReflectionUtils.invokeMethodWithArray2(ReflectionUtils.java:137)
	at org.apache.maven.surefire.booter.ProviderFactory$ProviderProxy.invoke(ProviderFactory.java:148)
	at org.apache.maven.surefire.booter.ProviderFactory.invokeProvider(ProviderFactory.java:88)
	at org.eclipse.tycho.surefire.osgibooter.OsgiSurefireBooter.run(OsgiSurefireBooter.java:140)
	at org.eclipse.tycho.surefire.osgibooter.HeadlessTestApplication.start(HeadlessTestApplication.java:29)
	at org.eclipse.equinox.internal.app.EclipseAppHandle.run(EclipseAppHandle.java:203)
	at org.eclipse.core.runtime.internal.adaptor.EclipseAppLauncher.runApplication(EclipseAppLauncher.java:136)
	at org.eclipse.core.runtime.internal.adaptor.EclipseAppLauncher.start(EclipseAppLauncher.java:104)
	at org.eclipse.core.runtime.adaptor.EclipseStarter.run(EclipseStarter.java:402)
	at org.eclipse.core.runtime.adaptor.EclipseStarter.run(EclipseStarter.java:255)
	at java.base/jdk.internal.reflect.DirectMethodHandleAccessor.invoke(DirectMethodHandleAccessor.java:104)
	at java.base/java.lang.reflect.Method.invoke(Method.java:565)
	at org.eclipse.equinox.launcher.Main.invokeFramework(Main.java:659)
	at org.eclipse.equinox.launcher.Main.basicRun(Main.java:596)
	at org.eclipse.equinox.launcher.Main.run(Main.java:1467)
	at org.eclipse.equinox.launcher.Main.main(Main.java:1440)
]]></failure>
    <system-out><![CDATA[DEBUG: (Info cmd) fm1 =FM (A: B C [D] ; (D -> !C); )
]]></system-out>
  </testcase>
  <testcase name="testConverter2[0]" classname="fr.familiar.featureide.FMLConverterFeatureIDETest" time="0.01"/>
  <testcase name="testConverter3[0]" classname="fr.familiar.featureide.FMLConverterFeatureIDETest" time="0.008">
    <system-err><![CDATA[fmide=A and [ O D M B M C ] D implies not  C 
fmide=A : [D] B C :: _A ;

%%

D implies not  C ;


fmactual=A and [ O D M C M B ] D implies not  C 
fmactual=A : [D] C B :: _A ;

%%

D implies not  C ;


ft=A true
ft=B false
ft=C false
ft=D false



ft=A true
ft=B false
ft=C false
ft=D false
]]></system-err>
  </testcase>
  <testcase name="testConverter1[1]" classname="fr.familiar.featureide.FMLConverterFeatureIDETest" time="0.009">
    <system-out><![CDATA[DEBUG: (Info cmd) fm1 =FM (ZZZ: [B] [C] [E] ; (E -> C); )
]]></system-out>
  </testcase>
  <testcase name="testConverter2[1]" classname="fr.familiar.featureide.FMLConverterFeatureIDETest" time="0.014"/>
  <testcase name="testConverter3[1]" classname="fr.familiar.featureide.FMLConverterFeatureIDETest" time="0.009">
    <system-err><![CDATA[fmide=ZZZ and [ O B O E O C ] E implies C 
fmide=ZZZ : [B] [E] [C] :: _ZZZ ;

%%

E implies C ;


fmactual=ZZZ and [ O E O C O B ] E implies C 
fmactual=ZZZ : [E] [C] [B] :: _ZZZ ;

%%

E implies C ;


ft=B false
ft=C false
ft=E false
ft=ZZZ true



ft=B false
ft=C false
ft=E false
ft=ZZZ true
]]></system-err>
  </testcase>
  <testcase name="testConverter1[2]" classname="fr.familiar.featureide.FMLConverterFeatureIDETest" time="0.007">
    <system-out><![CDATA[DEBUG: (Info cmd) fm1 =FM (ZZZ: [B] [C] [E] ; B : I J [K] ; (E -> C); )
]]></system-out>
  </testcase>
  <testcase name="testConverter2[2]" classname="fr.familiar.featureide.FMLConverterFeatureIDETest" time="0.01"/>
  <testcase name="testConverter3[2]" classname="fr.familiar.featureide.FMLConverterFeatureIDETest" time="0.01">
    <system-err><![CDATA[fmide=ZZZ and [ O B and [ M J M I O K ]  O E O C ] E implies C 
fmide=ZZZ : [B] [E] [C] :: _ZZZ ;

B : J I [K] :: _B ;

%%

E implies C ;


fmactual=ZZZ and [ O C O B and [ M J M I O K ]  O E ] E implies C 
fmactual=ZZZ : [C] [B] [E] :: _ZZZ ;

B : J I [K] :: _B ;

%%

E implies C ;


ft=B true
ft=C false
ft=E false
ft=I false
ft=J false
ft=ZZZ true
ft=K false



ft=B true
ft=C false
ft=E false
ft=I false
ft=J false
ft=ZZZ true
ft=K false
]]></system-err>
  </testcase>
  <testcase name="testConverter1[3]" classname="fr.familiar.featureide.FMLConverterFeatureIDETest" time="0.007">
    <system-out><![CDATA[DEBUG: (Info cmd) fm1 =FM (ZZZ: B [C] [E] ; B : I J [K] ; C : [X] Y; (E -> C); )
]]></system-out>
  </testcase>
  <testcase name="testConverter2[3]" classname="fr.familiar.featureide.FMLConverterFeatureIDETest" time="0.009"/>
  <testcase name="testConverter3[3]" classname="fr.familiar.featureide.FMLConverterFeatureIDETest" time="0.008">
    <system-err><![CDATA[fmide=ZZZ and [ M B and [ M J M I O K ]  O E O C and [ O X M Y ]  ] E implies C 
fmide=ZZZ : B [E] [C] :: _ZZZ ;

B : J I [K] :: _B ;

C : [X] Y :: _C ;

%%

E implies C ;


fmactual=ZZZ and [ M B and [ M I O K M J ]  O C and [ O X M Y ]  O E ] E implies C 
fmactual=ZZZ : B [C] [E] :: _ZZZ ;

B : I [K] J :: _B ;

C : [X] Y :: _C ;

%%

E implies C ;


ft=B true
ft=C true
ft=E false
ft=X false
ft=I false
ft=Y false
ft=J false
ft=ZZZ true
ft=K false



ft=B true
ft=C true
ft=E false
ft=X false
ft=I false
ft=Y false
ft=J false
ft=ZZZ true
ft=K false
]]></system-err>
  </testcase>
  <testcase name="testConverter1[4]" classname="fr.familiar.featureide.FMLConverterFeatureIDETest" time="0.008">
    <system-out><![CDATA[DEBUG: (Info cmd) fm1 =FM (A: B C [E] ; B: (F|G|H)+ ; )
]]></system-out>
  </testcase>
  <testcase name="testConverter2[4]" classname="fr.familiar.featureide.FMLConverterFeatureIDETest" time="0.009"/>
  <testcase name="testConverter3[4]" classname="fr.familiar.featureide.FMLConverterFeatureIDETest" time="0.008">
    <system-err><![CDATA[fmide=A and [ M B or [ H G F ]  O E M C ] 
fmide=A : B+ [E] C :: _A ;

B : H
	| G
	| F ;


fmactual=A and [ M C O E M B or [ H G F ]  ] 
fmactual=A : C [E] B+ :: _A ;

B : H
	| G
	| F ;


ft=A true
ft=B true
ft=C false
ft=E false
ft=F false
ft=G false
ft=H false



ft=A true
ft=B true
ft=C false
ft=E false
ft=F false
ft=G false
ft=H false
]]></system-err>
  </testcase>
  <testcase name="testConverter1[5]" classname="fr.familiar.featureide.FMLConverterFeatureIDETest" time="0.009">
    <failure message="A : B [E] C+ :: _A;&#10;B : J | I ;&#10;C : H | G | F ;&#10;%%&#10;&#10;F implies not E ; vs A : C+ B [E] :: _A;&#10;C : H | G | F ;&#10;B : I | J ;&#10;%%&#10;&#10;F implies not  E ;" type="java.lang.AssertionError"><![CDATA[java.lang.AssertionError: 
A : B [E] C+ :: _A;
B : J | I ;
C : H | G | F ;
%%

F implies not E ; vs A : C+ B [E] :: _A;
C : H | G | F ;
B : I | J ;
%%

F implies not  E ;
	at org.junit.Assert.fail(Assert.java:89)
	at org.junit.Assert.assertTrue(Assert.java:42)
	at fr.familiar.featureide.FMLConverterFeatureIDETest.assertMyStringEquals(FMLConverterFeatureIDETest.java:136)
	at fr.familiar.featureide.FMLConverterFeatureIDETest.testConverter1(FMLConverterFeatureIDETest.java:124)
	at java.base/jdk.internal.reflect.DirectMethodHandleAccessor.invoke(DirectMethodHandleAccessor.java:104)
	at java.base/java.lang.reflect.Method.invoke(Method.java:565)
	at org.junit.runners.model.FrameworkMethod$1.runReflectiveCall(FrameworkMethod.java:59)
	at org.junit.internal.runners.model.ReflectiveCallable.run(ReflectiveCallable.java:12)
	at org.junit.runners.model.FrameworkMethod.invokeExplosively(FrameworkMethod.java:56)
	at org.junit.internal.runners.statements.InvokeMethod.evaluate(InvokeMethod.java:17)
	at org.junit.internal.runners.statements.RunBefores.evaluate(RunBefores.java:26)
	at org.junit.internal.runners.statements.RunAfters.evaluate(RunAfters.java:27)
	at org.junit.runners.ParentRunner$3.evaluate(ParentRunner.java:306)
	at org.junit.runners.BlockJUnit4ClassRunner$1.evaluate(BlockJUnit4ClassRunner.java:100)
	at org.junit.runners.ParentRunner.runLeaf(ParentRunner.java:366)
	at org.junit.runners.BlockJUnit4ClassRunner.runChild(BlockJUnit4ClassRunner.java:103)
	at org.junit.runners.BlockJUnit4ClassRunner.runChild(BlockJUnit4ClassRunner.java:63)
	at org.junit.runners.ParentRunner$4.run(ParentRunner.java:331)
	at org.junit.runners.ParentRunner$1.schedule(ParentRunner.java:79)
	at org.junit.runners.ParentRunner.runChildren(ParentRunner.java:329)
	at org.junit.runners.ParentRunner.access$100(ParentRunner.java:66)
	at org.junit.runners.ParentRunner$2.evaluate(ParentRunner.java:293)
	at org.junit.runners.ParentRunner.run(ParentRunner.java:413)
	at org.junit.runners.Suite.runChild(Suite.java:128)
	at org.junit.runners.Suite.runChild(Suite.java:27)
	at org.junit.runners.ParentRunner$4.run(ParentRunner.java:331)
	at org.junit.runners.ParentRunner$1.schedule(ParentRunner.java:79)
	at org.junit.runners.ParentRunner.runChildren(ParentRunner.java:329)
	at org.junit.runners.ParentRunner.access$100(ParentRunner.java:66)
	at org.junit.runners.ParentRunner$2.evaluate(ParentRunner.java:293)
	at org.junit.runners.ParentRunner$3.evaluate(ParentRunner.java:306)
	at org.junit.runners.ParentRunner.run(ParentRunner.java:413)
	at org.apache.maven.surefire.junit4.JUnit4Provider.execute(JUnit4Provider.java:316)
	at org.apache.maven.surefire.junit4.JUnit4Provider.executeWithRerun(JUnit4Provider.java:240)
	at org.apache.maven.surefire.junit4.JUnit4Provider.executeTestSet(JUnit4Provider.java:214)
	at org.apache.maven.surefire.junit4.JUnit4Provider.invoke(JUnit4Provider.java:155)
	at java.base/jdk.internal.reflect.DirectMethodHandleAccessor.invoke(DirectMethodHandleAccessor.java:104)
	at java.base/java.lang.reflect.Method.invoke(Method.java:565)
	at org.apache.maven.surefire.api.util.ReflectionUtils.invokeMethodWithArray2(ReflectionUtils.java:137)
	at org.apache.maven.surefire.booter.ProviderFactory$ProviderProxy.invoke(ProviderFactory.java:148)
	at org.apache.maven.surefire.booter.ProviderFactory.invokeProvider(ProviderFactory.java:88)
	at org.eclipse.tycho.surefire.osgibooter.OsgiSurefireBooter.run(OsgiSurefireBooter.java:140)
	at org.eclipse.tycho.surefire.osgibooter.HeadlessTestApplication.start(HeadlessTestApplication.java:29)
	at org.eclipse.equinox.internal.app.EclipseAppHandle.run(EclipseAppHandle.java:203)
	at org.eclipse.core.runtime.internal.adaptor.EclipseAppLauncher.runApplication(EclipseAppLauncher.java:136)
	at org.eclipse.core.runtime.internal.adaptor.EclipseAppLauncher.start(EclipseAppLauncher.java:104)
	at org.eclipse.core.runtime.adaptor.EclipseStarter.run(EclipseStarter.java:402)
	at org.eclipse.core.runtime.adaptor.EclipseStarter.run(EclipseStarter.java:255)
	at java.base/jdk.internal.reflect.DirectMethodHandleAccessor.invoke(DirectMethodHandleAccessor.java:104)
	at java.base/java.lang.reflect.Method.invoke(Method.java:565)
	at org.eclipse.equinox.launcher.Main.invokeFramework(Main.java:659)
	at org.eclipse.equinox.launcher.Main.basicRun(Main.java:596)
	at org.eclipse.equinox.launcher.Main.run(Main.java:1467)
	at org.eclipse.equinox.launcher.Main.main(Main.java:1440)
]]></failure>
    <system-out><![CDATA[DEBUG: (Info cmd) fm1 =FM (A: B C [E] ; C: (F|G|H)+ ; B : (I|J) ; (F -> !E); )
]]></system-out>
  </testcase>
  <testcase name="testConverter2[5]" classname="fr.familiar.featureide.FMLConverterFeatureIDETest" time="0.01"/>
  <testcase name="testConverter3[5]" classname="fr.familiar.featureide.FMLConverterFeatureIDETest" time="0.01">
    <system-err><![CDATA[fmide=A and [ M B alt [ J I ]  O E M C or [ H G F ]  ] F implies not  E 
fmide=A : B [E] C+ :: _A ;

B : J
	| I ;

C : H
	| G
	| F ;

%%

F implies not  E ;


fmactual=A and [ M B alt [ I J ]  M C or [ H G F ]  O E ] F implies not  E 
fmactual=A : B C+ [E] :: _A ;

B : I
	| J ;

C : H
	| G
	| F ;

%%

F implies not  E ;


ft=A true
ft=B true
ft=C true
ft=E false
ft=F false
ft=G false
ft=H false
ft=I false
ft=J false



ft=A true
ft=B true
ft=C true
ft=E false
ft=F false
ft=G false
ft=H false
ft=I false
ft=J false
]]></system-err>
  </testcase>
  <testcase name="testConverter1[6]" classname="fr.familiar.featureide.FMLConverterFeatureIDETest" time="0.009">
    <system-out><![CDATA[DEBUG: (Info cmd) fm1 =FM (A : Z X Y [B] [C] [D]; C : (E|F|G)+ ; D : (H|I|J|K)+; )
]]></system-out>
  </testcase>
  <testcase name="testConverter2[6]" classname="fr.familiar.featureide.FMLConverterFeatureIDETest" time="0.01"/>
  <testcase name="testConverter3[6]" classname="fr.familiar.featureide.FMLConverterFeatureIDETest" time="0.008">
    <system-err><![CDATA[fmide=A and [ O D or [ J I H K ]  M X O B M Y M Z O C or [ E G F ]  ] 
fmide=A : D* X [B] Y Z C* :: _A ;

D : J
	| I
	| H
	| K ;

C : E
	| G
	| F ;


fmactual=A and [ O D or [ H I K J ]  M Z M X O B O C or [ E G F ]  M Y ] 
fmactual=A : D* Z X [B] C* Y :: _A ;

D : H
	| I
	| K
	| J ;

C : E
	| G
	| F ;


ft=A true
ft=B false
ft=C true
ft=D true
ft=E false
ft=F false
ft=G false
ft=H false
ft=I false
ft=J false
ft=K false
ft=X false
ft=Y false
ft=Z false



ft=A true
ft=B false
ft=C true
ft=D true
ft=E false
ft=F false
ft=G false
ft=H false
ft=I false
ft=J false
ft=K false
ft=X false
ft=Y false
ft=Z false
]]></system-err>
  </testcase>
  <testcase name="testConverter1[7]" classname="fr.familiar.featureide.FMLConverterFeatureIDETest" time="0.007">
    <system-out><![CDATA[DEBUG: (Info cmd) fm1 =FM (A : Z X Y [B] [C] [D]; C : (E|F|G) ; D : (H|I|J|K) ; )
]]></system-out>
  </testcase>
  <testcase name="testConverter2[7]" classname="fr.familiar.featureide.FMLConverterFeatureIDETest" time="0.007"/>
  <testcase name="testConverter3[7]" classname="fr.familiar.featureide.FMLConverterFeatureIDETest" time="0.007">
    <system-err><![CDATA[fmide=A and [ O D alt [ J I H K ]  M X O B M Y M Z O C alt [ E G F ]  ] 
fmide=A : [D] X [B] Y Z [C] :: _A ;

D : J
	| I
	| H
	| K ;

C : E
	| G
	| F ;


fmactual=A and [ M X O B M Y M Z O D alt [ H I K J ]  O C alt [ E G F ]  ] 
fmactual=A : X [B] Y Z [D] [C] :: _A ;

D : H
	| I
	| K
	| J ;

C : E
	| G
	| F ;


ft=A true
ft=B false
ft=C true
ft=D true
ft=E false
ft=F false
ft=G false
ft=H false
ft=I false
ft=J false
ft=K false
ft=X false
ft=Y false
ft=Z false



ft=A true
ft=B false
ft=C true
ft=D true
ft=E false
ft=F false
ft=G false
ft=H false
ft=I false
ft=J false
ft=K false
ft=X false
ft=Y false
ft=Z false
]]></system-err>
  </testcase>
  <testcase name="testConverter1[8]" classname="fr.familiar.featureide.FMLConverterFeatureIDETest" time="0.007">
    <failure message="fm4 : A D G+ :: _fm4;&#10;A : B C :: _A;&#10;D : E F :: _D;&#10;G : J | I | H ;&#10;%%&#10;&#10;E implies H ;&#10;F implies not I ; vs fm4 : D G+ A :: _fm4;&#10;D : E F :: _D;&#10;G : H | I | J ;&#10;A : C B :: _A;&#10;%%&#10;&#10;E implies H ;&#10;F implies not  I ;" type="java.lang.AssertionError"><![CDATA[java.lang.AssertionError: 
fm4 : A D G+ :: _fm4;
A : B C :: _A;
D : E F :: _D;
G : J | I | H ;
%%

E implies H ;
F implies not I ; vs fm4 : D G+ A :: _fm4;
D : E F :: _D;
G : H | I | J ;
A : C B :: _A;
%%

E implies H ;
F implies not  I ;
	at org.junit.Assert.fail(Assert.java:89)
	at org.junit.Assert.assertTrue(Assert.java:42)
	at fr.familiar.featureide.FMLConverterFeatureIDETest.assertMyStringEquals(FMLConverterFeatureIDETest.java:136)
	at fr.familiar.featureide.FMLConverterFeatureIDETest.testConverter1(FMLConverterFeatureIDETest.java:124)
	at java.base/jdk.internal.reflect.DirectMethodHandleAccessor.invoke(DirectMethodHandleAccessor.java:104)
	at java.base/java.lang.reflect.Method.invoke(Method.java:565)
	at org.junit.runners.model.FrameworkMethod$1.runReflectiveCall(FrameworkMethod.java:59)
	at org.junit.internal.runners.model.ReflectiveCallable.run(ReflectiveCallable.java:12)
	at org.junit.runners.model.FrameworkMethod.invokeExplosively(FrameworkMethod.java:56)
	at org.junit.internal.runners.statements.InvokeMethod.evaluate(InvokeMethod.java:17)
	at org.junit.internal.runners.statements.RunBefores.evaluate(RunBefores.java:26)
	at org.junit.internal.runners.statements.RunAfters.evaluate(RunAfters.java:27)
	at org.junit.runners.ParentRunner$3.evaluate(ParentRunner.java:306)
	at org.junit.runners.BlockJUnit4ClassRunner$1.evaluate(BlockJUnit4ClassRunner.java:100)
	at org.junit.runners.ParentRunner.runLeaf(ParentRunner.java:366)
	at org.junit.runners.BlockJUnit4ClassRunner.runChild(BlockJUnit4ClassRunner.java:103)
	at org.junit.runners.BlockJUnit4ClassRunner.runChild(BlockJUnit4ClassRunner.java:63)
	at org.junit.runners.ParentRunner$4.run(ParentRunner.java:331)
	at org.junit.runners.ParentRunner$1.schedule(ParentRunner.java:79)
	at org.junit.runners.ParentRunner.runChildren(ParentRunner.java:329)
	at org.junit.runners.ParentRunner.access$100(ParentRunner.java:66)
	at org.junit.runners.ParentRunner$2.evaluate(ParentRunner.java:293)
	at org.junit.runners.ParentRunner.run(ParentRunner.java:413)
	at org.junit.runners.Suite.runChild(Suite.java:128)
	at org.junit.runners.Suite.runChild(Suite.java:27)
	at org.junit.runners.ParentRunner$4.run(ParentRunner.java:331)
	at org.junit.runners.ParentRunner$1.schedule(ParentRunner.java:79)
	at org.junit.runners.ParentRunner.runChildren(ParentRunner.java:329)
	at org.junit.runners.ParentRunner.access$100(ParentRunner.java:66)
	at org.junit.runners.ParentRunner$2.evaluate(ParentRunner.java:293)
	at org.junit.runners.ParentRunner$3.evaluate(ParentRunner.java:306)
	at org.junit.runners.ParentRunner.run(ParentRunner.java:413)
	at org.apache.maven.surefire.junit4.JUnit4Provider.execute(JUnit4Provider.java:316)
	at org.apache.maven.surefire.junit4.JUnit4Provider.executeWithRerun(JUnit4Provider.java:240)
	at org.apache.maven.surefire.junit4.JUnit4Provider.executeTestSet(JUnit4Provider.java:214)
	at org.apache.maven.surefire.junit4.JUnit4Provider.invoke(JUnit4Provider.java:155)
	at java.base/jdk.internal.reflect.DirectMethodHandleAccessor.invoke(DirectMethodHandleAccessor.java:104)
	at java.base/java.lang.reflect.Method.invoke(Method.java:565)
	at org.apache.maven.surefire.api.util.ReflectionUtils.invokeMethodWithArray2(ReflectionUtils.java:137)
	at org.apache.maven.surefire.booter.ProviderFactory$ProviderProxy.invoke(ProviderFactory.java:148)
	at org.apache.maven.surefire.booter.ProviderFactory.invokeProvider(ProviderFactory.java:88)
	at org.eclipse.tycho.surefire.osgibooter.OsgiSurefireBooter.run(OsgiSurefireBooter.java:140)
	at org.eclipse.tycho.surefire.osgibooter.HeadlessTestApplication.start(HeadlessTestApplication.java:29)
	at org.eclipse.equinox.internal.app.EclipseAppHandle.run(EclipseAppHandle.java:203)
	at org.eclipse.core.runtime.internal.adaptor.EclipseAppLauncher.runApplication(EclipseAppLauncher.java:136)
	at org.eclipse.core.runtime.internal.adaptor.EclipseAppLauncher.start(EclipseAppLauncher.java:104)
	at org.eclipse.core.runtime.adaptor.EclipseStarter.run(EclipseStarter.java:402)
	at org.eclipse.core.runtime.adaptor.EclipseStarter.run(EclipseStarter.java:255)
	at java.base/jdk.internal.reflect.DirectMethodHandleAccessor.invoke(DirectMethodHandleAccessor.java:104)
	at java.base/java.lang.reflect.Method.invoke(Method.java:565)
	at org.eclipse.equinox.launcher.Main.invokeFramework(Main.java:659)
	at org.eclipse.equinox.launcher.Main.basicRun(Main.java:596)
	at org.eclipse.equinox.launcher.Main.run(Main.java:1467)
	at org.eclipse.equinox.launcher.Main.main(Main.java:1440)
]]></failure>
    <system-out><![CDATA[DEBUG: (Info cmd) fm1 =FM (fm4: A D G ; A : B C; D : E F ; G : (H|I|J)+ ; (E -> H) ; (F -> !I) ; )
]]></system-out>
  </testcase>
  <testcase name="testConverter2[8]" classname="fr.familiar.featureide.FMLConverterFeatureIDETest" time="0.008"/>
  <testcase name="testConverter3[8]" classname="fr.familiar.featureide.FMLConverterFeatureIDETest" time="0.007">
    <system-err><![CDATA[fmide=fm4 and [ M A and [ M B M C ]  M D and [ M E M F ]  M G or [ J I H ]  ] E implies H F implies not  I 
fmide=fm4 : A D G+ :: _fm4 ;

A : B C :: _A ;

D : E F :: _D ;

G : J
	| I
	| H ;

%%

E implies H ;
F implies not  I ;


fmactual=fm4 and [ M D and [ M E M F ]  M G or [ H I J ]  M A and [ M C M B ]  ] E implies H F implies not  I 
fmactual=fm4 : D G+ A :: _fm4 ;

D : E F :: _D ;

G : H
	| I
	| J ;

A : C B :: _A ;

%%

E implies H ;
F implies not  I ;


ft=A true
ft=B false
ft=C false
ft=D true
ft=E false
ft=F false
ft=G true
ft=H false
ft=I false
ft=J false
ft=fm4 true



ft=A true
ft=B false
ft=C false
ft=D true
ft=E false
ft=F false
ft=G true
ft=H false
ft=I false
ft=J false
ft=fm4 true
]]></system-err>
  </testcase>
  <testcase name="testConverter1[9]" classname="fr.familiar.featureide.FMLConverterFeatureIDETest" time="0.007">
    <failure message="A_ : A+ :: _A ;&#10;A : B | E | C ;&#10;C : H | G | F ;&#10;%%&#10;&#10;F and not E ; vs A_ : A+ :: _A ;&#10;A : C | B | E ;&#10;C : H | G | F ;&#10;%%&#10;&#10;F and not  E ;" type="java.lang.AssertionError"><![CDATA[java.lang.AssertionError: 
A_ : A+ :: _A ;
A : B | E | C ;
C : H | G | F ;
%%

F and not E ; vs A_ : A+ :: _A ;
A : C | B | E ;
C : H | G | F ;
%%

F and not  E ;
	at org.junit.Assert.fail(Assert.java:89)
	at org.junit.Assert.assertTrue(Assert.java:42)
	at fr.familiar.featureide.FMLConverterFeatureIDETest.assertMyStringEquals(FMLConverterFeatureIDETest.java:136)
	at fr.familiar.featureide.FMLConverterFeatureIDETest.testConverter1(FMLConverterFeatureIDETest.java:124)
	at java.base/jdk.internal.reflect.DirectMethodHandleAccessor.invoke(DirectMethodHandleAccessor.java:104)
	at java.base/java.lang.reflect.Method.invoke(Method.java:565)
	at org.junit.runners.model.FrameworkMethod$1.runReflectiveCall(FrameworkMethod.java:59)
	at org.junit.internal.runners.model.ReflectiveCallable.run(ReflectiveCallable.java:12)
	at org.junit.runners.model.FrameworkMethod.invokeExplosively(FrameworkMethod.java:56)
	at org.junit.internal.runners.statements.InvokeMethod.evaluate(InvokeMethod.java:17)
	at org.junit.internal.runners.statements.RunBefores.evaluate(RunBefores.java:26)
	at org.junit.internal.runners.statements.RunAfters.evaluate(RunAfters.java:27)
	at org.junit.runners.ParentRunner$3.evaluate(ParentRunner.java:306)
	at org.junit.runners.BlockJUnit4ClassRunner$1.evaluate(BlockJUnit4ClassRunner.java:100)
	at org.junit.runners.ParentRunner.runLeaf(ParentRunner.java:366)
	at org.junit.runners.BlockJUnit4ClassRunner.runChild(BlockJUnit4ClassRunner.java:103)
	at org.junit.runners.BlockJUnit4ClassRunner.runChild(BlockJUnit4ClassRunner.java:63)
	at org.junit.runners.ParentRunner$4.run(ParentRunner.java:331)
	at org.junit.runners.ParentRunner$1.schedule(ParentRunner.java:79)
	at org.junit.runners.ParentRunner.runChildren(ParentRunner.java:329)
	at org.junit.runners.ParentRunner.access$100(ParentRunner.java:66)
	at org.junit.runners.ParentRunner$2.evaluate(ParentRunner.java:293)
	at org.junit.runners.ParentRunner.run(ParentRunner.java:413)
	at org.junit.runners.Suite.runChild(Suite.java:128)
	at org.junit.runners.Suite.runChild(Suite.java:27)
	at org.junit.runners.ParentRunner$4.run(ParentRunner.java:331)
	at org.junit.runners.ParentRunner$1.schedule(ParentRunner.java:79)
	at org.junit.runners.ParentRunner.runChildren(ParentRunner.java:329)
	at org.junit.runners.ParentRunner.access$100(ParentRunner.java:66)
	at org.junit.runners.ParentRunner$2.evaluate(ParentRunner.java:293)
	at org.junit.runners.ParentRunner$3.evaluate(ParentRunner.java:306)
	at org.junit.runners.ParentRunner.run(ParentRunner.java:413)
	at org.apache.maven.surefire.junit4.JUnit4Provider.execute(JUnit4Provider.java:316)
	at org.apache.maven.surefire.junit4.JUnit4Provider.executeWithRerun(JUnit4Provider.java:240)
	at org.apache.maven.surefire.junit4.JUnit4Provider.executeTestSet(JUnit4Provider.java:214)
	at org.apache.maven.surefire.junit4.JUnit4Provider.invoke(JUnit4Provider.java:155)
	at java.base/jdk.internal.reflect.DirectMethodHandleAccessor.invoke(DirectMethodHandleAccessor.java:104)
	at java.base/java.lang.reflect.Method.invoke(Method.java:565)
	at org.apache.maven.surefire.api.util.ReflectionUtils.invokeMethodWithArray2(ReflectionUtils.java:137)
	at org.apache.maven.surefire.booter.ProviderFactory$ProviderProxy.invoke(ProviderFactory.java:148)
	at org.apache.maven.surefire.booter.ProviderFactory.invokeProvider(ProviderFactory.java:88)
	at org.eclipse.tycho.surefire.osgibooter.OsgiSurefireBooter.run(OsgiSurefireBooter.java:140)
	at org.eclipse.tycho.surefire.osgibooter.HeadlessTestApplication.start(HeadlessTestApplication.java:29)
	at org.eclipse.equinox.internal.app.EclipseAppHandle.run(EclipseAppHandle.java:203)
	at org.eclipse.core.runtime.internal.adaptor.EclipseAppLauncher.runApplication(EclipseAppLauncher.java:136)
	at org.eclipse.core.runtime.internal.adaptor.EclipseAppLauncher.start(EclipseAppLauncher.java:104)
	at org.eclipse.core.runtime.adaptor.EclipseStarter.run(EclipseStarter.java:402)
	at org.eclipse.core.runtime.adaptor.EclipseStarter.run(EclipseStarter.java:255)
	at java.base/jdk.internal.reflect.DirectMethodHandleAccessor.invoke(DirectMethodHandleAccessor.java:104)
	at java.base/java.lang.reflect.Method.invoke(Method.java:565)
	at org.eclipse.equinox.launcher.Main.invokeFramework(Main.java:659)
	at org.eclipse.equinox.launcher.Main.basicRun(Main.java:596)
	at org.eclipse.equinox.launcher.Main.run(Main.java:1467)
	at org.eclipse.equinox.launcher.Main.main(Main.java:1440)
]]></failure>
    <system-out><![CDATA[DEBUG: (Info cmd) fm1 =FM (A: (B|C|E)+ ; C: (F|G|H) ; (F & !E); )
]]></system-out>
  </testcase>
  <testcase name="testConverter2[9]" classname="fr.familiar.featureide.FMLConverterFeatureIDETest" time="0.008"/>
  <testcase name="testConverter3[9]" classname="fr.familiar.featureide.FMLConverterFeatureIDETest" time="0.008">
    <system-err><![CDATA[fmide=A or [ B E C alt [ H G F ]  ] F and not  E 
fmide=A_ : A+ :: _A ;

A : B
	| E
	| C ;

C : H
	| G
	| F ;

%%

F and not  E ;


fmactual=A or [ C alt [ H G F ]  B E ] F and not  E 
fmactual=A_ : A+ :: _A ;

A : C
	| B
	| E ;

C : H
	| G
	| F ;

%%

F and not  E ;


ft=A true
ft=B false
ft=C true
ft=E false
ft=F false
ft=G false
ft=H false



ft=A true
ft=B false
ft=C true
ft=E false
ft=F false
ft=G false
ft=H false
]]></system-err>
  </testcase>
  <testcase name="testConverter1[10]" classname="fr.familiar.featureide.FMLConverterFeatureIDETest" time="0.008">
    <failure message="Laptop : Screen [Warranty] CG Battery RAM HDD CPU Connectivity :: _Laptop;&#10;Screen : s15 | s12 | s17 ;&#10;Warranty : year3theft | year2theft ;&#10;CG : Integrated | Standalone ;&#10;Battery : cells6 | cells9 ;&#10;RAM : Corsair4Go1030 | Kingstom4Go666 | Kingstom2Go666 ;&#10;HDD : WD160Go5400tr | WD500Go ;&#10;CPU : LowTDP | HighTDP ;&#10;Connectivity : [Bluetooth] Wifi :: _Connectivity;&#10;Integrated : GMA :: _Integrated;&#10;Standalone : Nvidia9400M | Nvidia8400M | Nvdia8600M | Nvidia3670 ;&#10;WD500Go : S7200tr | S5400tr ;&#10;LowTDP : Atom270 | AtomZ320 ;&#10;HighTDP : Core2T6600 | Core2P7350 ;&#10;Wifi : N | ABG ;&#10;%%&#10;&#10;LowTDP implies not Standalone ;&#10;Standalone implies HighTDP ; vs Laptop : HDD CG [Warranty] CPU Connectivity Battery RAM Screen :: _Laptop;&#10;HDD : WD160Go5400tr | WD500Go ;&#10;CG : Standalone | Integrated ;&#10;Warranty : year3theft | year2theft ;&#10;CPU : HighTDP | LowTDP ;&#10;Connectivity : Wifi [Bluetooth] :: _Connectivity;&#10;Battery : cells6 | cells9 ;&#10;RAM : Kingstom2Go666 | Kingstom4Go666 | Corsair4Go1030 ;&#10;Screen : s17 | s12 | s15 ;&#10;WD500Go : S5400tr | S7200tr ;&#10;Standalone : Nvdia8600M | Nvidia3670 | Nvidia8400M | Nvidia9400M ;&#10;Integrated : GMA :: _Integrated;&#10;HighTDP : Core2T6600 | Core2P7350 ;&#10;LowTDP : AtomZ320 | Atom270 ;&#10;Wifi : ABG | N ;&#10;%%&#10;&#10;LowTDP implies not  Standalone ;&#10;Standalone implies HighTDP ;" type="java.lang.AssertionError"><![CDATA[java.lang.AssertionError: 
Laptop : Screen [Warranty] CG Battery RAM HDD CPU Connectivity :: _Laptop;
Screen : s15 | s12 | s17 ;
Warranty : year3theft | year2theft ;
CG : Integrated | Standalone ;
Battery : cells6 | cells9 ;
RAM : Corsair4Go1030 | Kingstom4Go666 | Kingstom2Go666 ;
HDD : WD160Go5400tr | WD500Go ;
CPU : LowTDP | HighTDP ;
Connectivity : [Bluetooth] Wifi :: _Connectivity;
Integrated : GMA :: _Integrated;
Standalone : Nvidia9400M | Nvidia8400M | Nvdia8600M | Nvidia3670 ;
WD500Go : S7200tr | S5400tr ;
LowTDP : Atom270 | AtomZ320 ;
HighTDP : Core2T6600 | Core2P7350 ;
Wifi : N | ABG ;
%%

LowTDP implies not Standalone ;
Standalone implies HighTDP ; vs Laptop : HDD CG [Warranty] CPU Connectivity Battery RAM Screen :: _Laptop;
HDD : WD160Go5400tr | WD500Go ;
CG : Standalone | Integrated ;
Warranty : year3theft | year2theft ;
CPU : HighTDP | LowTDP ;
Connectivity : Wifi [Bluetooth] :: _Connectivity;
Battery : cells6 | cells9 ;
RAM : Kingstom2Go666 | Kingstom4Go666 | Corsair4Go1030 ;
Screen : s17 | s12 | s15 ;
WD500Go : S5400tr | S7200tr ;
Standalone : Nvdia8600M | Nvidia3670 | Nvidia8400M | Nvidia9400M ;
Integrated : GMA :: _Integrated;
HighTDP : Core2T6600 | Core2P7350 ;
LowTDP : AtomZ320 | Atom270 ;
Wifi : ABG | N ;
%%

LowTDP implies not  Standalone ;
Standalone implies HighTDP ;
	at org.junit.Assert.fail(Assert.java:89)
	at org.junit.Assert.assertTrue(Assert.java:42)
	at fr.familiar.featureide.FMLConverterFeatureIDETest.assertMyStringEquals(FMLConverterFeatureIDETest.java:136)
	at fr.familiar.featureide.FMLConverterFeatureIDETest.testConverter1(FMLConverterFeatureIDETest.java:124)
	at java.base/jdk.internal.reflect.DirectMethodHandleAccessor.invoke(DirectMethodHandleAccessor.java:104)
	at java.base/java.lang.reflect.Method.invoke(Method.java:565)
	at org.junit.runners.model.FrameworkMethod$1.runReflectiveCall(FrameworkMethod.java:59)
	at org.junit.internal.runners.model.ReflectiveCallable.run(ReflectiveCallable.java:12)
	at org.junit.runners.model.FrameworkMethod.invokeExplosively(FrameworkMethod.java:56)
	at org.junit.internal.runners.statements.InvokeMethod.evaluate(InvokeMethod.java:17)
	at org.junit.internal.runners.statements.RunBefores.evaluate(RunBefores.java:26)
	at org.junit.internal.runners.statements.RunAfters.evaluate(RunAfters.java:27)
	at org.junit.runners.ParentRunner$3.evaluate(ParentRunner.java:306)
	at org.junit.runners.BlockJUnit4ClassRunner$1.evaluate(BlockJUnit4ClassRunner.java:100)
	at org.junit.runners.ParentRunner.runLeaf(ParentRunner.java:366)
	at org.junit.runners.BlockJUnit4ClassRunner.runChild(BlockJUnit4ClassRunner.java:103)
	at org.junit.runners.BlockJUnit4ClassRunner.runChild(BlockJUnit4ClassRunner.java:63)
	at org.junit.runners.ParentRunner$4.run(ParentRunner.java:331)
	at org.junit.runners.ParentRunner$1.schedule(ParentRunner.java:79)
	at org.junit.runners.ParentRunner.runChildren(ParentRunner.java:329)
	at org.junit.runners.ParentRunner.access$100(ParentRunner.java:66)
	at org.junit.runners.ParentRunner$2.evaluate(ParentRunner.java:293)
	at org.junit.runners.ParentRunner.run(ParentRunner.java:413)
	at org.junit.runners.Suite.runChild(Suite.java:128)
	at org.junit.runners.Suite.runChild(Suite.java:27)
	at org.junit.runners.ParentRunner$4.run(ParentRunner.java:331)
	at org.junit.runners.ParentRunner$1.schedule(ParentRunner.java:79)
	at org.junit.runners.ParentRunner.runChildren(ParentRunner.java:329)
	at org.junit.runners.ParentRunner.access$100(ParentRunner.java:66)
	at org.junit.runners.ParentRunner$2.evaluate(ParentRunner.java:293)
	at org.junit.runners.ParentRunner$3.evaluate(ParentRunner.java:306)
	at org.junit.runners.ParentRunner.run(ParentRunner.java:413)
	at org.apache.maven.surefire.junit4.JUnit4Provider.execute(JUnit4Provider.java:316)
	at org.apache.maven.surefire.junit4.JUnit4Provider.executeWithRerun(JUnit4Provider.java:240)
	at org.apache.maven.surefire.junit4.JUnit4Provider.executeTestSet(JUnit4Provider.java:214)
	at org.apache.maven.surefire.junit4.JUnit4Provider.invoke(JUnit4Provider.java:155)
	at java.base/jdk.internal.reflect.DirectMethodHandleAccessor.invoke(DirectMethodHandleAccessor.java:104)
	at java.base/java.lang.reflect.Method.invoke(Method.java:565)
	at org.apache.maven.surefire.api.util.ReflectionUtils.invokeMethodWithArray2(ReflectionUtils.java:137)
	at org.apache.maven.surefire.booter.ProviderFactory$ProviderProxy.invoke(ProviderFactory.java:148)
	at org.apache.maven.surefire.booter.ProviderFactory.invokeProvider(ProviderFactory.java:88)
	at org.eclipse.tycho.surefire.osgibooter.OsgiSurefireBooter.run(OsgiSurefireBooter.java:140)
	at org.eclipse.tycho.surefire.osgibooter.HeadlessTestApplication.start(HeadlessTestApplication.java:29)
	at org.eclipse.equinox.internal.app.EclipseAppHandle.run(EclipseAppHandle.java:203)
	at org.eclipse.core.runtime.internal.adaptor.EclipseAppLauncher.runApplication(EclipseAppLauncher.java:136)
	at org.eclipse.core.runtime.internal.adaptor.EclipseAppLauncher.start(EclipseAppLauncher.java:104)
	at org.eclipse.core.runtime.adaptor.EclipseStarter.run(EclipseStarter.java:402)
	at org.eclipse.core.runtime.adaptor.EclipseStarter.run(EclipseStarter.java:255)
	at java.base/jdk.internal.reflect.DirectMethodHandleAccessor.invoke(DirectMethodHandleAccessor.java:104)
	at java.base/java.lang.reflect.Method.invoke(Method.java:565)
	at org.eclipse.equinox.launcher.Main.invokeFramework(Main.java:659)
	at org.eclipse.equinox.launcher.Main.basicRun(Main.java:596)
	at org.eclipse.equinox.launcher.Main.run(Main.java:1467)
	at org.eclipse.equinox.launcher.Main.main(Main.java:1440)
]]></failure>
    <system-out><![CDATA[DEBUG: (Info cmd) fm1 =FM (Laptop: Screen CPU RAM CG HDD Battery Connectivity [Warranty] ; Screen: (s12|s15|s17) ; CPU: (LowTDP|HighTDP) ; LowTDP: (Atom270|AtomZ320) ; HighTDP: (Core2T6600|Core2P7350) ; RAM: (Kingstom2Go666|Kingstom4Go666|Corsair4Go1030) ; CG: (Integrated|Standalone) ; Integrated: GMA ; Standalone: (Nvidia8400M|Nvdia8600M|Nvidia3670|Nvidia9400M) ; HDD: (WD160Go5400tr|WD500Go) ; WD500Go: (S5400tr|S7200tr) ; Battery: (cells6|cells9) ; Connectivity: Wifi [Bluetooth] ; Wifi: (ABG|N) ; Warranty: (year2theft|year3theft) ; (Standalone -> HighTDP); (LowTDP -> !Standalone); )
]]></system-out>
  </testcase>
  <testcase name="testConverter2[10]" classname="fr.familiar.featureide.FMLConverterFeatureIDETest" time="0.009"/>
  <testcase name="testConverter3[10]" classname="fr.familiar.featureide.FMLConverterFeatureIDETest" time="0.009">
    <system-err><![CDATA[fmide=Laptop and [ M Screen alt [ s15 s12 s17 ]  O Warranty alt [ year3theft year2theft ]  M CG alt [ Integrated and [ M GMA ]  Standalone alt [ Nvidia9400M Nvidia8400M Nvdia8600M Nvidia3670 ]  ]  M Battery alt [ cells6 cells9 ]  M RAM alt [ Corsair4Go1030 Kingstom4Go666 Kingstom2Go666 ]  M HDD alt [ WD160Go5400tr WD500Go alt [ S7200tr S5400tr ]  ]  M CPU alt [ LowTDP alt [ Atom270 AtomZ320 ]  HighTDP alt [ Core2T6600 Core2P7350 ]  ]  M Connectivity and [ O Bluetooth M Wifi alt [ N ABG ]  ]  ] LowTDP implies not  Standalone Standalone implies HighTDP 
fmide=Laptop : Screen [Warranty] CG Battery RAM HDD CPU Connectivity :: _Laptop ;

Screen : s15
	| s12
	| s17 ;

Warranty : year3theft
	| year2theft ;

CG : Integrated
	| Standalone ;

Integrated : GMA :: _Integrated ;

Standalone : Nvidia9400M
	| Nvidia8400M
	| Nvdia8600M
	| Nvidia3670 ;

Battery : cells6
	| cells9 ;

RAM : Corsair4Go1030
	| Kingstom4Go666
	| Kingstom2Go666 ;

HDD : WD160Go5400tr
	| WD500Go ;

WD500Go : S7200tr
	| S5400tr ;

CPU : LowTDP
	| HighTDP ;

LowTDP : Atom270
	| AtomZ320 ;

HighTDP : Core2T6600
	| Core2P7350 ;

Connectivity : [Bluetooth] Wifi :: _Connectivity ;

Wifi : N
	| ABG ;

%%

LowTDP implies not  Standalone ;
Standalone implies HighTDP ;


fmactual=Laptop and [ M CPU alt [ HighTDP alt [ Core2T6600 Core2P7350 ]  LowTDP alt [ AtomZ320 Atom270 ]  ]  M RAM alt [ Kingstom2Go666 Kingstom4Go666 Corsair4Go1030 ]  M Battery alt [ cells6 cells9 ]  M CG alt [ Standalone alt [ Nvdia8600M Nvidia3670 Nvidia8400M Nvidia9400M ]  Integrated and [ M GMA ]  ]  M HDD alt [ WD160Go5400tr WD500Go alt [ S5400tr S7200tr ]  ]  M Screen alt [ s17 s12 s15 ]  O Warranty alt [ year3theft year2theft ]  M Connectivity and [ M Wifi alt [ ABG N ]  O Bluetooth ]  ] LowTDP implies not  Standalone Standalone implies HighTDP 
fmactual=Laptop : CPU RAM Battery CG HDD Screen [Warranty] Connectivity :: _Laptop ;

CPU : HighTDP
	| LowTDP ;

HighTDP : Core2T6600
	| Core2P7350 ;

LowTDP : AtomZ320
	| Atom270 ;

RAM : Kingstom2Go666
	| Kingstom4Go666
	| Corsair4Go1030 ;

Battery : cells6
	| cells9 ;

CG : Standalone
	| Integrated ;

Standalone : Nvdia8600M
	| Nvidia3670
	| Nvidia8400M
	| Nvidia9400M ;

Integrated : GMA :: _Integrated ;

HDD : WD160Go5400tr
	| WD500Go ;

WD500Go : S5400tr
	| S7200tr ;

Screen : s17
	| s12
	| s15 ;

Warranty : year3theft
	| year2theft ;

Connectivity : Wifi [Bluetooth] :: _Connectivity ;

Wifi : ABG
	| N ;

%%

LowTDP implies not  Standalone ;
Standalone implies HighTDP ;


ft=year3theft false
ft=Laptop true
ft=Bluetooth false
ft=Corsair4Go1030 false
ft=Screen true
ft=Nvidia3670 false
ft=ABG false
ft=Core2P7350 false
ft=CPU true
ft=HDD true
ft=N false
ft=Atom270 false
ft=s12 false
ft=s15 false
ft=Battery true
ft=HighTDP true
ft=s17 false
ft=WD160Go5400tr false
ft=WD500Go true
ft=Standalone true
ft=Kingstom2Go666 false
ft=GMA false
ft=AtomZ320 false
ft=Wifi true
ft=Integrated true
ft=Kingstom4Go666 false
ft=Warranty true
ft=CG true
ft=Nvidia8400M false
ft=Nvidia9400M false
ft=Core2T6600 false
ft=LowTDP true
ft=cells6 false
ft=Nvdia8600M false
ft=cells9 false
ft=Connectivity true
ft=S5400tr false
ft=S7200tr false
ft=year2theft false
ft=RAM true



ft=year3theft false
ft=Laptop true
ft=Bluetooth false
ft=Corsair4Go1030 false
ft=ABG false
ft=Nvidia3670 false
ft=Screen true
ft=Core2P7350 false
ft=HDD true
ft=CPU true
ft=N false
ft=Atom270 false
ft=s12 false
ft=s15 false
ft=HighTDP true
ft=Battery true
ft=WD160Go5400tr false
ft=s17 false
ft=WD500Go true
ft=GMA false
ft=Standalone true
ft=Kingstom2Go666 false
ft=AtomZ320 false
ft=Wifi true
ft=Integrated true
ft=Kingstom4Go666 false
ft=Warranty true
ft=CG true
ft=Nvidia8400M false
ft=Nvidia9400M false
ft=Core2T6600 false
ft=LowTDP true
ft=cells6 false
ft=Nvdia8600M false
ft=S5400tr false
ft=Connectivity true
ft=cells9 false
ft=S7200tr false
ft=year2theft false
ft=RAM true
]]></system-err>
  </testcase>
</testsuite>