<?xml version="1.0" encoding="UTF-8"?>
<testsuite xmlns:xsi="http://www.w3.org/2001/XMLSchema-instance" xsi:noNamespaceSchemaLocation="https://maven.apache.org/surefire/maven-surefire-plugin/xsd/surefire-test-report.xsd" version="3.0" name="fr.familiar.featureide.FMLSlicerTest" time="0.527" tests="37" errors="1" skipped="4" failures="0">
  <properties>
[...]
</properties>
  <testcase name="testSimpleSAT1" classname="fr.familiar.featureide.FMLSlicerTest" time="0.0">
    <skipped/>
  </testcase>
  <testcase name="testSimpleSAT2" classname="fr.familiar.featureide.FMLSlicerTest" time="0.0">
    <skipped/>
  </testcase>
  <testcase name="testBasicExample1" classname="fr.familiar.featureide.FMLSlicerTest" time="0.064">
    <system-err><![CDATA[fts=[CT, MedicalImage, MRI, FormatName, DICOM, Nifti, Modality, Analyze]

	fmvSliced=MedicalImage: FormatName Modality ; 
FormatName: (Analyze|DICOM) ; 
Modality: (MRI|CT) ; 
(Analyze -> MRI);
======= expected -- without constraints ======
fm[res42]=MedicalImage: FormatName Modality ; 
FormatName: (Analyze|DICOM) ; 
Modality: (MRI|CT) ;
#fm=1.0
[[fm]]=[[CT, MedicalImage, FormatName, Modality, Analyze], [MedicalImage, MRI, FormatName, Modality, Analyze], [MedicalImage, MRI, FormatName, DICOM, Modality], [CT, MedicalImage, FormatName, DICOM, Modality]]
cores=[MedicalImage, FormatName, Modality]
======= expected -- cleanup ======
fm[fmFooExpected]=MedicalImage: FormatName Modality ; 
FormatName: (Analyze|DICOM) ; 
Modality: (MRI|CT) ; 
(Analyze -> MRI);
#fm=1.0
[[fm]]=[[MedicalImage, MRI, FormatName, Modality, Analyze], [MedicalImage, MRI, FormatName, DICOM, Modality], [CT, MedicalImage, FormatName, DICOM, Modality]]
cores=[MedicalImage, FormatName, Modality]
======= diff (without -- expected) ======
[]
======= original ======
fm[fmFoo]=MedicalImage: Format Modality ; 
Format: HeaderCapability FormatName ; 
Modality: (MRI|CT) ; 
HeaderCapability: (ScanDate|Anonymized)+ ; 
FormatName: (Analyze|DICOM|Nifti) ; 
(MRI -> !ScanDate);
(MRI -> Anonymized);
(Nifti -> ScanDate);
(CT -> DICOM);
(Nifti -> Anonymized);
#fm=1.0
[[fm]]=[[CT, Format, ScanDate, MedicalImage, FormatName, DICOM, HeaderCapability, Modality], [CT, Format, MedicalImage, FormatName, Anonymized, HeaderCapability, DICOM, Modality], [Format, MedicalImage, MRI, FormatName, Anonymized, DICOM, HeaderCapability, Modality], [Format, MedicalImage, MRI, FormatName, Anonymized, HeaderCapability, Modality, Analyze], [CT, Format, ScanDate, MedicalImage, Anonymized, FormatName, HeaderCapability, DICOM, Modality]]
cores=[Format, MedicalImage, FormatName, HeaderCapability, Modality]
======= sliced FM ======
fm[res43]=MedicalImage: FormatName Modality ; 
FormatName: (Analyze|DICOM) ; 
Modality: (MRI|CT) ; 
(Analyze -> MRI);
#fm=1.0
[[fm]]=[[MedicalImage, MRI, FormatName, Modality, Analyze], [MedicalImage, MRI, FormatName, DICOM, Modality], [CT, MedicalImage, FormatName, DICOM, Modality]]
cores=[MedicalImage, FormatName, Modality]
]]></system-err>
  </testcase>
  <testcase name="testAlignment" classname="fr.familiar.featureide.FMLSlicerTest" time="0.019">
    <system-out><![CDATA[###########	 error: (org.xtext.example.mydsl.fml.impl.ComplexCommandImpl@e4e9bc2 (eProxyURI: dummy:/example902879136.fml#//@cmds.0))  org.xtext.example.mydsl.fml.impl.ComplexCommandImpl@726fcd5b (eProxyURI: dummy:/example902879136.fml#//@cmds.0/@left/@assertion/@left)
Assertion error:  org.xtext.example.mydsl.fml.impl.ComplexCommandImpl@726fcd5b (eProxyURI: dummy:/example902879136.fml#//@cmds.0/@left/@assertion/@left)]]></system-out>
  </testcase>
  <testcase name="testFiltering2ContextVS" classname="fr.familiar.featureide.FMLSlicerTest" time="0.0">
    <skipped/>
  </testcase>
  <testcase name="testAlignment2" classname="fr.familiar.featureide.FMLSlicerTest" time="0.028"/>
  <testcase name="testAlignment3" classname="fr.familiar.featureide.FMLSlicerTest" time="0.012">
    <system-err><![CDATA[fm1p=MedicalImage: (DICOM|Nifti|SPI|GE) ;
fm2=MedicalImage: (DICOM|Nifti|SPI) ;
]]></system-err>
  </testcase>
  <testcase name="testAlignment4" classname="fr.familiar.featureide.FMLSlicerTest" time="0.016">
    <system-err><![CDATA[fm1p=MedicalImage: (DICOM|Nifti|GE|SPI) ;
fm2=MedicalImage: (DICOM|Nifti|SPI) ;
]]></system-err>
  </testcase>
  <testcase name="testAlignment5" classname="fr.familiar.featureide.FMLSlicerTest" time="0.018">
    <system-err><![CDATA[[[fmv1]]=[[MedicalImage, Proprietary, SPI], [MedicalImage, NiftiII, Nifti, Open], [MedicalImage, Proprietary, GE], [MedicalImage, DICOM, Open], [MedicalImage, NiftiI, Nifti, Open]]
fla1a=[[MedicalImage, NiftiI], [MedicalImage], [MedicalImage, DICOM]]
MedicalImage: (NiftiI|DICOM)? ;
fakeRoot: [Open] ; 
Open: (NiftiI|NiftiII)? ;
fakeRoot: [Nifti] ; 
Nifti: (NiftiI|NiftiII) ;
fakeRoot: [Open] ; 
Open: (NiftiI|NiftiII|DICOM) ;
]]></system-err>
  </testcase>
  <testcase name="testMendoncaWebPortal" classname="fr.familiar.featureide.FMLSlicerTest" time="0.021">
    <error type="fr.familiar.interpreter.VariableNotExistingException:"><![CDATA[fr.familiar.interpreter.VariableNotExistingException: variable null does not exist
	at fr.familiar.parser.FMLCommandInterpreter.getVariable(FMLCommandInterpreter.java:1732)
	at fr.familiar.FMLTest.getFMVariable(FMLTest.java:426)
	at fr.familiar.featureide.FMLSlicerTest.testMendoncaWebPortal(FMLSlicerTest.java:1342)
	at java.base/jdk.internal.reflect.DirectMethodHandleAccessor.invoke(DirectMethodHandleAccessor.java:104)
	at java.base/java.lang.reflect.Method.invoke(Method.java:565)
	at org.junit.runners.model.FrameworkMethod$1.runReflectiveCall(FrameworkMethod.java:59)
	at org.junit.internal.runners.model.ReflectiveCallable.run(ReflectiveCallable.java:12)
	at org.junit.runners.model.FrameworkMethod.invokeExplosively(FrameworkMethod.java:56)
	at org.junit.internal.runners.statements.InvokeMethod.evaluate(InvokeMethod.java:17)
	at org.junit.internal.runners.statements.RunBefores.evaluate(RunBefores.java:26)
	at org.junit.internal.runners.statements.RunAfters.evaluate(RunAfters.java:27)
	at org.junit.runners.ParentRunner$3.evaluate(ParentRunner.java:306)
	at org.junit.runners.BlockJUnit4ClassRunner$1.evaluate(BlockJUnit4ClassRunner.java:100)
	at org.junit.runners.ParentRunner.runLeaf(ParentRunner.java:366)
	at org.junit.runners.BlockJUnit4ClassRunner.runChild(BlockJUnit4ClassRunner.java:103)
	at org.junit.runners.BlockJUnit4ClassRunner.runChild(BlockJUnit4ClassRunner.java:63)
	at org.junit.runners.ParentRunner$4.run(ParentRunner.java:331)
	at org.junit.runners.ParentRunner$1.schedule(ParentRunner.java:79)
	at org.junit.runners.ParentRunner.runChildren(ParentRunner.java:329)
	at org.junit.runners.ParentRunner.access$100(ParentRunner.java:66)
	at org.junit.runners.ParentRunner$2.evaluate(ParentRunner.java:293)
	at org.junit.runners.ParentRunner$3.evaluate(ParentRunner.java:306)
	at org.junit.runners.ParentRunner.run(ParentRunner.java:413)
	at org.apache.maven.surefire.junit4.JUnit4Provider.execute(JUnit4Provider.java:316)
	at org.apache.maven.surefire.junit4.JUnit4Provider.executeWithRerun(JUnit4Provider.java:240)
	at org.apache.maven.surefire.junit4.JUnit4Provider.executeTestSet(JUnit4Provider.java:214)
	at org.apache.maven.surefire.junit4.JUnit4Provider.invoke(JUnit4Provider.java:155)
	at java.base/jdk.internal.reflect.DirectMethodHandleAccessor.invoke(DirectMethodHandleAccessor.java:104)
	at java.base/java.lang.reflect.Method.invoke(Method.java:565)
	at org.apache.maven.surefire.api.util.ReflectionUtils.invokeMethodWithArray2(ReflectionUtils.java:137)
	at org.apache.maven.surefire.booter.ProviderFactory$ProviderProxy.invoke(ProviderFactory.java:148)
	at org.apache.maven.surefire.booter.ProviderFactory.invokeProvider(ProviderFactory.java:88)
	at org.eclipse.tycho.surefire.osgibooter.OsgiSurefireBooter.run(OsgiSurefireBooter.java:140)
	at org.eclipse.tycho.surefire.osgibooter.HeadlessTestApplication.start(HeadlessTestApplication.java:29)
	at org.eclipse.equinox.internal.app.EclipseAppHandle.run(EclipseAppHandle.java:203)
	at org.eclipse.core.runtime.internal.adaptor.EclipseAppLauncher.runApplication(EclipseAppLauncher.java:136)
	at org.eclipse.core.runtime.internal.adaptor.EclipseAppLauncher.start(EclipseAppLauncher.java:104)
	at org.eclipse.core.runtime.adaptor.EclipseStarter.run(EclipseStarter.java:402)
	at org.eclipse.core.runtime.adaptor.EclipseStarter.run(EclipseStarter.java:255)
	at java.base/jdk.internal.reflect.DirectMethodHandleAccessor.invoke(DirectMethodHandleAccessor.java:104)
	at java.base/java.lang.reflect.Method.invoke(Method.java:565)
	at org.eclipse.equinox.launcher.Main.invokeFramework(Main.java:659)
	at org.eclipse.equinox.launcher.Main.basicRun(Main.java:596)
	at org.eclipse.equinox.launcher.Main.run(Main.java:1467)
	at org.eclipse.equinox.launcher.Main.main(Main.java:1440)
]]></error>
    <system-out><![CDATA[###########	 error: (org.xtext.example.mydsl.fml.impl.ScriptCommandImpl@76aca3c9 (eProxyURI: dummy:/example1468052785.fml#//@cmds.0)) null
###########	 error: (org.xtext.example.mydsl.fml.impl.ScriptCommandImpl@76aca3c9 (eProxyURI: dummy:/example1468052785.fml#//@cmds.0)) NULL 
###########	 error: (org.xtext.example.mydsl.fml.impl.ScriptCommandImpl@76aca3c9 (eProxyURI: dummy:/example1468052785.fml#//@cmds.0)) feature expected but v=null
###########	 error: (org.xtext.example.mydsl.fml.impl.ScriptCommandImpl@76aca3c9 (eProxyURI: dummy:/example1468052785.fml#//@cmds.0)) NULL 
	 	 Warning: feature not found
###########	 error: (org.xtext.example.mydsl.fml.impl.ScriptCommandImpl@76aca3c9 (eProxyURI: dummy:/example1468052785.fml#//@cmds.0)) Unable to parse the FM command (v=fr.familiar.variable.BooleanVariable@2abb439a)
###########	 error: (org.xtext.example.mydsl.fml.impl.ScriptCommandImpl@76aca3c9 (eProxyURI: dummy:/example1468052785.fml#//@cmds.0)) NULL 
###########	 error: (org.xtext.example.mydsl.fml.impl.ComplexCommandImpl@758c13f5 (eProxyURI: dummy:/example596471467.fml#//@cmds.0)) null
###########	 error: (org.xtext.example.mydsl.fml.impl.ComplexCommandImpl@758c13f5 (eProxyURI: dummy:/example596471467.fml#//@cmds.0)) NULL 
###########	 error: (org.xtext.example.mydsl.fml.impl.ComplexCommandImpl@758c13f5 (eProxyURI: dummy:/example596471467.fml#//@cmds.0)) feature expected but v=null
###########	 error: (org.xtext.example.mydsl.fml.impl.ComplexCommandImpl@758c13f5 (eProxyURI: dummy:/example596471467.fml#//@cmds.0)) NULL 
	 	 Warning: feature not found
]]></system-out>
    <system-err><![CDATA[#webportal=1.0
#fla1.0
#[][[], [Persistence, XML], [Persistence, Database]] fla:[[], [Persistence, XML], [Persistence, Database]]
#fla1.0
#[][[], [Security]] fla:[[], [Security]]
#fla1.0
#[][[], [Ms, Performance], [Sec, Performance], [Min, Performance]] fla:[[], [Ms, Performance], [Sec, Performance], [Min, Performance]]
#fla1.0
#[][[], [Protocols, FTP, NTTP], [Protocols, FTP, HTTPS], [Protocols, HTTPS], [Protocols, NTTP], [Protocols, HTTPS, NTTP], [Protocols, FTP], [Protocols, FTP, HTTPS, NTTP]] fla:[[], [Protocols, FTP, NTTP], [Protocols, FTP, HTTPS], [Protocols, HTTPS], [Protocols, NTTP], [Protocols, HTTPS, NTTP], [Protocols, FTP], [Protocols, FTP, HTTPS, NTTP]]
#fla1.0
#[][[Content, Static], [Active, CGI, Content, Static], [Active, CGI, Content, JSP, PHP, Static], [Active, Content, JSP, Static], [Active, CGI, Content, JSP, Static, ASP], [Logging, Active, CGI, Content, JSP, Static, File], [Logging, Active, CGI, Content, JSP, Static, DB], [Active, Content, JSP, PHP, Static, ASP], [Logging, Active, Content, JSP, PHP, Static, DB], [Active, CGI, Content, PHP, Static, ASP], [Logging, Active, CGI, Content, Static, File, ASP], [Logging, Active, Content, JSP, Static, File, ASP], [Logging, Active, CGI, Content, Static, ASP, DB], [Logging, Active, CGI, Content, JSP, PHP, Static, ASP, DB], [Logging, Active, CGI, Content, JSP, PHP, Static, File, ASP], [Logging, Active, Content, JSP, Static, ASP, DB], [Logging, Active, Content, PHP, Static, ASP, DB], [Active, Content, Static, ASP], [Logging, Active, CGI, Content, PHP, Static, File], [Active, Content, PHP, Static], [Logging, Active, Content, JSP, PHP, Static, File], [Logging, Active, CGI, Content, PHP, Static, DB], [Active, CGI, Content, JSP, Static], [Logging, Content, Static, File], [Logging, Content, Static, DB], [Logging, Active, Content, JSP, Static, DB], [Logging, Active, Content, PHP, Static, File, ASP], [Active, CGI, Content, Static, ASP], [Logging, Active, CGI, Content, JSP, Static, File, ASP], [Active, Content, JSP, Static, ASP], [Logging, Active, CGI, Content, JSP, Static, ASP, DB], [Active, CGI, Content, PHP, Static], [Active, CGI, Content, JSP, PHP, Static, ASP], [Logging, Active, Content, PHP, Static, DB], [Active, Content, JSP, PHP, Static], [Logging, Active, CGI, Content, Static, File], [Logging, Active, Content, JSP, Static, File], [Logging, Active, CGI, Content, JSP, PHP, Static, DB], [Logging, Active, CGI, Content, JSP, PHP, Static, File], [Logging, Active, Content, PHP, Static, File], [Logging, Active, CGI, Content, Static, DB], [Logging, Active, CGI, Content, PHP, Static, File, ASP], [Active, Content, PHP, Static, ASP], [Logging, Active, CGI, Content, PHP, Static, ASP, DB], [Logging, Active, Content, Static, File, ASP], [Logging, Active, Content, JSP, PHP, Static, ASP, DB], [Logging, Active, Content, JSP, PHP, Static, File, ASP], [Logging, Active, Content, Static, ASP, DB]] fla:[[Content, Static], [Active, CGI, Content, Static], [Active, CGI, Content, JSP, PHP, Static], [Active, Content, JSP, Static], [Active, CGI, Content, JSP, Static, ASP], [Logging, Active, CGI, Content, JSP, Static, File], [Logging, Active, CGI, Content, JSP, Static, DB], [Active, Content, JSP, PHP, Static, ASP], [Logging, Active, Content, JSP, PHP, Static, DB], [Active, CGI, Content, PHP, Static, ASP], [Logging, Active, CGI, Content, Static, File, ASP], [Logging, Active, Content, JSP, Static, File, ASP], [Logging, Active, CGI, Content, Static, ASP, DB], [Logging, Active, CGI, Content, JSP, PHP, Static, ASP, DB], [Logging, Active, CGI, Content, JSP, PHP, Static, File, ASP], [Logging, Active, Content, JSP, Static, ASP, DB], [Logging, Active, Content, PHP, Static, ASP, DB], [Active, Content, Static, ASP], [Logging, Active, CGI, Content, PHP, Static, File], [Active, Content, PHP, Static], [Logging, Active, Content, JSP, PHP, Static, File], [Logging, Active, CGI, Content, PHP, Static, DB], [Active, CGI, Content, JSP, Static], [Logging, Content, Static, File], [Logging, Content, Static, DB], [Logging, Active, Content, JSP, Static, DB], [Logging, Active, Content, PHP, Static, File, ASP], [Active, CGI, Content, Static, ASP], [Logging, Active, CGI, Content, JSP, Static, File, ASP], [Active, Content, JSP, Static, ASP], [Logging, Active, CGI, Content, JSP, Static, ASP, DB], [Active, CGI, Content, PHP, Static], [Active, CGI, Content, JSP, PHP, Static, ASP], [Logging, Active, Content, PHP, Static, DB], [Active, Content, JSP, PHP, Static], [Logging, Active, CGI, Content, Static, File], [Logging, Active, Content, JSP, Static, File], [Logging, Active, CGI, Content, JSP, PHP, Static, DB], [Logging, Active, CGI, Content, JSP, PHP, Static, File], [Logging, Active, Content, PHP, Static, File], [Logging, Active, CGI, Content, Static, DB], [Logging, Active, CGI, Content, PHP, Static, File, ASP], [Active, Content, PHP, Static, ASP], [Logging, Active, CGI, Content, PHP, Static, ASP, DB], [Logging, Active, Content, Static, File, ASP], [Logging, Active, Content, JSP, PHP, Static, ASP, DB], [Logging, Active, Content, JSP, PHP, Static, File, ASP], [Logging, Active, Content, Static, ASP, DB]]
]]></system-err>
  </testcase>
  <testcase name="testMIPhD" classname="fr.familiar.featureide.FMLSlicerTest" time="0.009">
    <system-out><![CDATA[DEBUG: (Info cmd) viewSecurity = fmService.GridDeployment.Authentification.* ++ { fmService.GridDeployment.Authentification } ++ { fmService.MIService }
DEBUG: parsing wild card
DEBUG: (* extraction) actualFeatureName=GridDeployment.Authentification.*
DEBUG: (* extraction) indeed a qualified feature name
DEBUG: (* extraction) real feature name=*
DEBUG: parent feature actually there: Authentification
DEBUG: binary FML command (left) : fr.familiar.variable.SetVariable@38dad835
DEBUG: evaluating complex command... (right: org.xtext.example.mydsl.fml.impl.SetOperationImpl@8ad1765 (eProxyURI: dummy:/example1267098758.fml#//@cmds.0/@cmd/@right)) 
DEBUG: binary FML command (left) : fr.familiar.variable.SetVariable@57802829
DEBUG: evaluating complex command... (right: org.xtext.example.mydsl.fml.impl.ComplexCommandImpl@2415be1a (eProxyURI: dummy:/example1267098758.fml#//@cmds.0/@cmd/@right/@right)) 
DEBUG: binary FML command (right) : fr.familiar.variable.SetVariable@7586be85
DEBUG: union (++) processing...
DEBUG: binary FML command (right) : fr.familiar.variable.SetVariable@d72c30d
DEBUG: union (++) processing...
]]></system-out>
    <system-err><![CDATA[[PasswordBased, SSLAuth, KerberosAuth, CertificationAuth, Authentification, MIService]
]]></system-err>
  </testcase>
  <testcase name="checkASEExamples" classname="fr.familiar.featureide.FMLSlicerTest" time="0.013">
    <system-err><![CDATA[fm2=A: C B [D] ; 
C: (E|F) ; 
(D <-> E);
fm3=P: (S|R) ;
fm4=fakeRoot: (D|F) [E] ; 
((fakeRoot -> E) | (fakeRoot -> F));
(D <-> E);
]]></system-err>
  </testcase>
  <testcase name="alignment1" classname="fr.familiar.featureide.FMLSlicerTest" time="0.012">
    <system-out><![CDATA[DEBUG: (Info cmd) fm1s = slice fm1 excluding {fm1.Windows fm1.Linux}

DEBUG: (Info cmd) fm1sb = slice fm1 including {fm1.OS fm1.XP fm1.Ubuntu}

DEBUG: (Info cmd) assert (fm1s eq fm1sb)

DEBUG: binary FML command (left) : OS: (XP|Ubuntu) ;
DEBUG: evaluating complex command... (right: org.xtext.example.mydsl.fml.impl.ComplexCommandImpl@123e8cec (eProxyURI: dummy:/example1448117177.fml#//@cmds.0/@left/@assertion/@right)) 
DEBUG: binary FML command (right) : OS: (XP|Ubuntu) ;
DEBUG: (Info cmd) assert (fm1s eq fm2)

DEBUG: binary FML command (left) : OS: (XP|Ubuntu) ;
DEBUG: evaluating complex command... (right: org.xtext.example.mydsl.fml.impl.ComplexCommandImpl@3f67f2ff (eProxyURI: dummy:/example649309403.fml#//@cmds.0/@left/@assertion/@right)) 
DEBUG: binary FML command (right) : OS: (XP|Ubuntu) ;
DEBUG: (Info cmd) assert (fm1sb eq fm2)

DEBUG: binary FML command (left) : OS: (XP|Ubuntu) ;
DEBUG: evaluating complex command... (right: org.xtext.example.mydsl.fml.impl.ComplexCommandImpl@70e405bd (eProxyURI: dummy:/example179999800.fml#//@cmds.0/@left/@assertion/@right)) 
DEBUG: binary FML command (right) : OS: (XP|Ubuntu) ;
]]></system-out>
    <system-err><![CDATA[
	fmvSliced=OS: (XP|Ubuntu) ;
fm1s=OS: (XP|Ubuntu) ;
fm1sb=OS: (XP|Ubuntu) ;
]]></system-err>
  </testcase>
  <testcase name="alignment2" classname="fr.familiar.featureide.FMLSlicerTest" time="0.012"/>
  <testcase name="alignment3" classname="fr.familiar.featureide.FMLSlicerTest" time="0.014">
    <system-err><![CDATA[fla=<1:0, 3:0, 4:0, 6:1, 7:1><1:0, 3:0, 4:1, 6:0, 7:1><1:0, 3:1, 4:0, 6:0, 7:1><1:1, 3:0, 4:0, 6:0, 7:1> d:[Ubuntu, Debian, OS, XP, Seven]
deads=[]
]]></system-err>
  </testcase>
  <testcase name="alignment4" classname="fr.familiar.featureide.FMLSlicerTest" time="0.008">
    <system-err><![CDATA[fla=<1:0, 3:0, 5:0, 7:1, 9:1><1:0, 3:0, 5:1, 7:0, 9:1><1:0, 3:1, 5:0, 7:0, 9:1><1:1, 3:0, 5:0, 7:0, 9:1> d:[v10dot4, v10, SP2, OS, SP1]
deads=[]
]]></system-err>
  </testcase>
  <testcase name="alignment5" classname="fr.familiar.featureide.FMLSlicerTest" time="0.011">
    <system-err><![CDATA[fla=<1:0, 3:0, 5:0, 7:1, 9:1><1:0, 3:0, 5:1, 9:1><1:0, 3:1, 5:0, 7:0, 9:1><1:1, 5:0, 7:0, 9:1> d:[v10dot4, v10, SP2, OS, SP1]
deads=[]
fmProjected2=1: OS ; 
OS: (v10|v10dot4|SP1|SP2)+ ; 
(v10dot4 -> !SP1);
(v10dot4 -> !SP2);
(v10 -> !SP2);
(v10 -> !SP1);

setConfigToSetStr(fm2.configs())=[[v10dot4, OS], [v10, OS], [OS, SP2], [OS, SP1], [v10dot4, OS, v10], [SP2, OS, SP1]]
sols=[[v10dot4, OS], [v10, OS], [SP2, OS], [OS, SP1], [v10dot4, v10, OS], [SP2, OS, SP1]]
sols2=[[v10dot4, OS], [v10, OS], [SP2, OS], [OS, SP1], [v10dot4, v10, OS], [SP2, OS, SP1]]
]]></system-err>
  </testcase>
  <testcase name="testImposeHiearchy1" classname="fr.familiar.featureide.FMLSlicerTest" time="0.008"/>
  <testcase name="testASEPoster" classname="fr.familiar.featureide.FMLSlicerTest" time="0.021">
    <system-err><![CDATA[#1.0
#features=38
#cores=[SetOfConfigurations, CorrectiveCapabilities, Automation, Support, Eclipse, Slicing, Algorithm, Hierarchy, SemanticsAware, Motivation, Language, Semantics, RootSupport, SupportForConstraints, Editors, Environment, Paper, TextualEditor, Technique]
#deads=[SyntacticalTechnique]
======
fmASE = FM (Slicing : [FutureWork] Paper Support Motivation Algorithm Technique ; Paper : (Demonstration|Long|Short)+ ; Demonstration: CaseStudy ; CaseStudy: (VideoSurveillanceProcessingChains|MedicalImagingWorkflows|ReverseEngineeringSoftwareArchitecture) ; Support: [Automation] [Language] [Environment] ; Automation: (BDD|SAT)+ ; Environment: (Standalone|Eclipse)+ [Editors] ;Editors : [GraphicalEditor] [TextualEditor] ; Motivation : (LargeAndComplexFMs|MultipleInterRelatedFMs)+ ; Algorithm : [SupportForConstraints] [CorrectiveCapabilities] [RootSupport] [Semantics] (SyntacticalTechnique|SemanticsAware) [PropositionalLogics] ; Semantics: Hierarchy [SetOfConfigurations] ; Technique: (ReasoningWithTwoKindsOfVariability|ReconcilingFMs|UpdatingAndExtractingViews)+ ;Algorithm <-> Semantics ; Algorithm <-> CorrectiveCapabilities ;Algorithm <-> RootSupport ; CorrectiveCapabilities -> SupportForConstraints ; CorrectiveCapabilities -> SemanticsAware ; SetOfConfigurations <-> SemanticsAware ;SemanticsAware -> Automation ; Language -> TextualEditor ; Language ;TextualEditor -> Eclipse ;  )


fmvSemantics=Semantics: Hierarchy SetOfConfigurations ;
fmvSemantics=Algorithm: SupportForConstraints RootSupport SemanticsAware ;
fmvSemantics (cores)=[SemanticsAware, RootSupport, SupportForConstraints, Algorithm]
fmvSupport=Support: Environment Language Automation TextualEditor ; 
Environment: Eclipse [Standalone] ; 
Automation: (BDD|SAT)+ ;
fmvApplication=Technique: (UpdatingAndExtractingViews|ReasoningWithTwoKindsOfVariability|ReconcilingFMs)+ [CaseStudy] ; 
CaseStudy: (ReverseEngineeringSoftwareArchitecture|MedicalImagingWorkflows|VideoSurveillanceProcessingChains) ;
]]></system-err>
  </testcase>
  <testcase name="testSimpleSlice1" classname="fr.familiar.featureide.FMLSlicerTest" time="0.01">
    <system-out><![CDATA[DEBUG: (Info cmd) fm1 = FM (A : B ; B : (C|D) ; ) fm2 = slice fm1 excluding { fm1.B }
]]></system-out>
    <system-err><![CDATA[fmv2=1: A ; 
A: (C|D) ; 

fmv3=1: A ; 
A: (C|D) ; 

]]></system-err>
  </testcase>
  <testcase name="testFilteringContextVS" classname="fr.familiar.featureide.FMLSlicerTest" time="0.0">
    <skipped/>
  </testcase>
  <testcase name="foo1" classname="fr.familiar.featureide.FMLSlicerTest" time="0.01">
    <system-err><![CDATA[hierarchy=1: OS ; 
OS: XP? Ubuntu? ; 

fmv1p=OS: (XP|Ubuntu) ;
]]></system-err>
  </testcase>
  <testcase name="foo2" classname="fr.familiar.featureide.FMLSlicerTest" time="0.01">
    <system-out><![CDATA[DEBUG: (Info cmd) fm2 = slice fm1 including fm1.*
DEBUG: parsing wild card
DEBUG: does not involve a feature model: fm1.* e=feature not found: * in fm1
DEBUG: namespace: fm1
DEBUG: Searching variable (for *) v=fm1
DEBUG: NS is an FM fm1
]]></system-out>
  </testcase>
  <testcase name="misc1" classname="fr.familiar.featureide.FMLSlicerTest" time="0.008">
    <system-err><![CDATA[fla=<2:1, 3:0, 4:1, 5:1><2:1, 3:1, 4:1, 5:0> d:[v10, DirectX, v11, Multi, GC]
deads=[]
]]></system-err>
  </testcase>
  <testcase name="testRefactoring" classname="fr.familiar.featureide.FMLSlicerTest" time="0.012">
    <system-out><![CDATA[fm1=Wiki: [GPL] DataStorage ; 
DataStorage: (RCS|TextFiles|MySQL|SQLite|PostgreSQL) [DataBase] ; 
DataBase: SQL ; 
(MySQL -> GPL);
(after mapping) fm1=Wiki: [GPL] DataStorage ; 
DataStorage: (RCS|TextFiles|MySQL|SQLite|PostgreSQL) [DataBase] ; 
DataBase: SQL ; 
(MySQL -> GPL);
(SQL <-> ((MySQL | PostgreSQL) | SQLite));
hierarchy=RCS; TextFiles; Wiki; GPL; SQL; DataStorage; DataBase; [BOT] 0; [TOP] 1; 
[DataBase]->DataStorage:1; [TextFiles]->DataStorage:1; [DataStorage]->Wiki:1; [Wiki]->[TOP] 1:1; [RCS]->DataStorage:1; [SQL]->DataBase:1; [GPL]->Wiki:1; [Wiki]->[TOP] 1:2; 
(fmProjected) fm=Wiki: [GPL] DataStorage ; 
DataStorage: (RCS|TextFiles|DataBase) ; 
DataBase: SQL ;
]]></system-out>
  </testcase>
  <testcase name="testRealizability1" classname="fr.familiar.featureide.FMLSlicerTest" time="0.014">
    <system-err><![CDATA[#fmPL=1.0
fmSoftware=OnlineStoreR: ("DebitCardPaymentF1"|"PaymentUponInvoiceF2") ["CreditCardPaymentF4"] "CheckOfCreditHistoryF3" ;
fmPL="OnlineStoreVP1": ("PaymentUponInvoiceV2"|"CheckOfCreditHistoryV3"|"DebitCardPaymentV1")+ ; 
("PaymentUponInvoiceV2" -> "CheckOfCreditHistoryV3");
fmPLPrime="OnlineStoreVP1": ("PaymentUponInvoiceV2"|"DebitCardPaymentV1") "CheckOfCreditHistoryV3" ;
fmPLDiff="OnlineStoreVP1": ("CheckOfCreditHistoryV3"|"DebitCardPaymentV1")+ ["PaymentUponInvoiceV2"] ; 
("PaymentUponInvoiceV2" -> "CheckOfCreditHistoryV3");
("PaymentUponInvoiceV2" -> "DebitCardPaymentV1");
#fmPLDiff=1.0
[fmPLDiff]=[[DebitCardPaymentV1, CheckOfCreditHistoryV3, OnlineStoreVP1, PaymentUponInvoiceV2], [CheckOfCreditHistoryV3, OnlineStoreVP1], [DebitCardPaymentV1, OnlineStoreVP1]]
trace:
fmSoftware = FM (OnlineStoreR : (DebitCardPaymentF1|PaymentUponInvoiceF2) CheckOfCreditHistoryF3 [CreditCardPaymentF4] ; )

fmPL = FM (OnlineStoreVP1 : (DebitCardPaymentV1|PaymentUponInvoiceV2|CheckOfCreditHistoryV3)+; PaymentUponInvoiceV2 -> CheckOfCreditHistoryV3; )

xLink = constraints (DebitCardPaymentV1 <-> DebitCardPaymentF1 ; PaymentUponInvoiceV2 <-> PaymentUponInvoiceF2 ; CheckOfCreditHistoryF3 <-> CheckOfCreditHistoryV3; )

FM (gFM ; )
gFM = aggregate { fmPL fmSoftware } withMapping xLink

fmPLPrime = slice gFM including fmPL.*

fmPLDiff = merge diff { fmPL fmPLPrime }

history:

fmSoftware = FM (OnlineStoreR : (DebitCardPaymentF1|PaymentUponInvoiceF2) CheckOfCreditHistoryF3 [CreditCardPaymentF4] ; )

fmPL = FM (OnlineStoreVP1 : (DebitCardPaymentV1|PaymentUponInvoiceV2|CheckOfCreditHistoryV3)+; PaymentUponInvoiceV2 -> CheckOfCreditHistoryV3; )

xLink = constraints (DebitCardPaymentV1 <-> DebitCardPaymentF1 ; PaymentUponInvoiceV2 <-> PaymentUponInvoiceF2 ; CheckOfCreditHistoryF3 <-> CheckOfCreditHistoryV3; )

FM (gFM ; )
gFM = aggregate { fmPL fmSoftware } withMapping xLink

fmPLPrime = slice gFM including fmPL.*

fmPLDiff = merge diff { fmPL fmPLPrime }

]]></system-err>
  </testcase>
  <testcase name="testRealizability2" classname="fr.familiar.featureide.FMLSlicerTest" time="0.069">
    <system-err><![CDATA[size fmPL.*=11
size fmSoftware.*=25
[[F]]
fmSoftware=PBX: "F5" "F4" ["F3"] ["F2"] "F1" ; 
"F5": "F18" "F17" "F16" ; 
"F4": "F14" "F13" "F15" ; 
"F3": ["F11"] ["F12"] ; 
"F2": ["F9"] "F8" ["F10"] ; 
"F1": "F7" "F6" ; 
"F18": ["F24"] ["F23"] "F22" ; 
"F15": "F20" "F19" ["F21"] ; 
("F21" -> "F2");
("F24" -> "F3");
#fmSoftware=1.0
common(fmSoftware)=[F20, F22, PBX, F14, F13, F16, F15, F1, F18, F17, F4, F5, F19, F6, F7]
dead(fmSoftware)=[]
==========
[[O]]
fmPL=PBXPL: "VP1" ["VP2"] ["VP3"] ; 
"VP1": ("V13"|"V11"|"V12") ; 
"VP2": ("V21"|"V22") ; 
"VP3": "V31" ["V32"] ; 
("VP3" -> !"V12");
("VP3" -> !"V11");
("VP2" -> !"V11");
#fmPL=1.0
common(fmPL)=[PBXPL, VP1]
dead(fmPL)=[]
==========
gFM=gFM: PBXPL PBX ; 
PBXPL: "VP1" ["VP2"] ["VP3"] ; 
PBX: "F5" "F4" ["F3"] ["F2"] "F1" ; 
"VP1": ("V13"|"V11"|"V12") ; 
"VP2": ("V21"|"V22") ; 
"VP3": "V31" ["V32"] ; 
"F5": "F18" "F17" "F16" ; 
"F4": "F14" "F13" "F15" ; 
"F3": ["F11"] ["F12"] ; 
"F2": ["F9"] "F8" ["F10"] ; 
"F1": "F7" "F6" ; 
"F18": ["F24"] ["F23"] "F22" ; 
"F15": "F20" "F19" ["F21"] ; 
("F23" <-> "V13");
("F21" <-> ("V12" | "V13"));
("F8" <-> ("V21" | "V11"));
("VP3" -> !"V11");
("VP3" -> !"V12");
("F10" <-> "V22");
("F9" <-> "V22");
("F12" <-> "V32");
("F21" -> "F2");
("F24" -> "F3");
("F24" <-> "V13");
("F11" <-> "V31");
("VP2" -> !"V11");
#gFM=1.0
common(gFM)=[PBXPL, F20, F22, PBX, F14, F13, F16, F15, F1, F18, F2, F17, F4, F5, F19, gFM, F6, F7, F8, VP1]
dead(gFM)=[F9, F10, V22]
CTCR gfm=0.5135135135135135
==========
#slicedFla=1.0
#diffFla= 1.0
diffFla= <26:0, 27:1, 28:0, 29:0, 30:1, 31:0, 32:1, 33:0, 34:1, 35:1, 36:0><26:0, 27:1, 28:0, 29:0, 30:1, 31:0, 32:1, 33:1, 34:1, 35:0, 36:0><26:1, 27:1, 29:1, 30:1, 31:0, 32:1, 33:1, 34:1, 35:0, 36:0> d:[PBXPL, V21, V32, V31, VP1, V12, V11, V22, VP3, VP2, V13]
fmPLPrime=PBXPL: "VP1" ["VP2"] ["VP3"] ; 
"VP1": ("V13"|"V11"|"V12") ; 
"VP2": "V21" ; 
"VP3": "V31" ["V32"] ; 
("V21" -> !"V11");
("V31" -> !"V12");
("V32" -> !"V11");
("V31" -> !"V11");
#fmPLPrime=1.0
#fmSoftwareFla=1.0
#slicedFlaSoftware=1.0
#diffFlaSoftware= 1.0
diffFlaSoftware= <1:0, 2:1, 3:0, 4:1, 5:1, 6:1, 7:1, 8:1, 9:0, 10:1, 11:1, 12:1, 13:1, 14:1, 15:1, 16:0, 17:0, 18:0, 19:0, 20:0, 21:0, 22:0, 23:1, 24:1, 25:1><1:0, 2:1, 3:0, 4:1, 5:1, 6:1, 7:1, 8:1, 9:0, 10:1, 11:1, 12:1, 13:1, 14:1, 15:1, 16:0, 17:0, 18:0, 19:1, 20:1, 21:0, 22:1, 23:1, 24:1, 25:1><1:0, 2:1, 3:0, 4:1, 5:1, 6:1, 7:1, 8:1, 9:0, 10:1, 11:1, 12:1, 13:1, 14:1, 15:1, 16:0, 17:0, 18:0, 19:1, 20:1, 21:1, 23:1, 24:1, 25:1><1:0, 2:1, 3:0, 4:1, 5:1, 6:1, 7:1, 8:1, 9:0, 10:1, 11:1, 12:1, 13:1, 14:1, 15:1, 16:1, 17:0, 18:0, 19:0, 20:0, 21:0, 22:0, 23:1, 24:1, 25:1><1:0, 2:1, 3:0, 4:1, 5:1, 6:1, 7:1, 8:1, 9:0, 10:1, 11:1, 12:1, 13:1, 14:1, 15:1, 16:1, 17:0, 18:0, 19:1, 20:1, 21:0, 22:1, 23:1, 24:1, 25:1><1:0, 2:1, 3:0, 4:1, 5:1, 6:1, 7:1, 8:1, 9:0, 10:1, 11:1, 12:1, 13:1, 14:1, 15:1, 16:1, 17:0, 18:0, 19:1, 20:1, 21:1, 23:1, 24:1, 25:1><1:0, 2:1, 3:0, 4:1, 5:1, 6:1, 7:1, 8:1, 9:0, 10:1, 11:1, 12:1, 13:1, 14:1, 15:1, 16:1, 17:0, 18:1, 19:0, 20:0, 21:0, 22:0, 23:1, 24:1, 25:1><1:0, 2:1, 3:0, 4:1, 5:1, 6:1, 7:1, 8:1, 9:0, 10:1, 11:1, 12:1, 13:1, 14:1, 15:1, 16:1, 17:0, 18:1, 19:1, 20:1, 23:1, 24:1, 25:1><1:0, 2:1, 3:0, 4:1, 5:1, 6:1, 7:1, 8:1, 9:0, 10:1, 11:1, 12:1, 13:1, 14:1, 15:1, 16:1, 17:1, 19:0, 20:0, 21:0, 22:0, 23:1, 24:1, 25:1><1:0, 2:1, 3:0, 4:1, 5:1, 6:1, 7:1, 8:1, 9:0, 10:1, 11:1, 12:1, 13:1, 14:1, 15:1, 16:1, 17:1, 19:1, 20:1, 23:1, 24:1, 25:1><1:0, 2:1, 3:0, 4:1, 5:1, 6:1, 7:1, 8:1, 9:1, 10:1, 11:1, 12:1, 13:1, 14:1, 15:1, 16:0, 17:0, 18:0, 19:1, 20:1, 21:0, 22:1, 23:1, 24:1, 25:1><1:0, 2:1, 3:0, 4:1, 5:1, 6:1, 7:1, 8:1, 9:1, 10:1, 11:1, 12:1, 13:1, 14:1, 15:1, 16:0, 17:0, 18:0, 19:1, 20:1, 21:1, 23:1, 24:1, 25:1><1:0, 2:1, 3:0, 4:1, 5:1, 6:1, 7:1, 8:1, 9:1, 10:1, 11:1, 12:1, 13:1, 14:1, 15:1, 16:1, 17:0, 18:0, 19:1, 20:1, 21:0, 22:1, 23:1, 24:1, 25:1><1:0, 2:1, 3:0, 4:1, 5:1, 6:1, 7:1, 8:1, 9:1, 10:1, 11:1, 12:1, 13:1, 14:1, 15:1, 16:1, 17:0, 18:0, 19:1, 20:1, 21:1, 23:1, 24:1, 25:1><1:0, 2:1, 3:0, 4:1, 5:1, 6:1, 7:1, 8:1, 9:1, 10:1, 11:1, 12:1, 13:1, 14:1, 15:1, 16:1, 17:0, 18:1, 19:1, 20:1, 23:1, 24:1, 25:1><1:0, 2:1, 3:0, 4:1, 5:1, 6:1, 7:1, 8:1, 9:1, 10:1, 11:1, 12:1, 13:1, 14:1, 15:1, 16:1, 17:1, 19:1, 20:1, 23:1, 24:1, 25:1><1:0, 2:1, 3:1, 4:1, 5:1, 6:1, 7:1, 8:1, 9:0, 10:1, 11:1, 12:1, 13:1, 14:1, 15:1, 16:0, 17:0, 18:0, 19:0, 20:0, 21:0, 22:0, 23:1, 24:1, 25:1><1:0, 2:1, 3:1, 4:1, 5:1, 6:1, 7:1, 8:1, 9:0, 10:1, 11:1, 12:1, 13:1, 14:1, 15:1, 16:0, 17:0, 18:0, 19:1, 20:1, 23:1, 24:1, 25:1><1:0, 2:1, 3:1, 4:1, 5:1, 6:1, 7:1, 8:1, 9:0, 10:1, 11:1, 12:1, 13:1, 14:1, 15:1, 16:1, 19:0, 20:0, 21:0, 22:0, 23:1, 24:1, 25:1><1:0, 2:1, 3:1, 4:1, 5:1, 6:1, 7:1, 8:1, 9:0, 10:1, 11:1, 12:1, 13:1, 14:1, 15:1, 16:1, 19:1, 20:1, 23:1, 24:1, 25:1><1:0, 2:1, 3:1, 4:1, 5:1, 6:1, 7:1, 8:1, 9:1, 10:1, 11:1, 12:1, 13:1, 14:1, 15:1, 16:0, 17:0, 18:0, 19:1, 20:1, 23:1, 24:1, 25:1><1:0, 2:1, 3:1, 4:1, 5:1, 6:1, 7:1, 8:1, 9:1, 10:1, 11:1, 12:1, 13:1, 14:1, 15:1, 16:1, 19:1, 20:1, 23:1, 24:1, 25:1><1:1, 2:1, 3:0, 4:1, 5:1, 6:1, 7:1, 8:1, 9:0, 10:1, 11:1, 12:1, 13:1, 14:1, 15:1, 16:1, 19:0, 20:0, 21:0, 22:0, 23:1, 24:1, 25:1><1:1, 2:1, 3:0, 4:1, 5:1, 6:1, 7:1, 8:1, 9:0, 10:1, 11:1, 12:1, 13:1, 14:1, 15:1, 16:1, 19:1, 20:1, 23:1, 24:1, 25:1><1:1, 2:1, 3:0, 4:1, 5:1, 6:1, 7:1, 8:1, 9:1, 10:1, 11:1, 12:1, 13:1, 14:1, 15:1, 16:1, 19:1, 20:1, 23:1, 24:1, 25:1><1:1, 2:1, 3:1, 4:1, 5:1, 6:1, 7:1, 8:1, 9:0, 10:1, 11:1, 12:1, 13:1, 14:1, 15:1, 16:1, 17:0, 19:0, 20:0, 21:0, 22:0, 23:1, 24:1, 25:1><1:1, 2:1, 3:1, 4:1, 5:1, 6:1, 7:1, 8:1, 9:0, 10:1, 11:1, 12:1, 13:1, 14:1, 15:1, 16:1, 17:0, 19:1, 20:1, 21:0, 22:1, 23:1, 24:1, 25:1><1:1, 2:1, 3:1, 4:1, 5:1, 6:1, 7:1, 8:1, 9:0, 10:1, 11:1, 12:1, 13:1, 14:1, 15:1, 16:1, 17:0, 19:1, 20:1, 21:1, 23:1, 24:1, 25:1><1:1, 2:1, 3:1, 4:1, 5:1, 6:1, 7:1, 8:1, 9:0, 10:1, 11:1, 12:1, 13:1, 14:1, 15:1, 16:1, 17:1, 18:0, 19:0, 20:0, 21:0, 22:0, 23:1, 24:1, 25:1><1:1, 2:1, 3:1, 4:1, 5:1, 6:1, 7:1, 8:1, 9:0, 10:1, 11:1, 12:1, 13:1, 14:1, 15:1, 16:1, 17:1, 18:0, 19:1, 20:1, 23:1, 24:1, 25:1><1:1, 2:1, 3:1, 4:1, 5:1, 6:1, 7:1, 8:1, 9:0, 10:1, 11:1, 12:1, 13:1, 14:1, 15:1, 16:1, 17:1, 18:1, 19:0, 20:0, 21:0, 22:0, 23:1, 24:1, 25:1><1:1, 2:1, 3:1, 4:1, 5:1, 6:1, 7:1, 8:1, 9:0, 10:1, 11:1, 12:1, 13:1, 14:1, 15:1, 16:1, 17:1, 18:1, 19:1, 20:1, 21:0, 22:1, 23:1, 24:1, 25:1><1:1, 2:1, 3:1, 4:1, 5:1, 6:1, 7:1, 8:1, 9:0, 10:1, 11:1, 12:1, 13:1, 14:1, 15:1, 16:1, 17:1, 18:1, 19:1, 20:1, 21:1, 23:1, 24:1, 25:1><1:1, 2:1, 3:1, 4:1, 5:1, 6:1, 7:1, 8:1, 9:1, 10:1, 11:1, 12:1, 13:1, 14:1, 15:1, 16:1, 17:0, 19:1, 20:1, 21:0, 22:1, 23:1, 24:1, 25:1><1:1, 2:1, 3:1, 4:1, 5:1, 6:1, 7:1, 8:1, 9:1, 10:1, 11:1, 12:1, 13:1, 14:1, 15:1, 16:1, 17:0, 19:1, 20:1, 21:1, 23:1, 24:1, 25:1><1:1, 2:1, 3:1, 4:1, 5:1, 6:1, 7:1, 8:1, 9:1, 10:1, 11:1, 12:1, 13:1, 14:1, 15:1, 16:1, 17:1, 18:0, 19:1, 20:1, 23:1, 24:1, 25:1><1:1, 2:1, 3:1, 4:1, 5:1, 6:1, 7:1, 8:1, 9:1, 10:1, 11:1, 12:1, 13:1, 14:1, 15:1, 16:1, 17:1, 18:1, 19:1, 20:1, 21:0, 22:1, 23:1, 24:1, 25:1><1:1, 2:1, 3:1, 4:1, 5:1, 6:1, 7:1, 8:1, 9:1, 10:1, 11:1, 12:1, 13:1, 14:1, 15:1, 16:1, 17:1, 18:1, 19:1, 20:1, 21:1, 23:1, 24:1, 25:1> d:[F21, F20, F23, F22, F24, F10, F12, F11, PBX, F14, F13, F16, F1, F15, F18, F2, F3, F17, F4, F19, F5, F6, F7, F8, F9]
history:

fmSoftware = FM (PBX : F1 [F2] [F3] F4 F5; F1: F6 F7; 									F2 : [F9] [F10] F8; 									F3 : [F11] [F12];									F4 : F13 F14 F15;									F15 : F19 F20 [F21] ;									F5 : F16 F17 F18;									F18 : F22 [F23] [F24];									F21 requires F2; F24 requires F3 ; )

fmPL = FM (PBXPL : VP1 [VP2] [VP3]; VP1: (V11|V12|V13); VP2: (V22|V21); VP3: V31 [V32]; VP2 -> !V11 ; VP3 -> !V11 ; VP3 -> !V12 ; )

xLink = constraints (F9 <-> V22; F10 <-> V22; F8 <-> (V21|V11); F11 <-> V31; F12 <-> V32; F21 <-> (V12|V13); F23 <-> V13; F24 <-> V13; )

FM (gFM ; )
gFM = aggregate { fmPL fmSoftware } withMapping xLink

fmPLPrime = slice gFM including fmPL.*


]]></system-err>
  </testcase>
  <testcase name="testFiltering1bis" classname="fr.familiar.featureide.FMLSlicerTest" time="0.011">
    <system-err><![CDATA[
	fmvSliced=OS: ("v10"|"v10dot4"|"SP1"|"SP2")+ ; 
("v10dot4" -> !"v10");
("SP2" -> !"SP1");
]]></system-err>
  </testcase>
  <testcase name="testICECCSReachability1Test" classname="fr.familiar.featureide.FMLSlicerTest" time="0.012">
    <system-err><![CDATA[#vsarPrime=1.0
#vsarOriginal=1.0
#ratio=100.0
]]></system-err>
  </testcase>
  <testcase name="testICECCSReachability2Test" classname="fr.familiar.featureide.FMLSlicerTest" time="0.017">
    <system-err><![CDATA[#vsarPrime=1.0
#vsarOriginal=1.0
#ratio=100.0
]]></system-err>
  </testcase>
  <testcase name="testFiltering1" classname="fr.familiar.featureide.FMLSlicerTest" time="0.012">
    <system-err><![CDATA[
	fmvSliced=OS: ("v10"|"SP1")? ("v10dot4"|"SP2")? ; 
((((OS -> "SP2") | (OS -> "SP1")) | (OS -> "v10")) | (OS -> "v10dot4"));
("v10dot4" -> !"SP1");
("v10" -> !"SP2");
]]></system-err>
  </testcase>
  <testcase name="testFiltering2" classname="fr.familiar.featureide.FMLSlicerTest" time="0.008">
    <system-err><![CDATA[
	fmvSliced=A: (C|D)? ;
]]></system-err>
  </testcase>
  <testcase name="testFiltering3" classname="fr.familiar.featureide.FMLSlicerTest" time="0.009">
    <system-err><![CDATA[
	fmvSliced=fakeRoot: [B] ; 
B: (C|D) ;
]]></system-err>
  </testcase>
  <testcase name="testFiltering4" classname="fr.familiar.featureide.FMLSlicerTest" time="0.009">
    <system-err><![CDATA[
	fmvSliced=fakeRoot: [B] ;
]]></system-err>
  </testcase>
  <testcase name="testFiltering5" classname="fr.familiar.featureide.FMLSlicerTest" time="0.009">
    <system-err><![CDATA[
	fmvSliced=C: [B] ;
]]></system-err>
  </testcase>
  <testcase name="testFiltering6" classname="fr.familiar.featureide.FMLSlicerTest" time="0.009">
    <system-err><![CDATA[
	fmvSliced=GC: [Multi] DirectX ; 
DirectX: ("v10"|"v11") ;
]]></system-err>
  </testcase>
  <testcase name="testFilteringContext" classname="fr.familiar.featureide.FMLSlicerTest" time="0.008">
    <system-err><![CDATA[
	fmvSliced=A: (C|B) ;
]]></system-err>
  </testcase>
</testsuite>