<?xml version="1.0" encoding="UTF-8"?><testrun name="fr.familiar.test.featureide" project="FAMILIAR" tests="419" started="419" failures="7" errors="12" ignored="59">
  <testsuite name="fr.familiar.test.featureide.SATDimacsTest" time="10.681">
    <testsuite name="[0]" time="2.701">
      <testcase name="testDimacsSlicing[0]" classname="fr.familiar.test.featureide.SATDimacsTest" time="2.381"/>
      <testcase name="testDimacs[0]" classname="fr.familiar.test.featureide.SATDimacsTest" time="0.32"/>
    </testsuite>
    <testsuite name="[1]" time="0.528">
      <testcase name="testDimacsSlicing[1]" classname="fr.familiar.test.featureide.SATDimacsTest" time="0.281"/>
      <testcase name="testDimacs[1]" classname="fr.familiar.test.featureide.SATDimacsTest" time="0.247"/>
    </testsuite>
    <testsuite name="[2]" time="0.565">
      <testcase name="testDimacsSlicing[2]" classname="fr.familiar.test.featureide.SATDimacsTest" time="0.321"/>
      <testcase name="testDimacs[2]" classname="fr.familiar.test.featureide.SATDimacsTest" time="0.244"/>
    </testsuite>
    <testsuite name="[3]" time="0.418">
      <testcase name="testDimacsSlicing[3]" classname="fr.familiar.test.featureide.SATDimacsTest" time="0.226"/>
      <testcase name="testDimacs[3]" classname="fr.familiar.test.featureide.SATDimacsTest" time="0.192"/>
    </testsuite>
    <testsuite name="[4]" time="0.405">
      <testcase name="testDimacsSlicing[4]" classname="fr.familiar.test.featureide.SATDimacsTest" time="0.173"/>
      <testcase name="testDimacs[4]" classname="fr.familiar.test.featureide.SATDimacsTest" time="0.232"/>
    </testsuite>
    <testsuite name="[5]" time="0.434">
      <testcase name="testDimacsSlicing[5]" classname="fr.familiar.test.featureide.SATDimacsTest" time="0.239"/>
      <testcase name="testDimacs[5]" classname="fr.familiar.test.featureide.SATDimacsTest" time="0.195"/>
    </testsuite>
    <testsuite name="[6]" time="0.404">
      <testcase name="testDimacsSlicing[6]" classname="fr.familiar.test.featureide.SATDimacsTest" time="0.208"/>
      <testcase name="testDimacs[6]" classname="fr.familiar.test.featureide.SATDimacsTest" time="0.196"/>
    </testsuite>
    <testsuite name="[7]" time="0.394">
      <testcase name="testDimacsSlicing[7]" classname="fr.familiar.test.featureide.SATDimacsTest" time="0.192"/>
      <testcase name="testDimacs[7]" classname="fr.familiar.test.featureide.SATDimacsTest" time="0.202"/>
    </testsuite>
    <testsuite name="[8]" time="0.361">
      <testcase name="testDimacsSlicing[8]" classname="fr.familiar.test.featureide.SATDimacsTest" time="0.188"/>
      <testcase name="testDimacs[8]" classname="fr.familiar.test.featureide.SATDimacsTest" time="0.173"/>
    </testsuite>
    <testsuite name="[9]" time="0.33">
      <testcase name="testDimacsSlicing[9]" classname="fr.familiar.test.featureide.SATDimacsTest" time="0.172">
        <error>java.lang.UnsupportedOperationException: Dead features should have been removed!
	at fr.familiar.operations.KSynthesisBDD.computeMutexGroups(KSynthesisBDD.java:274)
	at fr.familiar.operations.KSynthesisBDD.build(KSynthesisBDD.java:147)
	at fr.familiar.operations.FMSlicerBDD._computeFMVSliced(FMSlicerBDD.java:97)
	at fr.familiar.operations.FMSlicerBDD.sliceFM(FMSlicerBDD.java:51)
	at fr.familiar.variable.FeatureModelVariable.slice(FeatureModelVariable.java:1902)
	at fr.familiar.variable.FeatureModelVariable.slice(FeatureModelVariable.java:1889)
	at fr.familiar.test.featureide.SATDimacsTest.testDimacsSlicing(SATDimacsTest.java:99)
	at sun.reflect.NativeMethodAccessorImpl.invoke0(Native Method)
	at sun.reflect.NativeMethodAccessorImpl.invoke(NativeMethodAccessorImpl.java:39)
	at sun.reflect.DelegatingMethodAccessorImpl.invoke(DelegatingMethodAccessorImpl.java:25)
	at java.lang.reflect.Method.invoke(Method.java:597)
	at org.junit.runners.model.FrameworkMethod$1.runReflectiveCall(FrameworkMethod.java:47)
	at org.junit.internal.runners.model.ReflectiveCallable.run(ReflectiveCallable.java:12)
	at org.junit.runners.model.FrameworkMethod.invokeExplosively(FrameworkMethod.java:44)
	at org.junit.internal.runners.statements.InvokeMethod.evaluate(InvokeMethod.java:17)
	at org.junit.internal.runners.statements.RunBefores.evaluate(RunBefores.java:26)
	at org.junit.internal.runners.statements.RunAfters.evaluate(RunAfters.java:27)
	at org.junit.runners.ParentRunner.runLeaf(ParentRunner.java:271)
	at org.junit.runners.BlockJUnit4ClassRunner.runChild(BlockJUnit4ClassRunner.java:70)
	at org.junit.runners.BlockJUnit4ClassRunner.runChild(BlockJUnit4ClassRunner.java:50)
	at org.junit.runners.ParentRunner$3.run(ParentRunner.java:238)
	at org.junit.runners.ParentRunner$1.schedule(ParentRunner.java:63)
	at org.junit.runners.ParentRunner.runChildren(ParentRunner.java:236)
	at org.junit.runners.ParentRunner.access$000(ParentRunner.java:53)
	at org.junit.runners.ParentRunner$2.evaluate(ParentRunner.java:229)
	at org.junit.runners.ParentRunner.run(ParentRunner.java:309)
	at org.junit.runners.Suite.runChild(Suite.java:127)
	at org.junit.runners.Suite.runChild(Suite.java:26)
	at org.junit.runners.ParentRunner$3.run(ParentRunner.java:238)
	at org.junit.runners.ParentRunner$1.schedule(ParentRunner.java:63)
	at org.junit.runners.ParentRunner.runChildren(ParentRunner.java:236)
	at org.junit.runners.ParentRunner.access$000(ParentRunner.java:53)
	at org.junit.runners.ParentRunner$2.evaluate(ParentRunner.java:229)
	at org.junit.runners.ParentRunner.run(ParentRunner.java:309)
	at org.eclipse.jdt.internal.junit4.runner.JUnit4TestReference.run(JUnit4TestReference.java:50)
	at org.eclipse.jdt.internal.junit.runner.TestExecution.run(TestExecution.java:38)
	at org.eclipse.jdt.internal.junit.runner.RemoteTestRunner.runTests(RemoteTestRunner.java:467)
	at org.eclipse.jdt.internal.junit.runner.RemoteTestRunner.runTests(RemoteTestRunner.java:683)
	at org.eclipse.jdt.internal.junit.runner.RemoteTestRunner.run(RemoteTestRunner.java:390)
	at org.eclipse.jdt.internal.junit.runner.RemoteTestRunner.main(RemoteTestRunner.java:197)

</error>
      </testcase>
      <testcase name="testDimacs[9]" classname="fr.familiar.test.featureide.SATDimacsTest" time="0.158"/>
    </testsuite>
    <testsuite name="[10]" time="0.283">
      <testcase name="testDimacsSlicing[10]" classname="fr.familiar.test.featureide.SATDimacsTest" time="0.107"/>
      <testcase name="testDimacs[10]" classname="fr.familiar.test.featureide.SATDimacsTest" time="0.176"/>
    </testsuite>
    <testsuite name="[11]" time="0.288">
      <testcase name="testDimacsSlicing[11]" classname="fr.familiar.test.featureide.SATDimacsTest" time="0.098"/>
      <testcase name="testDimacs[11]" classname="fr.familiar.test.featureide.SATDimacsTest" time="0.19"/>
    </testsuite>
    <testsuite name="[12]" time="0.404">
      <testcase name="testDimacsSlicing[12]" classname="fr.familiar.test.featureide.SATDimacsTest" time="0.211"/>
      <testcase name="testDimacs[12]" classname="fr.familiar.test.featureide.SATDimacsTest" time="0.193"/>
    </testsuite>
    <testsuite name="[13]" time="0.356">
      <testcase name="testDimacsSlicing[13]" classname="fr.familiar.test.featureide.SATDimacsTest" time="0.182"/>
      <testcase name="testDimacs[13]" classname="fr.familiar.test.featureide.SATDimacsTest" time="0.174"/>
    </testsuite>
    <testsuite name="[14]" time="0.339">
      <testcase name="testDimacsSlicing[14]" classname="fr.familiar.test.featureide.SATDimacsTest" time="0.169"/>
      <testcase name="testDimacs[14]" classname="fr.familiar.test.featureide.SATDimacsTest" time="0.17"/>
    </testsuite>
    <testsuite name="[15]" time="0.349">
      <testcase name="testDimacsSlicing[15]" classname="fr.familiar.test.featureide.SATDimacsTest" time="0.18"/>
      <testcase name="testDimacs[15]" classname="fr.familiar.test.featureide.SATDimacsTest" time="0.169"/>
    </testsuite>
    <testsuite name="[16]" time="0.278">
      <testcase name="testDimacsSlicing[16]" classname="fr.familiar.test.featureide.SATDimacsTest" time="0.195"/>
      <testcase name="testDimacs[16]" classname="fr.familiar.test.featureide.SATDimacsTest" time="0.083"/>
    </testsuite>
    <testsuite name="[17]" time="0.331">
      <testcase name="testDimacsSlicing[17]" classname="fr.familiar.test.featureide.SATDimacsTest" time="0.165"/>
      <testcase name="testDimacs[17]" classname="fr.familiar.test.featureide.SATDimacsTest" time="0.166"/>
    </testsuite>
    <testsuite name="[18]" time="0.312">
      <testcase name="testDimacsSlicing[18]" classname="fr.familiar.test.featureide.SATDimacsTest" time="0.17"/>
      <testcase name="testDimacs[18]" classname="fr.familiar.test.featureide.SATDimacsTest" time="0.142"/>
    </testsuite>
    <testsuite name="[19]" time="0.257">
      <testcase name="testDimacsSlicing[19]" classname="fr.familiar.test.featureide.SATDimacsTest" time="0.086"/>
      <testcase name="testDimacs[19]" classname="fr.familiar.test.featureide.SATDimacsTest" time="0.171"/>
    </testsuite>
    <testsuite name="[20]" time="0.336">
      <testcase name="testDimacsSlicing[20]" classname="fr.familiar.test.featureide.SATDimacsTest" time="0.165"/>
      <testcase name="testDimacs[20]" classname="fr.familiar.test.featureide.SATDimacsTest" time="0.171"/>
    </testsuite>
    <testsuite name="[21]" time="0.381">
      <testcase name="testDimacsSlicing[21]" classname="fr.familiar.test.featureide.SATDimacsTest" time="0.196"/>
      <testcase name="testDimacs[21]" classname="fr.familiar.test.featureide.SATDimacsTest" time="0.185"/>
    </testsuite>
    <testsuite name="[22]" time="0.226">
      <testcase name="testDimacsSlicing[22]" classname="fr.familiar.test.featureide.SATDimacsTest" time="0.174">
        <error>java.lang.UnsupportedOperationException: Dead features should have been removed!
	at fr.familiar.operations.KSynthesisBDD.computeMutexGroups(KSynthesisBDD.java:274)
	at fr.familiar.operations.KSynthesisBDD.build(KSynthesisBDD.java:147)
	at fr.familiar.operations.FMSlicerBDD._computeFMVSliced(FMSlicerBDD.java:97)
	at fr.familiar.operations.FMSlicerBDD.sliceFM(FMSlicerBDD.java:51)
	at fr.familiar.variable.FeatureModelVariable.slice(FeatureModelVariable.java:1902)
	at fr.familiar.variable.FeatureModelVariable.slice(FeatureModelVariable.java:1889)
	at fr.familiar.test.featureide.SATDimacsTest.testDimacsSlicing(SATDimacsTest.java:99)
	at sun.reflect.GeneratedMethodAccessor82.invoke(Unknown Source)
	at sun.reflect.DelegatingMethodAccessorImpl.invoke(DelegatingMethodAccessorImpl.java:25)
	at java.lang.reflect.Method.invoke(Method.java:597)
	at org.junit.runners.model.FrameworkMethod$1.runReflectiveCall(FrameworkMethod.java:47)
	at org.junit.internal.runners.model.ReflectiveCallable.run(ReflectiveCallable.java:12)
	at org.junit.runners.model.FrameworkMethod.invokeExplosively(FrameworkMethod.java:44)
	at org.junit.internal.runners.statements.InvokeMethod.evaluate(InvokeMethod.java:17)
	at org.junit.internal.runners.statements.RunBefores.evaluate(RunBefores.java:26)
	at org.junit.internal.runners.statements.RunAfters.evaluate(RunAfters.java:27)
	at org.junit.runners.ParentRunner.runLeaf(ParentRunner.java:271)
	at org.junit.runners.BlockJUnit4ClassRunner.runChild(BlockJUnit4ClassRunner.java:70)
	at org.junit.runners.BlockJUnit4ClassRunner.runChild(BlockJUnit4ClassRunner.java:50)
	at org.junit.runners.ParentRunner$3.run(ParentRunner.java:238)
	at org.junit.runners.ParentRunner$1.schedule(ParentRunner.java:63)
	at org.junit.runners.ParentRunner.runChildren(ParentRunner.java:236)
	at org.junit.runners.ParentRunner.access$000(ParentRunner.java:53)
	at org.junit.runners.ParentRunner$2.evaluate(ParentRunner.java:229)
	at org.junit.runners.ParentRunner.run(ParentRunner.java:309)
	at org.junit.runners.Suite.runChild(Suite.java:127)
	at org.junit.runners.Suite.runChild(Suite.java:26)
	at org.junit.runners.ParentRunner$3.run(ParentRunner.java:238)
	at org.junit.runners.ParentRunner$1.schedule(ParentRunner.java:63)
	at org.junit.runners.ParentRunner.runChildren(ParentRunner.java:236)
	at org.junit.runners.ParentRunner.access$000(ParentRunner.java:53)
	at org.junit.runners.ParentRunner$2.evaluate(ParentRunner.java:229)
	at org.junit.runners.ParentRunner.run(ParentRunner.java:309)
	at org.eclipse.jdt.internal.junit4.runner.JUnit4TestReference.run(JUnit4TestReference.java:50)
	at org.eclipse.jdt.internal.junit.runner.TestExecution.run(TestExecution.java:38)
	at org.eclipse.jdt.internal.junit.runner.RemoteTestRunner.runTests(RemoteTestRunner.java:467)
	at org.eclipse.jdt.internal.junit.runner.RemoteTestRunner.runTests(RemoteTestRunner.java:683)
	at org.eclipse.jdt.internal.junit.runner.RemoteTestRunner.run(RemoteTestRunner.java:390)
	at org.eclipse.jdt.internal.junit.runner.RemoteTestRunner.main(RemoteTestRunner.java:197)

</error>
      </testcase>
      <testcase name="testDimacs[22]" classname="fr.familiar.test.featureide.SATDimacsTest" time="0.052"/>
    </testsuite>
  </testsuite>
  <testcase name="fr.familiar.test.featureide.AdamArchTest" classname="fr.familiar.test.featureide.AdamArchTest" time="0.0" ignored="true"/>
  <testsuite name="fr.familiar.test.featureide.FMLBasicInterpreterTest" time="0.547">
    <testcase name="testFMConverter1" classname="fr.familiar.test.featureide.FMLBasicInterpreterTest" time="0.101"/>
    <testcase name="testFMConverter2" classname="fr.familiar.test.featureide.FMLBasicInterpreterTest" time="0.05"/>
    <testcase name="testFMConverter3" classname="fr.familiar.test.featureide.FMLBasicInterpreterTest" time="0.171"/>
    <testcase name="testFMReset1" classname="fr.familiar.test.featureide.FMLBasicInterpreterTest" time="0.051"/>
    <testcase name="testScript1" classname="fr.familiar.test.featureide.FMLBasicInterpreterTest" time="0.174"/>
  </testsuite>
  <testcase name="fr.familiar.test.featureide.FMLConfiguration3Test" classname="fr.familiar.test.featureide.FMLConfiguration3Test" time="0.0" ignored="true"/>
  <testsuite name="fr.familiar.test.featureide.SATBuilder2Test" time="0.093">
    <testcase name="test1" classname="fr.familiar.test.featureide.SATBuilder2Test" time="0.093"/>
  </testsuite>
  <testsuite name="fr.familiar.test.featureide.FMLConstraintsFMVTest" time="0.196">
    <testcase name="testConstraints" classname="fr.familiar.test.featureide.FMLConstraintsFMVTest" time="0.196">
      <failure>java.lang.AssertionError: expected:&lt;1.0&gt; but was:&lt;4.0&gt;
	at org.junit.Assert.fail(Assert.java:88)
	at org.junit.Assert.failNotEquals(Assert.java:743)
	at org.junit.Assert.assertEquals(Assert.java:494)
	at org.junit.Assert.assertEquals(Assert.java:592)
	at fr.familiar.test.featureide.FMLConstraintsFMVTest.testConstraints(FMLConstraintsFMVTest.java:41)
	at sun.reflect.NativeMethodAccessorImpl.invoke0(Native Method)
	at sun.reflect.NativeMethodAccessorImpl.invoke(NativeMethodAccessorImpl.java:39)
	at sun.reflect.DelegatingMethodAccessorImpl.invoke(DelegatingMethodAccessorImpl.java:25)
	at java.lang.reflect.Method.invoke(Method.java:597)
	at org.junit.runners.model.FrameworkMethod$1.runReflectiveCall(FrameworkMethod.java:47)
	at org.junit.internal.runners.model.ReflectiveCallable.run(ReflectiveCallable.java:12)
	at org.junit.runners.model.FrameworkMethod.invokeExplosively(FrameworkMethod.java:44)
	at org.junit.internal.runners.statements.InvokeMethod.evaluate(InvokeMethod.java:17)
	at org.junit.internal.runners.statements.RunBefores.evaluate(RunBefores.java:26)
	at org.junit.internal.runners.statements.RunAfters.evaluate(RunAfters.java:27)
	at org.junit.runners.ParentRunner.runLeaf(ParentRunner.java:271)
	at org.junit.runners.BlockJUnit4ClassRunner.runChild(BlockJUnit4ClassRunner.java:70)
	at org.junit.runners.BlockJUnit4ClassRunner.runChild(BlockJUnit4ClassRunner.java:50)
	at org.junit.runners.ParentRunner$3.run(ParentRunner.java:238)
	at org.junit.runners.ParentRunner$1.schedule(ParentRunner.java:63)
	at org.junit.runners.ParentRunner.runChildren(ParentRunner.java:236)
	at org.junit.runners.ParentRunner.access$000(ParentRunner.java:53)
	at org.junit.runners.ParentRunner$2.evaluate(ParentRunner.java:229)
	at org.junit.runners.ParentRunner.run(ParentRunner.java:309)
	at org.eclipse.jdt.internal.junit4.runner.JUnit4TestReference.run(JUnit4TestReference.java:50)
	at org.eclipse.jdt.internal.junit.runner.TestExecution.run(TestExecution.java:38)
	at org.eclipse.jdt.internal.junit.runner.RemoteTestRunner.runTests(RemoteTestRunner.java:467)
	at org.eclipse.jdt.internal.junit.runner.RemoteTestRunner.runTests(RemoteTestRunner.java:683)
	at org.eclipse.jdt.internal.junit.runner.RemoteTestRunner.run(RemoteTestRunner.java:390)
	at org.eclipse.jdt.internal.junit.runner.RemoteTestRunner.main(RemoteTestRunner.java:197)

</failure>
    </testcase>
  </testsuite>
  <testsuite name="fr.familiar.test.featureide.SATOperationsTest" time="6.778">
    <testsuite name="[0]" time="0.274">
      <testcase name="testCores1[0]" classname="fr.familiar.test.featureide.SATOperationsTest" time="0.06"/>
      <testcase name="testDeads1[0]" classname="fr.familiar.test.featureide.SATOperationsTest" time="0.158"/>
      <testcase name="test1[0]" classname="fr.familiar.test.featureide.SATOperationsTest" time="0.055"/>
    </testsuite>
    <testsuite name="[1]" time="0.36">
      <testcase name="testCores1[1]" classname="fr.familiar.test.featureide.SATOperationsTest" time="0.154"/>
      <testcase name="testDeads1[1]" classname="fr.familiar.test.featureide.SATOperationsTest" time="0.05"/>
      <testcase name="test1[1]" classname="fr.familiar.test.featureide.SATOperationsTest" time="0.156"/>
    </testsuite>
    <testsuite name="[2]" time="0.241">
      <testcase name="testCores1[2]" classname="fr.familiar.test.featureide.SATOperationsTest" time="0.045"/>
      <testcase name="testDeads1[2]" classname="fr.familiar.test.featureide.SATOperationsTest" time="0.15"/>
      <testcase name="test1[2]" classname="fr.familiar.test.featureide.SATOperationsTest" time="0.046"/>
    </testsuite>
    <testsuite name="[3]" time="0.348">
      <testcase name="testCores1[3]" classname="fr.familiar.test.featureide.SATOperationsTest" time="0.155"/>
      <testcase name="testDeads1[3]" classname="fr.familiar.test.featureide.SATOperationsTest" time="0.044"/>
      <testcase name="test1[3]" classname="fr.familiar.test.featureide.SATOperationsTest" time="0.149"/>
    </testsuite>
    <testsuite name="[4]" time="0.25">
      <testcase name="testCores1[4]" classname="fr.familiar.test.featureide.SATOperationsTest" time="0.048"/>
      <testcase name="testDeads1[4]" classname="fr.familiar.test.featureide.SATOperationsTest" time="0.155"/>
      <testcase name="test1[4]" classname="fr.familiar.test.featureide.SATOperationsTest" time="0.047"/>
    </testsuite>
    <testsuite name="[5]" time="0.349">
      <testcase name="testCores1[5]" classname="fr.familiar.test.featureide.SATOperationsTest" time="0.151"/>
      <testcase name="testDeads1[5]" classname="fr.familiar.test.featureide.SATOperationsTest" time="0.043"/>
      <testcase name="test1[5]" classname="fr.familiar.test.featureide.SATOperationsTest" time="0.155"/>
    </testsuite>
    <testsuite name="[6]" time="0.245">
      <testcase name="testCores1[6]" classname="fr.familiar.test.featureide.SATOperationsTest" time="0.048"/>
      <testcase name="testDeads1[6]" classname="fr.familiar.test.featureide.SATOperationsTest" time="0.15"/>
      <testcase name="test1[6]" classname="fr.familiar.test.featureide.SATOperationsTest" time="0.047"/>
    </testsuite>
    <testsuite name="[7]" time="0.339">
      <testcase name="testCores1[7]" classname="fr.familiar.test.featureide.SATOperationsTest" time="0.146"/>
      <testcase name="testDeads1[7]" classname="fr.familiar.test.featureide.SATOperationsTest" time="0.045"/>
      <testcase name="test1[7]" classname="fr.familiar.test.featureide.SATOperationsTest" time="0.148"/>
    </testsuite>
    <testsuite name="[8]" time="0.235">
      <testcase name="testCores1[8]" classname="fr.familiar.test.featureide.SATOperationsTest" time="0.044"/>
      <testcase name="testDeads1[8]" classname="fr.familiar.test.featureide.SATOperationsTest" time="0.147"/>
      <testcase name="test1[8]" classname="fr.familiar.test.featureide.SATOperationsTest" time="0.044"/>
    </testsuite>
    <testsuite name="[9]" time="0.348">
      <testcase name="testCores1[9]" classname="fr.familiar.test.featureide.SATOperationsTest" time="0.15"/>
      <testcase name="testDeads1[9]" classname="fr.familiar.test.featureide.SATOperationsTest" time="0.043"/>
      <testcase name="test1[9]" classname="fr.familiar.test.featureide.SATOperationsTest" time="0.155"/>
    </testsuite>
    <testsuite name="[10]" time="0.243">
      <testcase name="testCores1[10]" classname="fr.familiar.test.featureide.SATOperationsTest" time="0.044"/>
      <testcase name="testDeads1[10]" classname="fr.familiar.test.featureide.SATOperationsTest" time="0.149"/>
      <testcase name="test1[10]" classname="fr.familiar.test.featureide.SATOperationsTest" time="0.05"/>
    </testsuite>
    <testsuite name="[11]" time="0.359">
      <testcase name="testCores1[11]" classname="fr.familiar.test.featureide.SATOperationsTest" time="0.148"/>
      <testcase name="testDeads1[11]" classname="fr.familiar.test.featureide.SATOperationsTest" time="0.046"/>
      <testcase name="test1[11]" classname="fr.familiar.test.featureide.SATOperationsTest" time="0.165"/>
    </testsuite>
    <testsuite name="[12]" time="0.248">
      <testcase name="testCores1[12]" classname="fr.familiar.test.featureide.SATOperationsTest" time="0.049"/>
      <testcase name="testDeads1[12]" classname="fr.familiar.test.featureide.SATOperationsTest" time="0.154"/>
      <testcase name="test1[12]" classname="fr.familiar.test.featureide.SATOperationsTest" time="0.045"/>
    </testsuite>
    <testsuite name="[13]" time="0.355">
      <testcase name="testCores1[13]" classname="fr.familiar.test.featureide.SATOperationsTest" time="0.156"/>
      <testcase name="testDeads1[13]" classname="fr.familiar.test.featureide.SATOperationsTest" time="0.047"/>
      <testcase name="test1[13]" classname="fr.familiar.test.featureide.SATOperationsTest" time="0.152"/>
    </testsuite>
    <testsuite name="[14]" time="0.245">
      <testcase name="testCores1[14]" classname="fr.familiar.test.featureide.SATOperationsTest" time="0.049"/>
      <testcase name="testDeads1[14]" classname="fr.familiar.test.featureide.SATOperationsTest" time="0.15"/>
      <testcase name="test1[14]" classname="fr.familiar.test.featureide.SATOperationsTest" time="0.046"/>
    </testsuite>
    <testsuite name="[15]" time="0.371">
      <testcase name="testCores1[15]" classname="fr.familiar.test.featureide.SATOperationsTest" time="0.144"/>
      <testcase name="testDeads1[15]" classname="fr.familiar.test.featureide.SATOperationsTest" time="0.045"/>
      <testcase name="test1[15]" classname="fr.familiar.test.featureide.SATOperationsTest" time="0.182"/>
    </testsuite>
    <testsuite name="[16]" time="0.239">
      <testcase name="testCores1[16]" classname="fr.familiar.test.featureide.SATOperationsTest" time="0.047"/>
      <testcase name="testDeads1[16]" classname="fr.familiar.test.featureide.SATOperationsTest" time="0.146"/>
      <testcase name="test1[16]" classname="fr.familiar.test.featureide.SATOperationsTest" time="0.046"/>
    </testsuite>
    <testsuite name="[17]" time="0.334">
      <testcase name="testCores1[17]" classname="fr.familiar.test.featureide.SATOperationsTest" time="0.142"/>
      <testcase name="testDeads1[17]" classname="fr.familiar.test.featureide.SATOperationsTest" time="0.048"/>
      <testcase name="test1[17]" classname="fr.familiar.test.featureide.SATOperationsTest" time="0.144"/>
    </testsuite>
    <testsuite name="[18]" time="0.231">
      <testcase name="testCores1[18]" classname="fr.familiar.test.featureide.SATOperationsTest" time="0.041"/>
      <testcase name="testDeads1[18]" classname="fr.familiar.test.featureide.SATOperationsTest" time="0.148"/>
      <testcase name="test1[18]" classname="fr.familiar.test.featureide.SATOperationsTest" time="0.042"/>
    </testsuite>
    <testsuite name="[19]" time="0.333">
      <testcase name="testCores1[19]" classname="fr.familiar.test.featureide.SATOperationsTest" time="0.146"/>
      <testcase name="testDeads1[19]" classname="fr.familiar.test.featureide.SATOperationsTest" time="0.042"/>
      <testcase name="test1[19]" classname="fr.familiar.test.featureide.SATOperationsTest" time="0.145"/>
    </testsuite>
    <testsuite name="[20]" time="0.229">
      <testcase name="testCores1[20]" classname="fr.familiar.test.featureide.SATOperationsTest" time="0.042"/>
      <testcase name="testDeads1[20]" classname="fr.familiar.test.featureide.SATOperationsTest" time="0.146"/>
      <testcase name="test1[20]" classname="fr.familiar.test.featureide.SATOperationsTest" time="0.041"/>
    </testsuite>
    <testsuite name="[21]" time="0.365">
      <testcase name="testCores1[21]" classname="fr.familiar.test.featureide.SATOperationsTest" time="0.16"/>
      <testcase name="testDeads1[21]" classname="fr.familiar.test.featureide.SATOperationsTest" time="0.048"/>
      <testcase name="test1[21]" classname="fr.familiar.test.featureide.SATOperationsTest" time="0.157"/>
    </testsuite>
    <testsuite name="[22]" time="0.237">
      <testcase name="testCores1[22]" classname="fr.familiar.test.featureide.SATOperationsTest" time="0.041"/>
      <testcase name="testDeads1[22]" classname="fr.familiar.test.featureide.SATOperationsTest" time="0.156"/>
      <testcase name="test1[22]" classname="fr.familiar.test.featureide.SATOperationsTest" time="0.04"/>
    </testsuite>
  </testsuite>
  <testsuite name="fr.familiar.test.featureide.FMLTutorialTest" time="1.338">
    <testcase name="testLdPDay1" classname="fr.familiar.test.featureide.FMLTutorialTest" time="0.145"/>
    <testcase name="testLdPDay2" classname="fr.familiar.test.featureide.FMLTutorialTest" time="0.055"/>
    <testcase name="testLdPDay3" classname="fr.familiar.test.featureide.FMLTutorialTest" time="0.139"/>
    <testcase name="testLdPDay4" classname="fr.familiar.test.featureide.FMLTutorialTest" time="0.0" ignored="true"/>
    <testcase name="testLdPDay5" classname="fr.familiar.test.featureide.FMLTutorialTest" time="0.122">
      <failure>java.lang.AssertionError: b1 is true
	at org.junit.Assert.fail(Assert.java:88)
	at org.junit.Assert.assertTrue(Assert.java:41)
	at fr.familiar.test.featureide.FMLTutorialTest.testLdPDay5(FMLTutorialTest.java:300)
	at sun.reflect.NativeMethodAccessorImpl.invoke0(Native Method)
	at sun.reflect.NativeMethodAccessorImpl.invoke(NativeMethodAccessorImpl.java:39)
	at sun.reflect.DelegatingMethodAccessorImpl.invoke(DelegatingMethodAccessorImpl.java:25)
	at java.lang.reflect.Method.invoke(Method.java:597)
	at org.junit.runners.model.FrameworkMethod$1.runReflectiveCall(FrameworkMethod.java:47)
	at org.junit.internal.runners.model.ReflectiveCallable.run(ReflectiveCallable.java:12)
	at org.junit.runners.model.FrameworkMethod.invokeExplosively(FrameworkMethod.java:44)
	at org.junit.internal.runners.statements.InvokeMethod.evaluate(InvokeMethod.java:17)
	at org.junit.internal.runners.statements.RunBefores.evaluate(RunBefores.java:26)
	at org.junit.internal.runners.statements.RunAfters.evaluate(RunAfters.java:27)
	at org.junit.runners.ParentRunner.runLeaf(ParentRunner.java:271)
	at org.junit.runners.BlockJUnit4ClassRunner.runChild(BlockJUnit4ClassRunner.java:70)
	at org.junit.runners.BlockJUnit4ClassRunner.runChild(BlockJUnit4ClassRunner.java:50)
	at org.junit.runners.ParentRunner$3.run(ParentRunner.java:238)
	at org.junit.runners.ParentRunner$1.schedule(ParentRunner.java:63)
	at org.junit.runners.ParentRunner.runChildren(ParentRunner.java:236)
	at org.junit.runners.ParentRunner.access$000(ParentRunner.java:53)
	at org.junit.runners.ParentRunner$2.evaluate(ParentRunner.java:229)
	at org.junit.runners.ParentRunner.run(ParentRunner.java:309)
	at org.eclipse.jdt.internal.junit4.runner.JUnit4TestReference.run(JUnit4TestReference.java:50)
	at org.eclipse.jdt.internal.junit.runner.TestExecution.run(TestExecution.java:38)
	at org.eclipse.jdt.internal.junit.runner.RemoteTestRunner.runTests(RemoteTestRunner.java:467)
	at org.eclipse.jdt.internal.junit.runner.RemoteTestRunner.runTests(RemoteTestRunner.java:683)
	at org.eclipse.jdt.internal.junit.runner.RemoteTestRunner.run(RemoteTestRunner.java:390)
	at org.eclipse.jdt.internal.junit.runner.RemoteTestRunner.main(RemoteTestRunner.java:197)

</failure>
    </testcase>
    <testcase name="testLdPDay6" classname="fr.familiar.test.featureide.FMLTutorialTest" time="0.165"/>
    <testcase name="testLdPDay7" classname="fr.familiar.test.featureide.FMLTutorialTest" time="0.319"/>
    <testcase name="testLdPDay8" classname="fr.familiar.test.featureide.FMLTutorialTest" time="0.066"/>
    <testcase name="testLdPDay9" classname="fr.familiar.test.featureide.FMLTutorialTest" time="0.148"/>
    <testcase name="testLdPDay10" classname="fr.familiar.test.featureide.FMLTutorialTest" time="0.178">
      <failure>java.lang.AssertionError: originalLaptop features contain newGC features
	at org.junit.Assert.fail(Assert.java:88)
	at org.junit.Assert.assertTrue(Assert.java:41)
	at fr.familiar.test.featureide.FMLTutorialTest.testLdPDay10(FMLTutorialTest.java:520)
	at sun.reflect.NativeMethodAccessorImpl.invoke0(Native Method)
	at sun.reflect.NativeMethodAccessorImpl.invoke(NativeMethodAccessorImpl.java:39)
	at sun.reflect.DelegatingMethodAccessorImpl.invoke(DelegatingMethodAccessorImpl.java:25)
	at java.lang.reflect.Method.invoke(Method.java:597)
	at org.junit.runners.model.FrameworkMethod$1.runReflectiveCall(FrameworkMethod.java:47)
	at org.junit.internal.runners.model.ReflectiveCallable.run(ReflectiveCallable.java:12)
	at org.junit.runners.model.FrameworkMethod.invokeExplosively(FrameworkMethod.java:44)
	at org.junit.internal.runners.statements.InvokeMethod.evaluate(InvokeMethod.java:17)
	at org.junit.internal.runners.statements.RunBefores.evaluate(RunBefores.java:26)
	at org.junit.internal.runners.statements.RunAfters.evaluate(RunAfters.java:27)
	at org.junit.runners.ParentRunner.runLeaf(ParentRunner.java:271)
	at org.junit.runners.BlockJUnit4ClassRunner.runChild(BlockJUnit4ClassRunner.java:70)
	at org.junit.runners.BlockJUnit4ClassRunner.runChild(BlockJUnit4ClassRunner.java:50)
	at org.junit.runners.ParentRunner$3.run(ParentRunner.java:238)
	at org.junit.runners.ParentRunner$1.schedule(ParentRunner.java:63)
	at org.junit.runners.ParentRunner.runChildren(ParentRunner.java:236)
	at org.junit.runners.ParentRunner.access$000(ParentRunner.java:53)
	at org.junit.runners.ParentRunner$2.evaluate(ParentRunner.java:229)
	at org.junit.runners.ParentRunner.run(ParentRunner.java:309)
	at org.eclipse.jdt.internal.junit4.runner.JUnit4TestReference.run(JUnit4TestReference.java:50)
	at org.eclipse.jdt.internal.junit.runner.TestExecution.run(TestExecution.java:38)
	at org.eclipse.jdt.internal.junit.runner.RemoteTestRunner.runTests(RemoteTestRunner.java:467)
	at org.eclipse.jdt.internal.junit.runner.RemoteTestRunner.runTests(RemoteTestRunner.java:683)
	at org.eclipse.jdt.internal.junit.runner.RemoteTestRunner.run(RemoteTestRunner.java:390)
	at org.eclipse.jdt.internal.junit.runner.RemoteTestRunner.main(RemoteTestRunner.java:197)

java.lang.AssertionError: Assertion errors: [ org.xtext.example.mydsl.fML.impl.ShellImpl@3629f015 (eProxyURI: dummy:/example1774270427.fml#//@cmds.3/@left/@assertion/@left)]
	at org.junit.Assert.fail(Assert.java:88)
	at org.junit.Assert.assertTrue(Assert.java:41)
	at org.junit.Assert.assertFalse(Assert.java:64)
	at fr.familiar.test.FMLTest.tearDown(FMLTest.java:770)
	at sun.reflect.GeneratedMethodAccessor81.invoke(Unknown Source)
	at sun.reflect.DelegatingMethodAccessorImpl.invoke(DelegatingMethodAccessorImpl.java:25)
	at java.lang.reflect.Method.invoke(Method.java:597)
	at org.junit.runners.model.FrameworkMethod$1.runReflectiveCall(FrameworkMethod.java:47)
	at org.junit.internal.runners.model.ReflectiveCallable.run(ReflectiveCallable.java:12)
	at org.junit.runners.model.FrameworkMethod.invokeExplosively(FrameworkMethod.java:44)
	at org.junit.internal.runners.statements.RunAfters.evaluate(RunAfters.java:33)
	at org.junit.runners.ParentRunner.runLeaf(ParentRunner.java:271)
	at org.junit.runners.BlockJUnit4ClassRunner.runChild(BlockJUnit4ClassRunner.java:70)
	at org.junit.runners.BlockJUnit4ClassRunner.runChild(BlockJUnit4ClassRunner.java:50)
	at org.junit.runners.ParentRunner$3.run(ParentRunner.java:238)
	at org.junit.runners.ParentRunner$1.schedule(ParentRunner.java:63)
	at org.junit.runners.ParentRunner.runChildren(ParentRunner.java:236)
	at org.junit.runners.ParentRunner.access$000(ParentRunner.java:53)
	at org.junit.runners.ParentRunner$2.evaluate(ParentRunner.java:229)
	at org.junit.runners.ParentRunner.run(ParentRunner.java:309)
	at org.eclipse.jdt.internal.junit4.runner.JUnit4TestReference.run(JUnit4TestReference.java:50)
	at org.eclipse.jdt.internal.junit.runner.TestExecution.run(TestExecution.java:38)
	at org.eclipse.jdt.internal.junit.runner.RemoteTestRunner.runTests(RemoteTestRunner.java:467)
	at org.eclipse.jdt.internal.junit.runner.RemoteTestRunner.runTests(RemoteTestRunner.java:683)
	at org.eclipse.jdt.internal.junit.runner.RemoteTestRunner.run(RemoteTestRunner.java:390)
	at org.eclipse.jdt.internal.junit.runner.RemoteTestRunner.main(RemoteTestRunner.java:197)

</failure>
    </testcase>
  </testsuite>
  <testsuite name="fr.familiar.test.featureide.FMLKSynthesisTest" time="2.45">
    <testcase name="testSAT" classname="fr.familiar.test.featureide.FMLKSynthesisTest" time="0.188"/>
    <testcase name="testLopez" classname="fr.familiar.test.featureide.FMLKSynthesisTest" time="0.969"/>
    <testcase name="testSlicingSAT" classname="fr.familiar.test.featureide.FMLKSynthesisTest" time="0.104"/>
    <testcase name="testIllustrativeExamples" classname="fr.familiar.test.featureide.FMLKSynthesisTest" time="0.242"/>
    <testcase name="testOverlappingGroups1" classname="fr.familiar.test.featureide.FMLKSynthesisTest" time="0.215"/>
    <testcase name="testSimple1" classname="fr.familiar.test.featureide.FMLKSynthesisTest" time="0.177"/>
    <testcase name="testSimple2" classname="fr.familiar.test.featureide.FMLKSynthesisTest" time="0.141"/>
    <testcase name="testSimple3" classname="fr.familiar.test.featureide.FMLKSynthesisTest" time="0.257"/>
    <testcase name="testSimple4" classname="fr.familiar.test.featureide.FMLKSynthesisTest" time="0.157"/>
  </testsuite>
  <testsuite name="fr.familiar.test.featureide.FMLMergeScalabilityTest" time="0.709">
    <testcase name="testMergeNFM20" classname="fr.familiar.test.featureide.FMLMergeScalabilityTest" time="0.0" ignored="true"/>
    <testcase name="test10" classname="fr.familiar.test.featureide.FMLMergeScalabilityTest" time="0.557">
      <error>java.lang.NullPointerException
	at fr.familiar.parser.FMBuilder.getInternalFM(FMBuilder.java:531)
	at fr.familiar.test.featureide.FMLMergeScalabilityTest.getFMsFromEDirectory(FMLMergeScalabilityTest.java:505)
	at fr.familiar.test.featureide.FMLMergeScalabilityTest.loadFMs(FMLMergeScalabilityTest.java:256)
	at fr.familiar.test.featureide.FMLMergeScalabilityTest.test10(FMLMergeScalabilityTest.java:67)
	at sun.reflect.NativeMethodAccessorImpl.invoke0(Native Method)
	at sun.reflect.NativeMethodAccessorImpl.invoke(NativeMethodAccessorImpl.java:39)
	at sun.reflect.DelegatingMethodAccessorImpl.invoke(DelegatingMethodAccessorImpl.java:25)
	at java.lang.reflect.Method.invoke(Method.java:597)
	at org.junit.runners.model.FrameworkMethod$1.runReflectiveCall(FrameworkMethod.java:47)
	at org.junit.internal.runners.model.ReflectiveCallable.run(ReflectiveCallable.java:12)
	at org.junit.runners.model.FrameworkMethod.invokeExplosively(FrameworkMethod.java:44)
	at org.junit.internal.runners.statements.InvokeMethod.evaluate(InvokeMethod.java:17)
	at org.junit.internal.runners.statements.RunBefores.evaluate(RunBefores.java:26)
	at org.junit.internal.runners.statements.RunAfters.evaluate(RunAfters.java:27)
	at org.junit.runners.ParentRunner.runLeaf(ParentRunner.java:271)
	at org.junit.runners.BlockJUnit4ClassRunner.runChild(BlockJUnit4ClassRunner.java:70)
	at org.junit.runners.BlockJUnit4ClassRunner.runChild(BlockJUnit4ClassRunner.java:50)
	at org.junit.runners.ParentRunner$3.run(ParentRunner.java:238)
	at org.junit.runners.ParentRunner$1.schedule(ParentRunner.java:63)
	at org.junit.runners.ParentRunner.runChildren(ParentRunner.java:236)
	at org.junit.runners.ParentRunner.access$000(ParentRunner.java:53)
	at org.junit.runners.ParentRunner$2.evaluate(ParentRunner.java:229)
	at org.junit.runners.ParentRunner.run(ParentRunner.java:309)
	at org.eclipse.jdt.internal.junit4.runner.JUnit4TestReference.run(JUnit4TestReference.java:50)
	at org.eclipse.jdt.internal.junit.runner.TestExecution.run(TestExecution.java:38)
	at org.eclipse.jdt.internal.junit.runner.RemoteTestRunner.runTests(RemoteTestRunner.java:467)
	at org.eclipse.jdt.internal.junit.runner.RemoteTestRunner.runTests(RemoteTestRunner.java:683)
	at org.eclipse.jdt.internal.junit.runner.RemoteTestRunner.run(RemoteTestRunner.java:390)
	at org.eclipse.jdt.internal.junit.runner.RemoteTestRunner.main(RemoteTestRunner.java:197)

</error>
    </testcase>
    <testcase name="testMetrics" classname="fr.familiar.test.featureide.FMLMergeScalabilityTest" time="0.122"/>
    <testcase name="testTunned" classname="fr.familiar.test.featureide.FMLMergeScalabilityTest" time="0.03">
      <error>java.lang.NullPointerException
	at fr.familiar.test.featureide.FMLMergeScalabilityTest.getFMsFromEDirectory(FMLMergeScalabilityTest.java:502)
	at fr.familiar.test.featureide.FMLMergeScalabilityTest.loadFMs(FMLMergeScalabilityTest.java:256)
	at fr.familiar.test.featureide.FMLMergeScalabilityTest.testTunned(FMLMergeScalabilityTest.java:77)
	at sun.reflect.NativeMethodAccessorImpl.invoke0(Native Method)
	at sun.reflect.NativeMethodAccessorImpl.invoke(NativeMethodAccessorImpl.java:39)
	at sun.reflect.DelegatingMethodAccessorImpl.invoke(DelegatingMethodAccessorImpl.java:25)
	at java.lang.reflect.Method.invoke(Method.java:597)
	at org.junit.runners.model.FrameworkMethod$1.runReflectiveCall(FrameworkMethod.java:47)
	at org.junit.internal.runners.model.ReflectiveCallable.run(ReflectiveCallable.java:12)
	at org.junit.runners.model.FrameworkMethod.invokeExplosively(FrameworkMethod.java:44)
	at org.junit.internal.runners.statements.InvokeMethod.evaluate(InvokeMethod.java:17)
	at org.junit.internal.runners.statements.RunBefores.evaluate(RunBefores.java:26)
	at org.junit.internal.runners.statements.RunAfters.evaluate(RunAfters.java:27)
	at org.junit.runners.ParentRunner.runLeaf(ParentRunner.java:271)
	at org.junit.runners.BlockJUnit4ClassRunner.runChild(BlockJUnit4ClassRunner.java:70)
	at org.junit.runners.BlockJUnit4ClassRunner.runChild(BlockJUnit4ClassRunner.java:50)
	at org.junit.runners.ParentRunner$3.run(ParentRunner.java:238)
	at org.junit.runners.ParentRunner$1.schedule(ParentRunner.java:63)
	at org.junit.runners.ParentRunner.runChildren(ParentRunner.java:236)
	at org.junit.runners.ParentRunner.access$000(ParentRunner.java:53)
	at org.junit.runners.ParentRunner$2.evaluate(ParentRunner.java:229)
	at org.junit.runners.ParentRunner.run(ParentRunner.java:309)
	at org.eclipse.jdt.internal.junit4.runner.JUnit4TestReference.run(JUnit4TestReference.java:50)
	at org.eclipse.jdt.internal.junit.runner.TestExecution.run(TestExecution.java:38)
	at org.eclipse.jdt.internal.junit.runner.RemoteTestRunner.runTests(RemoteTestRunner.java:467)
	at org.eclipse.jdt.internal.junit.runner.RemoteTestRunner.runTests(RemoteTestRunner.java:683)
	at org.eclipse.jdt.internal.junit.runner.RemoteTestRunner.run(RemoteTestRunner.java:390)
	at org.eclipse.jdt.internal.junit.runner.RemoteTestRunner.main(RemoteTestRunner.java:197)

</error>
    </testcase>
    <testcase name="testMergeSUnion1" classname="fr.familiar.test.featureide.FMLMergeScalabilityTest" time="0.0" ignored="true"/>
  </testsuite>
  <testcase name="fr.familiar.test.featureide.FMLBDDtoCNF" classname="fr.familiar.test.featureide.FMLBDDtoCNF" time="0.0" ignored="true"/>
  <testsuite name="fr.familiar.test.featureide.FMLQualitySPLTest" time="0.199">
    <testcase name="SPLSegmentation" classname="fr.familiar.test.featureide.FMLQualitySPLTest" time="0.197"/>
    <testcase name="catalogSegmentation" classname="fr.familiar.test.featureide.FMLQualitySPLTest" time="0.002" ignored="true"/>
  </testsuite>
  <testsuite name="fr.familiar.test.featureide.FMLKSynthesisSATandBDDTest" time="3.834">
    <testsuite name="[0]" time="0.083">
      <testcase name="test1[0]" classname="fr.familiar.test.featureide.FMLKSynthesisSATandBDDTest" time="0.083"/>
    </testsuite>
    <testsuite name="[1]" time="0.17">
      <testcase name="test1[1]" classname="fr.familiar.test.featureide.FMLKSynthesisSATandBDDTest" time="0.17"/>
    </testsuite>
    <testsuite name="[2]" time="0.176">
      <testcase name="test1[2]" classname="fr.familiar.test.featureide.FMLKSynthesisSATandBDDTest" time="0.176"/>
    </testsuite>
    <testsuite name="[3]" time="0.168">
      <testcase name="test1[3]" classname="fr.familiar.test.featureide.FMLKSynthesisSATandBDDTest" time="0.168"/>
    </testsuite>
    <testsuite name="[4]" time="0.174">
      <testcase name="test1[4]" classname="fr.familiar.test.featureide.FMLKSynthesisSATandBDDTest" time="0.174"/>
    </testsuite>
    <testsuite name="[5]" time="0.192">
      <testcase name="test1[5]" classname="fr.familiar.test.featureide.FMLKSynthesisSATandBDDTest" time="0.192"/>
    </testsuite>
    <testsuite name="[6]" time="0.164">
      <testcase name="test1[6]" classname="fr.familiar.test.featureide.FMLKSynthesisSATandBDDTest" time="0.164"/>
    </testsuite>
    <testsuite name="[7]" time="0.163">
      <testcase name="test1[7]" classname="fr.familiar.test.featureide.FMLKSynthesisSATandBDDTest" time="0.163"/>
    </testsuite>
    <testsuite name="[8]" time="0.085">
      <testcase name="test1[8]" classname="fr.familiar.test.featureide.FMLKSynthesisSATandBDDTest" time="0.085"/>
    </testsuite>
    <testsuite name="[9]" time="0.201">
      <testcase name="test1[9]" classname="fr.familiar.test.featureide.FMLKSynthesisSATandBDDTest" time="0.201"/>
    </testsuite>
    <testsuite name="[10]" time="0.198">
      <testcase name="test1[10]" classname="fr.familiar.test.featureide.FMLKSynthesisSATandBDDTest" time="0.198"/>
    </testsuite>
    <testsuite name="[11]" time="0.317">
      <testcase name="test1[11]" classname="fr.familiar.test.featureide.FMLKSynthesisSATandBDDTest" time="0.317"/>
    </testsuite>
    <testsuite name="[12]" time="0.259">
      <testcase name="test1[12]" classname="fr.familiar.test.featureide.FMLKSynthesisSATandBDDTest" time="0.259"/>
    </testsuite>
    <testsuite name="[13]" time="0.163">
      <testcase name="test1[13]" classname="fr.familiar.test.featureide.FMLKSynthesisSATandBDDTest" time="0.163"/>
    </testsuite>
    <testsuite name="[14]" time="0.143">
      <testcase name="test1[14]" classname="fr.familiar.test.featureide.FMLKSynthesisSATandBDDTest" time="0.143"/>
    </testsuite>
    <testsuite name="[15]" time="0.373">
      <testcase name="test1[15]" classname="fr.familiar.test.featureide.FMLKSynthesisSATandBDDTest" time="0.373"/>
    </testsuite>
    <testsuite name="[16]" time="0.151">
      <testcase name="test1[16]" classname="fr.familiar.test.featureide.FMLKSynthesisSATandBDDTest" time="0.151">
        <error>java.lang.IllegalArgumentException: edge cannot be null!
	at gsd.synthesis.FeatureGraph.checkEdgeExists(FeatureGraph.java:938)
	at gsd.synthesis.FeatureGraph.removeEdge(FeatureGraph.java:291)
	at fr.familiar.fm.converter.FeatureModelUtil.unfoldGroup(FeatureModelUtil.java:83)
	at fr.familiar.fm.converter.FeatureModelUtil.normalizeMultiGroups(FeatureModelUtil.java:45)
	at fr.familiar.fm.featureide.FMLtoFeatureIDE.transformToModel(FMLtoFeatureIDE.java:300)
	at fr.familiar.fm.featureide.FMLtoFeatureIDE.convertWithModelToModel(FMLtoFeatureIDE.java:296)
	at fr.familiar.fm.featureide.FMLtoFeatureIDE.convert(FMLtoFeatureIDE.java:274)
	at fr.familiar.experimental.featureide.ConstraintAdderFeatureIDE.&lt;init&gt;(ConstraintAdderFeatureIDE.java:35)
	at fr.familiar.operations.KSynthesis.getAdderConstraint(KSynthesis.java:595)
	at fr.familiar.operations.KSynthesisBDD.build(KSynthesisBDD.java:207)
	at fr.familiar.test.featureide.FMLKSynthesisSATandBDDTest.test1(FMLKSynthesisSATandBDDTest.java:100)
	at sun.reflect.GeneratedMethodAccessor90.invoke(Unknown Source)
	at sun.reflect.DelegatingMethodAccessorImpl.invoke(DelegatingMethodAccessorImpl.java:25)
	at java.lang.reflect.Method.invoke(Method.java:597)
	at org.junit.runners.model.FrameworkMethod$1.runReflectiveCall(FrameworkMethod.java:47)
	at org.junit.internal.runners.model.ReflectiveCallable.run(ReflectiveCallable.java:12)
	at org.junit.runners.model.FrameworkMethod.invokeExplosively(FrameworkMethod.java:44)
	at org.junit.internal.runners.statements.InvokeMethod.evaluate(InvokeMethod.java:17)
	at org.junit.internal.runners.statements.RunBefores.evaluate(RunBefores.java:26)
	at org.junit.internal.runners.statements.RunAfters.evaluate(RunAfters.java:27)
	at org.junit.runners.ParentRunner.runLeaf(ParentRunner.java:271)
	at org.junit.runners.BlockJUnit4ClassRunner.runChild(BlockJUnit4ClassRunner.java:70)
	at org.junit.runners.BlockJUnit4ClassRunner.runChild(BlockJUnit4ClassRunner.java:50)
	at org.junit.runners.ParentRunner$3.run(ParentRunner.java:238)
	at org.junit.runners.ParentRunner$1.schedule(ParentRunner.java:63)
	at org.junit.runners.ParentRunner.runChildren(ParentRunner.java:236)
	at org.junit.runners.ParentRunner.access$000(ParentRunner.java:53)
	at org.junit.runners.ParentRunner$2.evaluate(ParentRunner.java:229)
	at org.junit.runners.ParentRunner.run(ParentRunner.java:309)
	at org.junit.runners.Suite.runChild(Suite.java:127)
	at org.junit.runners.Suite.runChild(Suite.java:26)
	at org.junit.runners.ParentRunner$3.run(ParentRunner.java:238)
	at org.junit.runners.ParentRunner$1.schedule(ParentRunner.java:63)
	at org.junit.runners.ParentRunner.runChildren(ParentRunner.java:236)
	at org.junit.runners.ParentRunner.access$000(ParentRunner.java:53)
	at org.junit.runners.ParentRunner$2.evaluate(ParentRunner.java:229)
	at org.junit.runners.ParentRunner.run(ParentRunner.java:309)
	at org.eclipse.jdt.internal.junit4.runner.JUnit4TestReference.run(JUnit4TestReference.java:50)
	at org.eclipse.jdt.internal.junit.runner.TestExecution.run(TestExecution.java:38)
	at org.eclipse.jdt.internal.junit.runner.RemoteTestRunner.runTests(RemoteTestRunner.java:467)
	at org.eclipse.jdt.internal.junit.runner.RemoteTestRunner.runTests(RemoteTestRunner.java:683)
	at org.eclipse.jdt.internal.junit.runner.RemoteTestRunner.run(RemoteTestRunner.java:390)
	at org.eclipse.jdt.internal.junit.runner.RemoteTestRunner.main(RemoteTestRunner.java:197)

</error>
      </testcase>
    </testsuite>
    <testsuite name="[17]" time="0.065">
      <testcase name="test1[17]" classname="fr.familiar.test.featureide.FMLKSynthesisSATandBDDTest" time="0.065"/>
    </testsuite>
    <testsuite name="[18]" time="0.164">
      <testcase name="test1[18]" classname="fr.familiar.test.featureide.FMLKSynthesisSATandBDDTest" time="0.164"/>
    </testsuite>
    <testsuite name="[19]" time="0.068">
      <testcase name="test1[19]" classname="fr.familiar.test.featureide.FMLKSynthesisSATandBDDTest" time="0.068"/>
    </testsuite>
    <testsuite name="[20]" time="0.178">
      <testcase name="test1[20]" classname="fr.familiar.test.featureide.FMLKSynthesisSATandBDDTest" time="0.178"/>
    </testsuite>
    <testsuite name="[21]" time="0.139">
      <testcase name="test1[21]" classname="fr.familiar.test.featureide.FMLKSynthesisSATandBDDTest" time="0.139"/>
    </testsuite>
    <testsuite name="[22]" time="0.04">
      <testcase name="test1[22]" classname="fr.familiar.test.featureide.FMLKSynthesisSATandBDDTest" time="0.04"/>
    </testsuite>
  </testsuite>
  <testcase name="fr.familiar.test.featureide.FMLFraSCAtiDiffTest" classname="fr.familiar.test.featureide.FMLFraSCAtiDiffTest" time="0.001" ignored="true"/>
  <testsuite name="fr.familiar.test.featureide.FMLMergeAndAggregateTest" time="2.269">
    <testsuite name="[0]" time="0.163">
      <testcase name="testMergeUnion[0]" classname="fr.familiar.test.featureide.FMLMergeAndAggregateTest" time="0.162"/>
      <testcase name="testMergeIntersection[0]" classname="fr.familiar.test.featureide.FMLMergeAndAggregateTest" time="0.001" ignored="true"/>
    </testsuite>
    <testsuite name="[1]" time="0.074">
      <testcase name="testMergeUnion[1]" classname="fr.familiar.test.featureide.FMLMergeAndAggregateTest" time="0.074"/>
      <testcase name="testMergeIntersection[1]" classname="fr.familiar.test.featureide.FMLMergeAndAggregateTest" time="0.0" ignored="true"/>
    </testsuite>
    <testsuite name="[2]" time="0.172">
      <testcase name="testMergeUnion[2]" classname="fr.familiar.test.featureide.FMLMergeAndAggregateTest" time="0.172"/>
      <testcase name="testMergeIntersection[2]" classname="fr.familiar.test.featureide.FMLMergeAndAggregateTest" time="0.0" ignored="true"/>
    </testsuite>
    <testsuite name="[3]" time="0.166">
      <testcase name="testMergeUnion[3]" classname="fr.familiar.test.featureide.FMLMergeAndAggregateTest" time="0.166"/>
      <testcase name="testMergeIntersection[3]" classname="fr.familiar.test.featureide.FMLMergeAndAggregateTest" time="0.0" ignored="true"/>
    </testsuite>
    <testsuite name="[4]" time="0.159">
      <testcase name="testMergeUnion[4]" classname="fr.familiar.test.featureide.FMLMergeAndAggregateTest" time="0.159"/>
      <testcase name="testMergeIntersection[4]" classname="fr.familiar.test.featureide.FMLMergeAndAggregateTest" time="0.0" ignored="true"/>
    </testsuite>
    <testsuite name="[5]" time="0.069">
      <testcase name="testMergeUnion[5]" classname="fr.familiar.test.featureide.FMLMergeAndAggregateTest" time="0.069"/>
      <testcase name="testMergeIntersection[5]" classname="fr.familiar.test.featureide.FMLMergeAndAggregateTest" time="0.0" ignored="true"/>
    </testsuite>
    <testsuite name="[6]" time="0.183">
      <testcase name="testMergeUnion[6]" classname="fr.familiar.test.featureide.FMLMergeAndAggregateTest" time="0.183"/>
      <testcase name="testMergeIntersection[6]" classname="fr.familiar.test.featureide.FMLMergeAndAggregateTest" time="0.0" ignored="true"/>
    </testsuite>
    <testsuite name="[7]" time="0.173">
      <testcase name="testMergeUnion[7]" classname="fr.familiar.test.featureide.FMLMergeAndAggregateTest" time="0.173"/>
      <testcase name="testMergeIntersection[7]" classname="fr.familiar.test.featureide.FMLMergeAndAggregateTest" time="0.0" ignored="true"/>
    </testsuite>
    <testsuite name="[8]" time="0.157">
      <testcase name="testMergeUnion[8]" classname="fr.familiar.test.featureide.FMLMergeAndAggregateTest" time="0.157"/>
      <testcase name="testMergeIntersection[8]" classname="fr.familiar.test.featureide.FMLMergeAndAggregateTest" time="0.0" ignored="true"/>
    </testsuite>
    <testsuite name="[9]" time="0.166">
      <testcase name="testMergeUnion[9]" classname="fr.familiar.test.featureide.FMLMergeAndAggregateTest" time="0.166"/>
      <testcase name="testMergeIntersection[9]" classname="fr.familiar.test.featureide.FMLMergeAndAggregateTest" time="0.0" ignored="true"/>
    </testsuite>
    <testsuite name="[10]" time="0.076">
      <testcase name="testMergeUnion[10]" classname="fr.familiar.test.featureide.FMLMergeAndAggregateTest" time="0.076"/>
      <testcase name="testMergeIntersection[10]" classname="fr.familiar.test.featureide.FMLMergeAndAggregateTest" time="0.0" ignored="true"/>
    </testsuite>
    <testsuite name="[11]" time="0.17">
      <testcase name="testMergeUnion[11]" classname="fr.familiar.test.featureide.FMLMergeAndAggregateTest" time="0.17"/>
      <testcase name="testMergeIntersection[11]" classname="fr.familiar.test.featureide.FMLMergeAndAggregateTest" time="0.0" ignored="true"/>
    </testsuite>
    <testsuite name="[12]" time="0.162">
      <testcase name="testMergeUnion[12]" classname="fr.familiar.test.featureide.FMLMergeAndAggregateTest" time="0.162"/>
      <testcase name="testMergeIntersection[12]" classname="fr.familiar.test.featureide.FMLMergeAndAggregateTest" time="0.0" ignored="true"/>
    </testsuite>
    <testsuite name="[13]" time="0.192">
      <testcase name="testMergeUnion[13]" classname="fr.familiar.test.featureide.FMLMergeAndAggregateTest" time="0.192"/>
      <testcase name="testMergeIntersection[13]" classname="fr.familiar.test.featureide.FMLMergeAndAggregateTest" time="0.0" ignored="true"/>
    </testsuite>
    <testsuite name="[14]" time="0.185">
      <testcase name="testMergeUnion[14]" classname="fr.familiar.test.featureide.FMLMergeAndAggregateTest" time="0.165"/>
      <testcase name="testMergeIntersection[14]" classname="fr.familiar.test.featureide.FMLMergeAndAggregateTest" time="0.02" ignored="true"/>
    </testsuite>
  </testsuite>
  <testsuite name="fr.familiar.test.featureide.FMLConverterFeatureIDETest" time="3.059">
    <testsuite name="[0]" time="0.35">
      <testcase name="testConverter1[0]" classname="fr.familiar.test.featureide.FMLConverterFeatureIDETest" time="0.155"/>
      <testcase name="testConverter2[0]" classname="fr.familiar.test.featureide.FMLConverterFeatureIDETest" time="0.152"/>
      <testcase name="testConverter3[0]" classname="fr.familiar.test.featureide.FMLConverterFeatureIDETest" time="0.043"/>
    </testsuite>
    <testsuite name="[1]" time="0.314">
      <testcase name="testConverter1[1]" classname="fr.familiar.test.featureide.FMLConverterFeatureIDETest" time="0.134"/>
      <testcase name="testConverter2[1]" classname="fr.familiar.test.featureide.FMLConverterFeatureIDETest" time="0.046"/>
      <testcase name="testConverter3[1]" classname="fr.familiar.test.featureide.FMLConverterFeatureIDETest" time="0.134"/>
    </testsuite>
    <testsuite name="[2]" time="0.219">
      <testcase name="testConverter1[2]" classname="fr.familiar.test.featureide.FMLConverterFeatureIDETest" time="0.039"/>
      <testcase name="testConverter2[2]" classname="fr.familiar.test.featureide.FMLConverterFeatureIDETest" time="0.137"/>
      <testcase name="testConverter3[2]" classname="fr.familiar.test.featureide.FMLConverterFeatureIDETest" time="0.043"/>
    </testsuite>
    <testsuite name="[3]" time="0.313">
      <testcase name="testConverter1[3]" classname="fr.familiar.test.featureide.FMLConverterFeatureIDETest" time="0.136"/>
      <testcase name="testConverter2[3]" classname="fr.familiar.test.featureide.FMLConverterFeatureIDETest" time="0.045"/>
      <testcase name="testConverter3[3]" classname="fr.familiar.test.featureide.FMLConverterFeatureIDETest" time="0.132"/>
    </testsuite>
    <testsuite name="[4]" time="0.234">
      <testcase name="testConverter1[4]" classname="fr.familiar.test.featureide.FMLConverterFeatureIDETest" time="0.044"/>
      <testcase name="testConverter2[4]" classname="fr.familiar.test.featureide.FMLConverterFeatureIDETest" time="0.133"/>
      <testcase name="testConverter3[4]" classname="fr.familiar.test.featureide.FMLConverterFeatureIDETest" time="0.057"/>
    </testsuite>
    <testsuite name="[5]" time="0.317">
      <testcase name="testConverter1[5]" classname="fr.familiar.test.featureide.FMLConverterFeatureIDETest" time="0.133"/>
      <testcase name="testConverter2[5]" classname="fr.familiar.test.featureide.FMLConverterFeatureIDETest" time="0.046"/>
      <testcase name="testConverter3[5]" classname="fr.familiar.test.featureide.FMLConverterFeatureIDETest" time="0.138"/>
    </testsuite>
    <testsuite name="[6]" time="0.225">
      <testcase name="testConverter1[6]" classname="fr.familiar.test.featureide.FMLConverterFeatureIDETest" time="0.039"/>
      <testcase name="testConverter2[6]" classname="fr.familiar.test.featureide.FMLConverterFeatureIDETest" time="0.138"/>
      <testcase name="testConverter3[6]" classname="fr.familiar.test.featureide.FMLConverterFeatureIDETest" time="0.048"/>
    </testsuite>
    <testsuite name="[7]" time="0.306">
      <testcase name="testConverter1[7]" classname="fr.familiar.test.featureide.FMLConverterFeatureIDETest" time="0.129"/>
      <testcase name="testConverter2[7]" classname="fr.familiar.test.featureide.FMLConverterFeatureIDETest" time="0.043"/>
      <testcase name="testConverter3[7]" classname="fr.familiar.test.featureide.FMLConverterFeatureIDETest" time="0.134"/>
    </testsuite>
    <testsuite name="[8]" time="0.221">
      <testcase name="testConverter1[8]" classname="fr.familiar.test.featureide.FMLConverterFeatureIDETest" time="0.041"/>
      <testcase name="testConverter2[8]" classname="fr.familiar.test.featureide.FMLConverterFeatureIDETest" time="0.138"/>
      <testcase name="testConverter3[8]" classname="fr.familiar.test.featureide.FMLConverterFeatureIDETest" time="0.042"/>
    </testsuite>
    <testsuite name="[9]" time="0.321">
      <testcase name="testConverter1[9]" classname="fr.familiar.test.featureide.FMLConverterFeatureIDETest" time="0.138"/>
      <testcase name="testConverter2[9]" classname="fr.familiar.test.featureide.FMLConverterFeatureIDETest" time="0.052"/>
      <testcase name="testConverter3[9]" classname="fr.familiar.test.featureide.FMLConverterFeatureIDETest" time="0.131"/>
    </testsuite>
    <testsuite name="[10]" time="0.238">
      <testcase name="testConverter1[10]" classname="fr.familiar.test.featureide.FMLConverterFeatureIDETest" time="0.042"/>
      <testcase name="testConverter2[10]" classname="fr.familiar.test.featureide.FMLConverterFeatureIDETest" time="0.145"/>
      <testcase name="testConverter3[10]" classname="fr.familiar.test.featureide.FMLConverterFeatureIDETest" time="0.051"/>
    </testsuite>
  </testsuite>
  <testsuite name="fr.familiar.test.featureide.FMLDimacsSimpleTest" time="0.15">
    <testcase name="test1" classname="fr.familiar.test.featureide.FMLDimacsSimpleTest" time="0.15"/>
  </testsuite>
  <testsuite name="fr.familiar.test.featureide.FMLConfiguration2Test" time="0.988">
    <testcase name="testConfiguration1" classname="fr.familiar.test.featureide.FMLConfiguration2Test" time="0.04"/>
    <testcase name="testConfiguration2" classname="fr.familiar.test.featureide.FMLConfiguration2Test" time="0.181"/>
    <testcase name="testConfiguration3" classname="fr.familiar.test.featureide.FMLConfiguration2Test" time="0.0" ignored="true"/>
    <testcase name="testConfiguration4" classname="fr.familiar.test.featureide.FMLConfiguration2Test" time="0.051"/>
    <testcase name="testAsFM1" classname="fr.familiar.test.featureide.FMLConfiguration2Test" time="0.253"/>
    <testcase name="testConfigurationConflict" classname="fr.familiar.test.featureide.FMLConfiguration2Test" time="0.052"/>
    <testcase name="testAutoSelect1" classname="fr.familiar.test.featureide.FMLConfiguration2Test" time="0.27">
      <failure>java.lang.AssertionError: Assertion errors: [ org.xtext.example.mydsl.fML.impl.ComplexCommandImpl@70145fdd (eProxyURI: dummy:/example1394245378.fml#//@cmds.14/@left/@assertion/@left),  org.xtext.example.mydsl.fML.impl.ComplexCommandImpl@7192a096 (eProxyURI: dummy:/example1394245378.fml#//@cmds.25/@left/@assertion/@left),  org.xtext.example.mydsl.fML.impl.IdentifierExprImpl@565acbb9 (eProxyURI: dummy:/example1394245378.fml#//@cmds.38/@left/@assertion/@left),  org.xtext.example.mydsl.fML.impl.IdentifierExprImpl@7da6143 (eProxyURI: dummy:/example1394245378.fml#//@cmds.39/@left/@assertion/@left)]
	at org.junit.Assert.fail(Assert.java:88)
	at org.junit.Assert.assertTrue(Assert.java:41)
	at org.junit.Assert.assertFalse(Assert.java:64)
	at fr.familiar.test.FMLTest.tearDown(FMLTest.java:770)
	at sun.reflect.GeneratedMethodAccessor81.invoke(Unknown Source)
	at sun.reflect.DelegatingMethodAccessorImpl.invoke(DelegatingMethodAccessorImpl.java:25)
	at java.lang.reflect.Method.invoke(Method.java:597)
	at org.junit.runners.model.FrameworkMethod$1.runReflectiveCall(FrameworkMethod.java:47)
	at org.junit.internal.runners.model.ReflectiveCallable.run(ReflectiveCallable.java:12)
	at org.junit.runners.model.FrameworkMethod.invokeExplosively(FrameworkMethod.java:44)
	at org.junit.internal.runners.statements.RunAfters.evaluate(RunAfters.java:33)
	at org.junit.runners.ParentRunner.runLeaf(ParentRunner.java:271)
	at org.junit.runners.BlockJUnit4ClassRunner.runChild(BlockJUnit4ClassRunner.java:70)
	at org.junit.runners.BlockJUnit4ClassRunner.runChild(BlockJUnit4ClassRunner.java:50)
	at org.junit.runners.ParentRunner$3.run(ParentRunner.java:238)
	at org.junit.runners.ParentRunner$1.schedule(ParentRunner.java:63)
	at org.junit.runners.ParentRunner.runChildren(ParentRunner.java:236)
	at org.junit.runners.ParentRunner.access$000(ParentRunner.java:53)
	at org.junit.runners.ParentRunner$2.evaluate(ParentRunner.java:229)
	at org.junit.runners.ParentRunner.run(ParentRunner.java:309)
	at org.eclipse.jdt.internal.junit4.runner.JUnit4TestReference.run(JUnit4TestReference.java:50)
	at org.eclipse.jdt.internal.junit.runner.TestExecution.run(TestExecution.java:38)
	at org.eclipse.jdt.internal.junit.runner.RemoteTestRunner.runTests(RemoteTestRunner.java:467)
	at org.eclipse.jdt.internal.junit.runner.RemoteTestRunner.runTests(RemoteTestRunner.java:683)
	at org.eclipse.jdt.internal.junit.runner.RemoteTestRunner.run(RemoteTestRunner.java:390)
	at org.eclipse.jdt.internal.junit.runner.RemoteTestRunner.main(RemoteTestRunner.java:197)

</failure>
    </testcase>
    <testcase name="testAutoSelect2" classname="fr.familiar.test.featureide.FMLConfiguration2Test" time="0.141">
      <failure>java.lang.AssertionError: expected:&lt;5&gt; but was:&lt;2&gt;
	at org.junit.Assert.fail(Assert.java:88)
	at org.junit.Assert.failNotEquals(Assert.java:743)
	at org.junit.Assert.assertEquals(Assert.java:118)
	at org.junit.Assert.assertEquals(Assert.java:555)
	at org.junit.Assert.assertEquals(Assert.java:542)
	at fr.familiar.test.featureide.FMLConfiguration2Test.testAutoSelect2(FMLConfiguration2Test.java:322)
	at sun.reflect.NativeMethodAccessorImpl.invoke0(Native Method)
	at sun.reflect.NativeMethodAccessorImpl.invoke(NativeMethodAccessorImpl.java:39)
	at sun.reflect.DelegatingMethodAccessorImpl.invoke(DelegatingMethodAccessorImpl.java:25)
	at java.lang.reflect.Method.invoke(Method.java:597)
	at org.junit.runners.model.FrameworkMethod$1.runReflectiveCall(FrameworkMethod.java:47)
	at org.junit.internal.runners.model.ReflectiveCallable.run(ReflectiveCallable.java:12)
	at org.junit.runners.model.FrameworkMethod.invokeExplosively(FrameworkMethod.java:44)
	at org.junit.internal.runners.statements.InvokeMethod.evaluate(InvokeMethod.java:17)
	at org.junit.internal.runners.statements.RunBefores.evaluate(RunBefores.java:26)
	at org.junit.internal.runners.statements.RunAfters.evaluate(RunAfters.java:27)
	at org.junit.runners.ParentRunner.runLeaf(ParentRunner.java:271)
	at org.junit.runners.BlockJUnit4ClassRunner.runChild(BlockJUnit4ClassRunner.java:70)
	at org.junit.runners.BlockJUnit4ClassRunner.runChild(BlockJUnit4ClassRunner.java:50)
	at org.junit.runners.ParentRunner$3.run(ParentRunner.java:238)
	at org.junit.runners.ParentRunner$1.schedule(ParentRunner.java:63)
	at org.junit.runners.ParentRunner.runChildren(ParentRunner.java:236)
	at org.junit.runners.ParentRunner.access$000(ParentRunner.java:53)
	at org.junit.runners.ParentRunner$2.evaluate(ParentRunner.java:229)
	at org.junit.runners.ParentRunner.run(ParentRunner.java:309)
	at org.eclipse.jdt.internal.junit4.runner.JUnit4TestReference.run(JUnit4TestReference.java:50)
	at org.eclipse.jdt.internal.junit.runner.TestExecution.run(TestExecution.java:38)
	at org.eclipse.jdt.internal.junit.runner.RemoteTestRunner.runTests(RemoteTestRunner.java:467)
	at org.eclipse.jdt.internal.junit.runner.RemoteTestRunner.runTests(RemoteTestRunner.java:683)
	at org.eclipse.jdt.internal.junit.runner.RemoteTestRunner.run(RemoteTestRunner.java:390)
	at org.eclipse.jdt.internal.junit.runner.RemoteTestRunner.main(RemoteTestRunner.java:197)

java.lang.AssertionError: Assertion errors: [ org.xtext.example.mydsl.fML.impl.ComplexCommandImpl@51c1496 (eProxyURI: dummy:/example84697851.fml#//@cmds.13/@left/@assertion/@left),  org.xtext.example.mydsl.fML.impl.ComplexCommandImpl@e8b47ba (eProxyURI: dummy:/example84697851.fml#//@cmds.20/@left/@assertion/@left),  org.xtext.example.mydsl.fML.impl.IdentifierExprImpl@549f5fef (eProxyURI: dummy:/example84697851.fml#//@cmds.33/@left/@assertion/@left),  org.xtext.example.mydsl.fML.impl.IdentifierExprImpl@7b6fda16 (eProxyURI: dummy:/example84697851.fml#//@cmds.34/@left/@assertion/@left)]
	at org.junit.Assert.fail(Assert.java:88)
	at org.junit.Assert.assertTrue(Assert.java:41)
	at org.junit.Assert.assertFalse(Assert.java:64)
	at fr.familiar.test.FMLTest.tearDown(FMLTest.java:770)
	at sun.reflect.GeneratedMethodAccessor81.invoke(Unknown Source)
	at sun.reflect.DelegatingMethodAccessorImpl.invoke(DelegatingMethodAccessorImpl.java:25)
	at java.lang.reflect.Method.invoke(Method.java:597)
	at org.junit.runners.model.FrameworkMethod$1.runReflectiveCall(FrameworkMethod.java:47)
	at org.junit.internal.runners.model.ReflectiveCallable.run(ReflectiveCallable.java:12)
	at org.junit.runners.model.FrameworkMethod.invokeExplosively(FrameworkMethod.java:44)
	at org.junit.internal.runners.statements.RunAfters.evaluate(RunAfters.java:33)
	at org.junit.runners.ParentRunner.runLeaf(ParentRunner.java:271)
	at org.junit.runners.BlockJUnit4ClassRunner.runChild(BlockJUnit4ClassRunner.java:70)
	at org.junit.runners.BlockJUnit4ClassRunner.runChild(BlockJUnit4ClassRunner.java:50)
	at org.junit.runners.ParentRunner$3.run(ParentRunner.java:238)
	at org.junit.runners.ParentRunner$1.schedule(ParentRunner.java:63)
	at org.junit.runners.ParentRunner.runChildren(ParentRunner.java:236)
	at org.junit.runners.ParentRunner.access$000(ParentRunner.java:53)
	at org.junit.runners.ParentRunner$2.evaluate(ParentRunner.java:229)
	at org.junit.runners.ParentRunner.run(ParentRunner.java:309)
	at org.eclipse.jdt.internal.junit4.runner.JUnit4TestReference.run(JUnit4TestReference.java:50)
	at org.eclipse.jdt.internal.junit.runner.TestExecution.run(TestExecution.java:38)
	at org.eclipse.jdt.internal.junit.runner.RemoteTestRunner.runTests(RemoteTestRunner.java:467)
	at org.eclipse.jdt.internal.junit.runner.RemoteTestRunner.runTests(RemoteTestRunner.java:683)
	at org.eclipse.jdt.internal.junit.runner.RemoteTestRunner.run(RemoteTestRunner.java:390)
	at org.eclipse.jdt.internal.junit.runner.RemoteTestRunner.main(RemoteTestRunner.java:197)

</failure>
    </testcase>
  </testsuite>
  <testsuite name="fr.familiar.test.featureide.FMLMergeSliceTest" time="0.004">
    <testsuite name="[0]" time="0.001">
      <testcase name="testTunedEncodingForSATMerge[0]" classname="fr.familiar.test.featureide.FMLMergeSliceTest" time="0.001" ignored="true"/>
      <testcase name="testSPLOTSATMerge[0]" classname="fr.familiar.test.featureide.FMLMergeSliceTest" time="0.0" ignored="true"/>
    </testsuite>
    <testsuite name="[1]" time="0.0">
      <testcase name="testTunedEncodingForSATMerge[1]" classname="fr.familiar.test.featureide.FMLMergeSliceTest" time="0.0" ignored="true"/>
      <testcase name="testSPLOTSATMerge[1]" classname="fr.familiar.test.featureide.FMLMergeSliceTest" time="0.0" ignored="true"/>
    </testsuite>
    <testsuite name="[2]" time="0.0">
      <testcase name="testTunedEncodingForSATMerge[2]" classname="fr.familiar.test.featureide.FMLMergeSliceTest" time="0.0" ignored="true"/>
      <testcase name="testSPLOTSATMerge[2]" classname="fr.familiar.test.featureide.FMLMergeSliceTest" time="0.0" ignored="true"/>
    </testsuite>
    <testsuite name="[3]" time="0.0">
      <testcase name="testTunedEncodingForSATMerge[3]" classname="fr.familiar.test.featureide.FMLMergeSliceTest" time="0.0" ignored="true"/>
      <testcase name="testSPLOTSATMerge[3]" classname="fr.familiar.test.featureide.FMLMergeSliceTest" time="0.0" ignored="true"/>
    </testsuite>
    <testsuite name="[4]" time="0.0">
      <testcase name="testTunedEncodingForSATMerge[4]" classname="fr.familiar.test.featureide.FMLMergeSliceTest" time="0.0" ignored="true"/>
      <testcase name="testSPLOTSATMerge[4]" classname="fr.familiar.test.featureide.FMLMergeSliceTest" time="0.0" ignored="true"/>
    </testsuite>
    <testsuite name="[5]" time="0.001">
      <testcase name="testTunedEncodingForSATMerge[5]" classname="fr.familiar.test.featureide.FMLMergeSliceTest" time="0.0" ignored="true"/>
      <testcase name="testSPLOTSATMerge[5]" classname="fr.familiar.test.featureide.FMLMergeSliceTest" time="0.001" ignored="true"/>
    </testsuite>
    <testsuite name="[6]" time="0.0">
      <testcase name="testTunedEncodingForSATMerge[6]" classname="fr.familiar.test.featureide.FMLMergeSliceTest" time="0.0" ignored="true"/>
      <testcase name="testSPLOTSATMerge[6]" classname="fr.familiar.test.featureide.FMLMergeSliceTest" time="0.0" ignored="true"/>
    </testsuite>
    <testsuite name="[7]" time="0.0">
      <testcase name="testTunedEncodingForSATMerge[7]" classname="fr.familiar.test.featureide.FMLMergeSliceTest" time="0.0" ignored="true"/>
      <testcase name="testSPLOTSATMerge[7]" classname="fr.familiar.test.featureide.FMLMergeSliceTest" time="0.0" ignored="true"/>
    </testsuite>
    <testsuite name="[8]" time="0.0">
      <testcase name="testTunedEncodingForSATMerge[8]" classname="fr.familiar.test.featureide.FMLMergeSliceTest" time="0.0" ignored="true"/>
      <testcase name="testSPLOTSATMerge[8]" classname="fr.familiar.test.featureide.FMLMergeSliceTest" time="0.0" ignored="true"/>
    </testsuite>
    <testsuite name="[9]" time="0.0">
      <testcase name="testTunedEncodingForSATMerge[9]" classname="fr.familiar.test.featureide.FMLMergeSliceTest" time="0.0" ignored="true"/>
      <testcase name="testSPLOTSATMerge[9]" classname="fr.familiar.test.featureide.FMLMergeSliceTest" time="0.0" ignored="true"/>
    </testsuite>
    <testsuite name="[10]" time="0.0">
      <testcase name="testTunedEncodingForSATMerge[10]" classname="fr.familiar.test.featureide.FMLMergeSliceTest" time="0.0" ignored="true"/>
      <testcase name="testSPLOTSATMerge[10]" classname="fr.familiar.test.featureide.FMLMergeSliceTest" time="0.0" ignored="true"/>
    </testsuite>
    <testsuite name="[11]" time="0.002">
      <testcase name="testTunedEncodingForSATMerge[11]" classname="fr.familiar.test.featureide.FMLMergeSliceTest" time="0.0" ignored="true"/>
      <testcase name="testSPLOTSATMerge[11]" classname="fr.familiar.test.featureide.FMLMergeSliceTest" time="0.002" ignored="true"/>
    </testsuite>
  </testsuite>
  <testsuite name="fr.familiar.test.featureide.SATBuilderTest" time="2.244">
    <testsuite name="[0]" time="0.14">
      <testcase name="test1[0]" classname="fr.familiar.test.featureide.SATBuilderTest" time="0.14"/>
    </testsuite>
    <testsuite name="[1]" time="0.038">
      <testcase name="test1[1]" classname="fr.familiar.test.featureide.SATBuilderTest" time="0.038"/>
    </testsuite>
    <testsuite name="[2]" time="0.152">
      <testcase name="test1[2]" classname="fr.familiar.test.featureide.SATBuilderTest" time="0.152"/>
    </testsuite>
    <testsuite name="[3]" time="0.039">
      <testcase name="test1[3]" classname="fr.familiar.test.featureide.SATBuilderTest" time="0.039"/>
    </testsuite>
    <testsuite name="[4]" time="0.155">
      <testcase name="test1[4]" classname="fr.familiar.test.featureide.SATBuilderTest" time="0.155"/>
    </testsuite>
    <testsuite name="[5]" time="0.037">
      <testcase name="test1[5]" classname="fr.familiar.test.featureide.SATBuilderTest" time="0.037"/>
    </testsuite>
    <testsuite name="[6]" time="0.152">
      <testcase name="test1[6]" classname="fr.familiar.test.featureide.SATBuilderTest" time="0.152"/>
    </testsuite>
    <testsuite name="[7]" time="0.039">
      <testcase name="test1[7]" classname="fr.familiar.test.featureide.SATBuilderTest" time="0.039"/>
    </testsuite>
    <testsuite name="[8]" time="0.15">
      <testcase name="test1[8]" classname="fr.familiar.test.featureide.SATBuilderTest" time="0.15"/>
    </testsuite>
    <testsuite name="[9]" time="0.037">
      <testcase name="test1[9]" classname="fr.familiar.test.featureide.SATBuilderTest" time="0.037"/>
    </testsuite>
    <testsuite name="[10]" time="0.162">
      <testcase name="test1[10]" classname="fr.familiar.test.featureide.SATBuilderTest" time="0.162"/>
    </testsuite>
    <testsuite name="[11]" time="0.038">
      <testcase name="test1[11]" classname="fr.familiar.test.featureide.SATBuilderTest" time="0.038"/>
    </testsuite>
    <testsuite name="[12]" time="0.149">
      <testcase name="test1[12]" classname="fr.familiar.test.featureide.SATBuilderTest" time="0.149"/>
    </testsuite>
    <testsuite name="[13]" time="0.038">
      <testcase name="test1[13]" classname="fr.familiar.test.featureide.SATBuilderTest" time="0.038"/>
    </testsuite>
    <testsuite name="[14]" time="0.154">
      <testcase name="test1[14]" classname="fr.familiar.test.featureide.SATBuilderTest" time="0.154"/>
    </testsuite>
    <testsuite name="[15]" time="0.049">
      <testcase name="test1[15]" classname="fr.familiar.test.featureide.SATBuilderTest" time="0.049"/>
    </testsuite>
    <testsuite name="[16]" time="0.145">
      <testcase name="test1[16]" classname="fr.familiar.test.featureide.SATBuilderTest" time="0.145"/>
    </testsuite>
    <testsuite name="[17]" time="0.038">
      <testcase name="test1[17]" classname="fr.familiar.test.featureide.SATBuilderTest" time="0.038"/>
    </testsuite>
    <testsuite name="[18]" time="0.151">
      <testcase name="test1[18]" classname="fr.familiar.test.featureide.SATBuilderTest" time="0.151"/>
    </testsuite>
    <testsuite name="[19]" time="0.037">
      <testcase name="test1[19]" classname="fr.familiar.test.featureide.SATBuilderTest" time="0.037"/>
    </testsuite>
    <testsuite name="[20]" time="0.154">
      <testcase name="test1[20]" classname="fr.familiar.test.featureide.SATBuilderTest" time="0.154"/>
    </testsuite>
    <testsuite name="[21]" time="0.048">
      <testcase name="test1[21]" classname="fr.familiar.test.featureide.SATBuilderTest" time="0.048"/>
    </testsuite>
    <testsuite name="[22]" time="0.142">
      <testcase name="test1[22]" classname="fr.familiar.test.featureide.SATBuilderTest" time="0.142"/>
    </testsuite>
  </testsuite>
  <testsuite name="fr.familiar.test.featureide.FMLSlicerTest" time="5.259">
    <testcase name="testSimpleSAT1" classname="fr.familiar.test.featureide.FMLSlicerTest" time="0.0" ignored="true"/>
    <testcase name="testSimpleSAT2" classname="fr.familiar.test.featureide.FMLSlicerTest" time="0.0" ignored="true"/>
    <testcase name="testBasicExample1" classname="fr.familiar.test.featureide.FMLSlicerTest" time="0.293"/>
    <testcase name="testAlignment" classname="fr.familiar.test.featureide.FMLSlicerTest" time="0.332"/>
    <testcase name="testFiltering2ContextVS" classname="fr.familiar.test.featureide.FMLSlicerTest" time="0.0" ignored="true"/>
    <testcase name="testAlignment2" classname="fr.familiar.test.featureide.FMLSlicerTest" time="0.09"/>
    <testcase name="testAlignment3" classname="fr.familiar.test.featureide.FMLSlicerTest" time="0.202"/>
    <testcase name="testAlignment4" classname="fr.familiar.test.featureide.FMLSlicerTest" time="0.178"/>
    <testcase name="testAlignment5" classname="fr.familiar.test.featureide.FMLSlicerTest" time="0.212"/>
    <testcase name="testMendoncaWebPortal" classname="fr.familiar.test.featureide.FMLSlicerTest" time="0.247">
      <error>java.lang.NullPointerException
	at fr.familiar.parser.FMBuilder.eval(FMBuilder.java:235)
	at fr.familiar.parser.FMLAbstractCommandAnalyzer.parse(FMLAbstractCommandAnalyzer.java:104)
	at fr.familiar.parser.FMAnalyzer.eval(FMAnalyzer.java:89)
	at fr.familiar.parser.FMLAbstractCommandAnalyzer.parse(FMLAbstractCommandAnalyzer.java:104)
	at fr.familiar.parser.FMLCommandInterpreter.parseFMCommand(FMLCommandInterpreter.java:794)
	at fr.familiar.parser.FMLCommandInterpreter.parse(FMLCommandInterpreter.java:503)
	at fr.familiar.parser.FMLCommandInterpreter.parse(FMLCommandInterpreter.java:446)
	at fr.familiar.parser.FMLCommandInterpreter.parse(FMLCommandInterpreter.java:1036)
	at fr.familiar.parser.FMLCommandInterpreter.parse(FMLCommandInterpreter.java:951)
	at fr.familiar.parser.FMLCommandInterpreter.parse(FMLCommandInterpreter.java:818)
	at fr.familiar.parser.FMLCommandInterpreter.parseCommand(FMLCommandInterpreter.java:379)
	at fr.familiar.interpreter.FMLShell.parse(FMLShell.java:685)
	at fr.familiar.test.featureide.FMLSlicerTest.testMendoncaWebPortal(FMLSlicerTest.java:1287)
	at sun.reflect.NativeMethodAccessorImpl.invoke0(Native Method)
	at sun.reflect.NativeMethodAccessorImpl.invoke(NativeMethodAccessorImpl.java:39)
	at sun.reflect.DelegatingMethodAccessorImpl.invoke(DelegatingMethodAccessorImpl.java:25)
	at java.lang.reflect.Method.invoke(Method.java:597)
	at org.junit.runners.model.FrameworkMethod$1.runReflectiveCall(FrameworkMethod.java:47)
	at org.junit.internal.runners.model.ReflectiveCallable.run(ReflectiveCallable.java:12)
	at org.junit.runners.model.FrameworkMethod.invokeExplosively(FrameworkMethod.java:44)
	at org.junit.internal.runners.statements.InvokeMethod.evaluate(InvokeMethod.java:17)
	at org.junit.internal.runners.statements.RunBefores.evaluate(RunBefores.java:26)
	at org.junit.internal.runners.statements.RunAfters.evaluate(RunAfters.java:27)
	at org.junit.runners.ParentRunner.runLeaf(ParentRunner.java:271)
	at org.junit.runners.BlockJUnit4ClassRunner.runChild(BlockJUnit4ClassRunner.java:70)
	at org.junit.runners.BlockJUnit4ClassRunner.runChild(BlockJUnit4ClassRunner.java:50)
	at org.junit.runners.ParentRunner$3.run(ParentRunner.java:238)
	at org.junit.runners.ParentRunner$1.schedule(ParentRunner.java:63)
	at org.junit.runners.ParentRunner.runChildren(ParentRunner.java:236)
	at org.junit.runners.ParentRunner.access$000(ParentRunner.java:53)
	at org.junit.runners.ParentRunner$2.evaluate(ParentRunner.java:229)
	at org.junit.runners.ParentRunner.run(ParentRunner.java:309)
	at org.eclipse.jdt.internal.junit4.runner.JUnit4TestReference.run(JUnit4TestReference.java:50)
	at org.eclipse.jdt.internal.junit.runner.TestExecution.run(TestExecution.java:38)
	at org.eclipse.jdt.internal.junit.runner.RemoteTestRunner.runTests(RemoteTestRunner.java:467)
	at org.eclipse.jdt.internal.junit.runner.RemoteTestRunner.runTests(RemoteTestRunner.java:683)
	at org.eclipse.jdt.internal.junit.runner.RemoteTestRunner.run(RemoteTestRunner.java:390)
	at org.eclipse.jdt.internal.junit.runner.RemoteTestRunner.main(RemoteTestRunner.java:197)

</error>
    </testcase>
    <testcase name="testMIPhD" classname="fr.familiar.test.featureide.FMLSlicerTest" time="0.053"/>
    <testcase name="checkASEExamples" classname="fr.familiar.test.featureide.FMLSlicerTest" time="0.187"/>
    <testcase name="alignment1" classname="fr.familiar.test.featureide.FMLSlicerTest" time="0.087"/>
    <testcase name="alignment2" classname="fr.familiar.test.featureide.FMLSlicerTest" time="0.189"/>
    <testcase name="alignment3" classname="fr.familiar.test.featureide.FMLSlicerTest" time="0.179"/>
    <testcase name="alignment4" classname="fr.familiar.test.featureide.FMLSlicerTest" time="0.178"/>
    <testcase name="alignment5" classname="fr.familiar.test.featureide.FMLSlicerTest" time="0.075"/>
    <testcase name="testImposeHiearchy1" classname="fr.familiar.test.featureide.FMLSlicerTest" time="0.154"/>
    <testcase name="testASEPoster" classname="fr.familiar.test.featureide.FMLSlicerTest" time="0.098"/>
    <testcase name="testSimpleSlice1" classname="fr.familiar.test.featureide.FMLSlicerTest" time="0.16"/>
    <testcase name="testFilteringContextVS" classname="fr.familiar.test.featureide.FMLSlicerTest" time="0.0" ignored="true"/>
    <testcase name="foo1" classname="fr.familiar.test.featureide.FMLSlicerTest" time="0.141"/>
    <testcase name="foo2" classname="fr.familiar.test.featureide.FMLSlicerTest" time="0.043"/>
    <testcase name="misc1" classname="fr.familiar.test.featureide.FMLSlicerTest" time="0.143"/>
    <testcase name="testRefactoring" classname="fr.familiar.test.featureide.FMLSlicerTest" time="0.072"/>
    <testcase name="testRealizability1" classname="fr.familiar.test.featureide.FMLSlicerTest" time="0.193"/>
    <testcase name="testRealizability2" classname="fr.familiar.test.featureide.FMLSlicerTest" time="0.404"/>
    <testcase name="testFiltering1bis" classname="fr.familiar.test.featureide.FMLSlicerTest" time="0.191"/>
    <testcase name="testICECCSReachability1Test" classname="fr.familiar.test.featureide.FMLSlicerTest" time="0.191"/>
    <testcase name="testICECCSReachability2Test" classname="fr.familiar.test.featureide.FMLSlicerTest" time="0.172"/>
    <testcase name="testFiltering1" classname="fr.familiar.test.featureide.FMLSlicerTest" time="0.166"/>
    <testcase name="testFiltering2" classname="fr.familiar.test.featureide.FMLSlicerTest" time="0.042"/>
    <testcase name="testFiltering3" classname="fr.familiar.test.featureide.FMLSlicerTest" time="0.147"/>
    <testcase name="testFiltering4" classname="fr.familiar.test.featureide.FMLSlicerTest" time="0.039"/>
    <testcase name="testFiltering5" classname="fr.familiar.test.featureide.FMLSlicerTest" time="0.145"/>
    <testcase name="testFiltering6" classname="fr.familiar.test.featureide.FMLSlicerTest" time="0.063"/>
    <testcase name="testFilteringContext" classname="fr.familiar.test.featureide.FMLSlicerTest" time="0.193"/>
  </testsuite>
  <testsuite name="fr.familiar.test.featureide.FMLKSyntehsisingSPLOTTest" time="0.019">
    <testcase name="testBIG" classname="fr.familiar.test.featureide.FMLKSyntehsisingSPLOTTest" time="0.0" ignored="true"/>
    <testcase name="testMisc" classname="fr.familiar.test.featureide.FMLKSyntehsisingSPLOTTest" time="0.018"/>
    <testcase name="testSPLOTReader" classname="fr.familiar.test.featureide.FMLKSyntehsisingSPLOTTest" time="0.001" ignored="true"/>
  </testsuite>
  <testsuite name="fr.familiar.test.featureide.SATSlicerTest" time="0.755">
    <testcase name="ThumSPLC2011WithBDD" classname="fr.familiar.test.featureide.SATSlicerTest" time="0.0" ignored="true"/>
    <testcase name="ThumSPLC2011WithSAT" classname="fr.familiar.test.featureide.SATSlicerTest" time="0.258"/>
    <testcase name="test1" classname="fr.familiar.test.featureide.SATSlicerTest" time="0.182"/>
    <testcase name="test2" classname="fr.familiar.test.featureide.SATSlicerTest" time="0.089"/>
    <testcase name="test3" classname="fr.familiar.test.featureide.SATSlicerTest" time="0.226"/>
  </testsuite>
  <testsuite name="fr.familiar.test.featureide.FMLKernelLinuxTest" time="0.174">
    <testcase name="testBIG" classname="fr.familiar.test.featureide.FMLKernelLinuxTest" time="0.0" ignored="true"/>
    <testcase name="testDimacs" classname="fr.familiar.test.featureide.FMLKernelLinuxTest" time="0.174"/>
  </testsuite>
  <testsuite name="fr.familiar.test.featureide.FMLImplicationGraphSATTest" time="4.678">
    <testsuite name="[0]" time="0.236">
      <testcase name="testSATBDDEquivalence[0]" classname="fr.familiar.test.featureide.FMLImplicationGraphSATTest" time="0.198"/>
      <testcase name="test1[0]" classname="fr.familiar.test.featureide.FMLImplicationGraphSATTest" time="0.038"/>
    </testsuite>
    <testsuite name="[1]" time="0.202">
      <testcase name="testSATBDDEquivalence[1]" classname="fr.familiar.test.featureide.FMLImplicationGraphSATTest" time="0.164"/>
      <testcase name="test1[1]" classname="fr.familiar.test.featureide.FMLImplicationGraphSATTest" time="0.038"/>
    </testsuite>
    <testsuite name="[2]" time="0.198">
      <testcase name="testSATBDDEquivalence[2]" classname="fr.familiar.test.featureide.FMLImplicationGraphSATTest" time="0.16"/>
      <testcase name="test1[2]" classname="fr.familiar.test.featureide.FMLImplicationGraphSATTest" time="0.038"/>
    </testsuite>
    <testsuite name="[3]" time="0.197">
      <testcase name="testSATBDDEquivalence[3]" classname="fr.familiar.test.featureide.FMLImplicationGraphSATTest" time="0.159"/>
      <testcase name="test1[3]" classname="fr.familiar.test.featureide.FMLImplicationGraphSATTest" time="0.038"/>
    </testsuite>
    <testsuite name="[4]" time="0.202">
      <testcase name="testSATBDDEquivalence[4]" classname="fr.familiar.test.featureide.FMLImplicationGraphSATTest" time="0.162"/>
      <testcase name="test1[4]" classname="fr.familiar.test.featureide.FMLImplicationGraphSATTest" time="0.04"/>
    </testsuite>
    <testsuite name="[5]" time="0.198">
      <testcase name="testSATBDDEquivalence[5]" classname="fr.familiar.test.featureide.FMLImplicationGraphSATTest" time="0.159"/>
      <testcase name="test1[5]" classname="fr.familiar.test.featureide.FMLImplicationGraphSATTest" time="0.039"/>
    </testsuite>
    <testsuite name="[6]" time="0.201">
      <testcase name="testSATBDDEquivalence[6]" classname="fr.familiar.test.featureide.FMLImplicationGraphSATTest" time="0.162"/>
      <testcase name="test1[6]" classname="fr.familiar.test.featureide.FMLImplicationGraphSATTest" time="0.039"/>
    </testsuite>
    <testsuite name="[7]" time="0.194">
      <testcase name="testSATBDDEquivalence[7]" classname="fr.familiar.test.featureide.FMLImplicationGraphSATTest" time="0.156"/>
      <testcase name="test1[7]" classname="fr.familiar.test.featureide.FMLImplicationGraphSATTest" time="0.038"/>
    </testsuite>
    <testsuite name="[8]" time="0.197">
      <testcase name="testSATBDDEquivalence[8]" classname="fr.familiar.test.featureide.FMLImplicationGraphSATTest" time="0.16"/>
      <testcase name="test1[8]" classname="fr.familiar.test.featureide.FMLImplicationGraphSATTest" time="0.037"/>
    </testsuite>
    <testsuite name="[9]" time="0.198">
      <testcase name="testSATBDDEquivalence[9]" classname="fr.familiar.test.featureide.FMLImplicationGraphSATTest" time="0.16"/>
      <testcase name="test1[9]" classname="fr.familiar.test.featureide.FMLImplicationGraphSATTest" time="0.038"/>
    </testsuite>
    <testsuite name="[10]" time="0.209">
      <testcase name="testSATBDDEquivalence[10]" classname="fr.familiar.test.featureide.FMLImplicationGraphSATTest" time="0.17"/>
      <testcase name="test1[10]" classname="fr.familiar.test.featureide.FMLImplicationGraphSATTest" time="0.039"/>
    </testsuite>
    <testsuite name="[11]" time="0.198">
      <testcase name="testSATBDDEquivalence[11]" classname="fr.familiar.test.featureide.FMLImplicationGraphSATTest" time="0.159"/>
      <testcase name="test1[11]" classname="fr.familiar.test.featureide.FMLImplicationGraphSATTest" time="0.038"/>
    </testsuite>
    <testsuite name="[12]" time="0.2">
      <testcase name="testSATBDDEquivalence[12]" classname="fr.familiar.test.featureide.FMLImplicationGraphSATTest" time="0.161"/>
      <testcase name="test1[12]" classname="fr.familiar.test.featureide.FMLImplicationGraphSATTest" time="0.039"/>
    </testsuite>
    <testsuite name="[13]" time="0.198">
      <testcase name="testSATBDDEquivalence[13]" classname="fr.familiar.test.featureide.FMLImplicationGraphSATTest" time="0.16"/>
      <testcase name="test1[13]" classname="fr.familiar.test.featureide.FMLImplicationGraphSATTest" time="0.038"/>
    </testsuite>
    <testsuite name="[14]" time="0.202">
      <testcase name="testSATBDDEquivalence[14]" classname="fr.familiar.test.featureide.FMLImplicationGraphSATTest" time="0.163"/>
      <testcase name="test1[14]" classname="fr.familiar.test.featureide.FMLImplicationGraphSATTest" time="0.039"/>
    </testsuite>
    <testsuite name="[15]" time="0.209">
      <testcase name="testSATBDDEquivalence[15]" classname="fr.familiar.test.featureide.FMLImplicationGraphSATTest" time="0.16"/>
      <testcase name="test1[15]" classname="fr.familiar.test.featureide.FMLImplicationGraphSATTest" time="0.049"/>
    </testsuite>
    <testsuite name="[16]" time="0.206">
      <testcase name="testSATBDDEquivalence[16]" classname="fr.familiar.test.featureide.FMLImplicationGraphSATTest" time="0.165"/>
      <testcase name="test1[16]" classname="fr.familiar.test.featureide.FMLImplicationGraphSATTest" time="0.041"/>
    </testsuite>
    <testsuite name="[17]" time="0.195">
      <testcase name="testSATBDDEquivalence[17]" classname="fr.familiar.test.featureide.FMLImplicationGraphSATTest" time="0.156"/>
      <testcase name="test1[17]" classname="fr.familiar.test.featureide.FMLImplicationGraphSATTest" time="0.039"/>
    </testsuite>
    <testsuite name="[18]" time="0.198">
      <testcase name="testSATBDDEquivalence[18]" classname="fr.familiar.test.featureide.FMLImplicationGraphSATTest" time="0.161"/>
      <testcase name="test1[18]" classname="fr.familiar.test.featureide.FMLImplicationGraphSATTest" time="0.037"/>
    </testsuite>
    <testsuite name="[19]" time="0.201">
      <testcase name="testSATBDDEquivalence[19]" classname="fr.familiar.test.featureide.FMLImplicationGraphSATTest" time="0.163"/>
      <testcase name="test1[19]" classname="fr.familiar.test.featureide.FMLImplicationGraphSATTest" time="0.038"/>
    </testsuite>
    <testsuite name="[20]" time="0.196">
      <testcase name="testSATBDDEquivalence[20]" classname="fr.familiar.test.featureide.FMLImplicationGraphSATTest" time="0.157"/>
      <testcase name="test1[20]" classname="fr.familiar.test.featureide.FMLImplicationGraphSATTest" time="0.039"/>
    </testsuite>
    <testsuite name="[21]" time="0.256">
      <testcase name="testSATBDDEquivalence[21]" classname="fr.familiar.test.featureide.FMLImplicationGraphSATTest" time="0.209"/>
      <testcase name="test1[21]" classname="fr.familiar.test.featureide.FMLImplicationGraphSATTest" time="0.046"/>
    </testsuite>
    <testsuite name="[22]" time="0.186">
      <testcase name="testSATBDDEquivalence[22]" classname="fr.familiar.test.featureide.FMLImplicationGraphSATTest" time="0.149"/>
      <testcase name="test1[22]" classname="fr.familiar.test.featureide.FMLImplicationGraphSATTest" time="0.036"/>
    </testsuite>
  </testsuite>
  <testcase name="fr.familiar.test.featureide.FMLtoFeatureIDEMappingTest" classname="fr.familiar.test.featureide.FMLtoFeatureIDEMappingTest" time="0.0" ignored="true"/>
  <testsuite name="fr.familiar.test.featureide.FMLMiscTest" time="1.586">
    <testcase name="testDependency1" classname="fr.familiar.test.featureide.FMLMiscTest" time="0.179"/>
    <testcase name="testSebSeduite" classname="fr.familiar.test.featureide.FMLMiscTest" time="0.038"/>
    <testcase name="testCTRC1" classname="fr.familiar.test.featureide.FMLMiscTest" time="0.191"/>
    <testcase name="testMutex" classname="fr.familiar.test.featureide.FMLMiscTest" time="0.059"/>
    <testcase name="testCompare1" classname="fr.familiar.test.featureide.FMLMiscTest" time="0.22"/>
    <testcase name="testConvert1" classname="fr.familiar.test.featureide.FMLMiscTest" time="0.132"/>
    <testcase name="testSebSeduite2" classname="fr.familiar.test.featureide.FMLMiscTest" time="0.0" ignored="true"/>
    <testcase name="testSetAlternative1" classname="fr.familiar.test.featureide.FMLMiscTest" time="0.156"/>
    <testcase name="testForeach1" classname="fr.familiar.test.featureide.FMLMiscTest" time="0.238"/>
    <testcase name="testIsRoot" classname="fr.familiar.test.featureide.FMLMiscTest" time="0.184"/>
    <testcase name="testMutex2" classname="fr.familiar.test.featureide.FMLMiscTest" time="0.147"/>
    <testcase name="testInsert1" classname="fr.familiar.test.featureide.FMLMiscTest" time="0.042"/>
    <testcase name="testSATFla" classname="fr.familiar.test.featureide.FMLMiscTest" time="0.0" ignored="true"/>
  </testsuite>
  <testsuite name="fr.familiar.test.featureide.FMLConverterTest" time="10.211">
    <testcase name="testInteroperability" classname="fr.familiar.test.featureide.FMLConverterTest" time="0.236">
      <error>java.lang.NullPointerException
	at fr.familiar.parser.FMBuilder.eval(FMBuilder.java:205)
	at fr.familiar.parser.FMLAbstractCommandAnalyzer.parse(FMLAbstractCommandAnalyzer.java:104)
	at fr.familiar.parser.FMAnalyzer.eval(FMAnalyzer.java:89)
	at fr.familiar.parser.FMLAbstractCommandAnalyzer.parse(FMLAbstractCommandAnalyzer.java:104)
	at fr.familiar.parser.FMLCommandInterpreter.parseFMCommand(FMLCommandInterpreter.java:794)
	at fr.familiar.parser.FMLCommandInterpreter.parse(FMLCommandInterpreter.java:503)
	at fr.familiar.parser.FMLCommandInterpreter.parse(FMLCommandInterpreter.java:446)
	at fr.familiar.parser.FMLCommandInterpreter.parse(FMLCommandInterpreter.java:1036)
	at fr.familiar.parser.FMLCommandInterpreter.parse(FMLCommandInterpreter.java:951)
	at fr.familiar.parser.FMLCommandInterpreter.parse(FMLCommandInterpreter.java:818)
	at fr.familiar.parser.FMLCommandInterpreter.parseCommand(FMLCommandInterpreter.java:379)
	at fr.familiar.interpreter.FMLShell.parse(FMLShell.java:685)
	at fr.familiar.test.featureide.FMLConverterTest.testInteroperability(FMLConverterTest.java:445)
	at sun.reflect.NativeMethodAccessorImpl.invoke0(Native Method)
	at sun.reflect.NativeMethodAccessorImpl.invoke(NativeMethodAccessorImpl.java:39)
	at sun.reflect.DelegatingMethodAccessorImpl.invoke(DelegatingMethodAccessorImpl.java:25)
	at java.lang.reflect.Method.invoke(Method.java:597)
	at org.junit.runners.model.FrameworkMethod$1.runReflectiveCall(FrameworkMethod.java:47)
	at org.junit.internal.runners.model.ReflectiveCallable.run(ReflectiveCallable.java:12)
	at org.junit.runners.model.FrameworkMethod.invokeExplosively(FrameworkMethod.java:44)
	at org.junit.internal.runners.statements.InvokeMethod.evaluate(InvokeMethod.java:17)
	at org.junit.internal.runners.statements.RunBefores.evaluate(RunBefores.java:26)
	at org.junit.internal.runners.statements.RunAfters.evaluate(RunAfters.java:27)
	at org.junit.runners.ParentRunner.runLeaf(ParentRunner.java:271)
	at org.junit.runners.BlockJUnit4ClassRunner.runChild(BlockJUnit4ClassRunner.java:70)
	at org.junit.runners.BlockJUnit4ClassRunner.runChild(BlockJUnit4ClassRunner.java:50)
	at org.junit.runners.ParentRunner$3.run(ParentRunner.java:238)
	at org.junit.runners.ParentRunner$1.schedule(ParentRunner.java:63)
	at org.junit.runners.ParentRunner.runChildren(ParentRunner.java:236)
	at org.junit.runners.ParentRunner.access$000(ParentRunner.java:53)
	at org.junit.runners.ParentRunner$2.evaluate(ParentRunner.java:229)
	at org.junit.runners.ParentRunner.run(ParentRunner.java:309)
	at org.eclipse.jdt.internal.junit4.runner.JUnit4TestReference.run(JUnit4TestReference.java:50)
	at org.eclipse.jdt.internal.junit.runner.TestExecution.run(TestExecution.java:38)
	at org.eclipse.jdt.internal.junit.runner.RemoteTestRunner.runTests(RemoteTestRunner.java:467)
	at org.eclipse.jdt.internal.junit.runner.RemoteTestRunner.runTests(RemoteTestRunner.java:683)
	at org.eclipse.jdt.internal.junit.runner.RemoteTestRunner.run(RemoteTestRunner.java:390)
	at org.eclipse.jdt.internal.junit.runner.RemoteTestRunner.main(RemoteTestRunner.java:197)

</error>
    </testcase>
    <testcase name="testLoad" classname="fr.familiar.test.featureide.FMLConverterTest" time="0.121">
      <error>java.lang.NullPointerException
	at fr.familiar.fm.basic.FMLFeatureModelReader.parseFile(FMLFeatureModelReader.java:148)
	at fr.familiar.parser.FMBuilder.parseFile(FMBuilder.java:577)
	at fr.familiar.parser.FMBuilder.eval(FMBuilder.java:282)
	at fr.familiar.parser.FMLAbstractCommandAnalyzer.parse(FMLAbstractCommandAnalyzer.java:104)
	at fr.familiar.parser.FMAnalyzer.eval(FMAnalyzer.java:89)
	at fr.familiar.parser.FMLAbstractCommandAnalyzer.parse(FMLAbstractCommandAnalyzer.java:104)
	at fr.familiar.parser.FMLCommandInterpreter.parseFMCommand(FMLCommandInterpreter.java:794)
	at fr.familiar.parser.FMLCommandInterpreter.parse(FMLCommandInterpreter.java:503)
	at fr.familiar.parser.FMLCommandInterpreter.parse(FMLCommandInterpreter.java:446)
	at fr.familiar.parser.FMLCommandInterpreter.parse(FMLCommandInterpreter.java:1036)
	at fr.familiar.parser.FMLCommandInterpreter.parse(FMLCommandInterpreter.java:951)
	at fr.familiar.parser.FMLCommandInterpreter.parse(FMLCommandInterpreter.java:818)
	at fr.familiar.parser.FMLCommandInterpreter.parseCommand(FMLCommandInterpreter.java:379)
	at fr.familiar.interpreter.FMLShell.parse(FMLShell.java:685)
	at fr.familiar.test.featureide.FMLConverterTest.testLoad(FMLConverterTest.java:463)
	at sun.reflect.NativeMethodAccessorImpl.invoke0(Native Method)
	at sun.reflect.NativeMethodAccessorImpl.invoke(NativeMethodAccessorImpl.java:39)
	at sun.reflect.DelegatingMethodAccessorImpl.invoke(DelegatingMethodAccessorImpl.java:25)
	at java.lang.reflect.Method.invoke(Method.java:597)
	at org.junit.runners.model.FrameworkMethod$1.runReflectiveCall(FrameworkMethod.java:47)
	at org.junit.internal.runners.model.ReflectiveCallable.run(ReflectiveCallable.java:12)
	at org.junit.runners.model.FrameworkMethod.invokeExplosively(FrameworkMethod.java:44)
	at org.junit.internal.runners.statements.InvokeMethod.evaluate(InvokeMethod.java:17)
	at org.junit.internal.runners.statements.RunBefores.evaluate(RunBefores.java:26)
	at org.junit.internal.runners.statements.RunAfters.evaluate(RunAfters.java:27)
	at org.junit.runners.ParentRunner.runLeaf(ParentRunner.java:271)
	at org.junit.runners.BlockJUnit4ClassRunner.runChild(BlockJUnit4ClassRunner.java:70)
	at org.junit.runners.BlockJUnit4ClassRunner.runChild(BlockJUnit4ClassRunner.java:50)
	at org.junit.runners.ParentRunner$3.run(ParentRunner.java:238)
	at org.junit.runners.ParentRunner$1.schedule(ParentRunner.java:63)
	at org.junit.runners.ParentRunner.runChildren(ParentRunner.java:236)
	at org.junit.runners.ParentRunner.access$000(ParentRunner.java:53)
	at org.junit.runners.ParentRunner$2.evaluate(ParentRunner.java:229)
	at org.junit.runners.ParentRunner.run(ParentRunner.java:309)
	at org.eclipse.jdt.internal.junit4.runner.JUnit4TestReference.run(JUnit4TestReference.java:50)
	at org.eclipse.jdt.internal.junit.runner.TestExecution.run(TestExecution.java:38)
	at org.eclipse.jdt.internal.junit.runner.RemoteTestRunner.runTests(RemoteTestRunner.java:467)
	at org.eclipse.jdt.internal.junit.runner.RemoteTestRunner.runTests(RemoteTestRunner.java:683)
	at org.eclipse.jdt.internal.junit.runner.RemoteTestRunner.run(RemoteTestRunner.java:390)
	at org.eclipse.jdt.internal.junit.runner.RemoteTestRunner.main(RemoteTestRunner.java:197)

</error>
    </testcase>
    <testcase name="testTVL1" classname="fr.familiar.test.featureide.FMLConverterTest" time="0.239">
      <error>fr.familiar.interpreter.VariableNotExistingException: variable null does not exist
	at fr.familiar.parser.FMLCommandInterpreter.getVariable(FMLCommandInterpreter.java:1733)
	at fr.familiar.test.FMLTest.getFMVariable(FMLTest.java:426)
	at fr.familiar.test.featureide.FMLConverterTest.testTVL1(FMLConverterTest.java:479)
	at sun.reflect.NativeMethodAccessorImpl.invoke0(Native Method)
	at sun.reflect.NativeMethodAccessorImpl.invoke(NativeMethodAccessorImpl.java:39)
	at sun.reflect.DelegatingMethodAccessorImpl.invoke(DelegatingMethodAccessorImpl.java:25)
	at java.lang.reflect.Method.invoke(Method.java:597)
	at org.junit.runners.model.FrameworkMethod$1.runReflectiveCall(FrameworkMethod.java:47)
	at org.junit.internal.runners.model.ReflectiveCallable.run(ReflectiveCallable.java:12)
	at org.junit.runners.model.FrameworkMethod.invokeExplosively(FrameworkMethod.java:44)
	at org.junit.internal.runners.statements.InvokeMethod.evaluate(InvokeMethod.java:17)
	at org.junit.internal.runners.statements.RunBefores.evaluate(RunBefores.java:26)
	at org.junit.internal.runners.statements.RunAfters.evaluate(RunAfters.java:27)
	at org.junit.runners.ParentRunner.runLeaf(ParentRunner.java:271)
	at org.junit.runners.BlockJUnit4ClassRunner.runChild(BlockJUnit4ClassRunner.java:70)
	at org.junit.runners.BlockJUnit4ClassRunner.runChild(BlockJUnit4ClassRunner.java:50)
	at org.junit.runners.ParentRunner$3.run(ParentRunner.java:238)
	at org.junit.runners.ParentRunner$1.schedule(ParentRunner.java:63)
	at org.junit.runners.ParentRunner.runChildren(ParentRunner.java:236)
	at org.junit.runners.ParentRunner.access$000(ParentRunner.java:53)
	at org.junit.runners.ParentRunner$2.evaluate(ParentRunner.java:229)
	at org.junit.runners.ParentRunner.run(ParentRunner.java:309)
	at org.eclipse.jdt.internal.junit4.runner.JUnit4TestReference.run(JUnit4TestReference.java:50)
	at org.eclipse.jdt.internal.junit.runner.TestExecution.run(TestExecution.java:38)
	at org.eclipse.jdt.internal.junit.runner.RemoteTestRunner.runTests(RemoteTestRunner.java:467)
	at org.eclipse.jdt.internal.junit.runner.RemoteTestRunner.runTests(RemoteTestRunner.java:683)
	at org.eclipse.jdt.internal.junit.runner.RemoteTestRunner.run(RemoteTestRunner.java:390)
	at org.eclipse.jdt.internal.junit.runner.RemoteTestRunner.main(RemoteTestRunner.java:197)

</error>
    </testcase>
    <testcase name="testXMI1" classname="fr.familiar.test.featureide.FMLConverterTest" time="0.1"/>
    <testcase name="testXMI2" classname="fr.familiar.test.featureide.FMLConverterTest" time="0.212"/>
    <testcase name="testXMI3" classname="fr.familiar.test.featureide.FMLConverterTest" time="0.091"/>
    <testcase name="testXMI4" classname="fr.familiar.test.featureide.FMLConverterTest" time="0.333">
      <error>java.lang.NullPointerException
	at fr.familiar.parser.FMBuilder.eval(FMBuilder.java:205)
	at fr.familiar.parser.FMLAbstractCommandAnalyzer.parse(FMLAbstractCommandAnalyzer.java:104)
	at fr.familiar.parser.FMAnalyzer.eval(FMAnalyzer.java:89)
	at fr.familiar.parser.FMLAbstractCommandAnalyzer.parse(FMLAbstractCommandAnalyzer.java:104)
	at fr.familiar.parser.FMLCommandInterpreter.parseFMCommand(FMLCommandInterpreter.java:794)
	at fr.familiar.parser.FMLCommandInterpreter.parse(FMLCommandInterpreter.java:503)
	at fr.familiar.parser.FMLCommandInterpreter.parse(FMLCommandInterpreter.java:446)
	at fr.familiar.parser.FMLCommandInterpreter.parse(FMLCommandInterpreter.java:1036)
	at fr.familiar.parser.FMLCommandInterpreter.parse(FMLCommandInterpreter.java:951)
	at fr.familiar.parser.FMLCommandInterpreter.parse(FMLCommandInterpreter.java:818)
	at fr.familiar.parser.FMLCommandInterpreter.parseCommand(FMLCommandInterpreter.java:379)
	at fr.familiar.interpreter.FMLShell.parse(FMLShell.java:685)
	at fr.familiar.test.featureide.FMLConverterTest.testXMI4(FMLConverterTest.java:97)
	at sun.reflect.NativeMethodAccessorImpl.invoke0(Native Method)
	at sun.reflect.NativeMethodAccessorImpl.invoke(NativeMethodAccessorImpl.java:39)
	at sun.reflect.DelegatingMethodAccessorImpl.invoke(DelegatingMethodAccessorImpl.java:25)
	at java.lang.reflect.Method.invoke(Method.java:597)
	at org.junit.runners.model.FrameworkMethod$1.runReflectiveCall(FrameworkMethod.java:47)
	at org.junit.internal.runners.model.ReflectiveCallable.run(ReflectiveCallable.java:12)
	at org.junit.runners.model.FrameworkMethod.invokeExplosively(FrameworkMethod.java:44)
	at org.junit.internal.runners.statements.InvokeMethod.evaluate(InvokeMethod.java:17)
	at org.junit.internal.runners.statements.RunBefores.evaluate(RunBefores.java:26)
	at org.junit.internal.runners.statements.RunAfters.evaluate(RunAfters.java:27)
	at org.junit.runners.ParentRunner.runLeaf(ParentRunner.java:271)
	at org.junit.runners.BlockJUnit4ClassRunner.runChild(BlockJUnit4ClassRunner.java:70)
	at org.junit.runners.BlockJUnit4ClassRunner.runChild(BlockJUnit4ClassRunner.java:50)
	at org.junit.runners.ParentRunner$3.run(ParentRunner.java:238)
	at org.junit.runners.ParentRunner$1.schedule(ParentRunner.java:63)
	at org.junit.runners.ParentRunner.runChildren(ParentRunner.java:236)
	at org.junit.runners.ParentRunner.access$000(ParentRunner.java:53)
	at org.junit.runners.ParentRunner$2.evaluate(ParentRunner.java:229)
	at org.junit.runners.ParentRunner.run(ParentRunner.java:309)
	at org.eclipse.jdt.internal.junit4.runner.JUnit4TestReference.run(JUnit4TestReference.java:50)
	at org.eclipse.jdt.internal.junit.runner.TestExecution.run(TestExecution.java:38)
	at org.eclipse.jdt.internal.junit.runner.RemoteTestRunner.runTests(RemoteTestRunner.java:467)
	at org.eclipse.jdt.internal.junit.runner.RemoteTestRunner.runTests(RemoteTestRunner.java:683)
	at org.eclipse.jdt.internal.junit.runner.RemoteTestRunner.run(RemoteTestRunner.java:390)
	at org.eclipse.jdt.internal.junit.runner.RemoteTestRunner.main(RemoteTestRunner.java:197)

</error>
    </testcase>
    <testcase name="testFeatureIDE1" classname="fr.familiar.test.featureide.FMLConverterTest" time="0.04"/>
    <testcase name="testFeatureIDE2" classname="fr.familiar.test.featureide.FMLConverterTest" time="0.182"/>
    <testcase name="testFeatureIDE3" classname="fr.familiar.test.featureide.FMLConverterTest" time="0.041"/>
    <testcase name="testSPLOT1" classname="fr.familiar.test.featureide.FMLConverterTest" time="0.15"/>
    <testcase name="testSPLOT2" classname="fr.familiar.test.featureide.FMLConverterTest" time="0.07"/>
    <testcase name="testSPLOT3" classname="fr.familiar.test.featureide.FMLConverterTest" time="0.226">
      <error>java.lang.NullPointerException
	at fr.familiar.fm.converter.SPLOTConverter.&lt;init&gt;(SPLOTConverter.java:83)
	at fr.familiar.parser.ConvertAnalyzer.convert(ConvertAnalyzer.java:166)
	at fr.familiar.parser.ConvertAnalyzer.eval(ConvertAnalyzer.java:99)
	at fr.familiar.parser.FMLAbstractCommandAnalyzer.parse(FMLAbstractCommandAnalyzer.java:104)
	at fr.familiar.parser.FMLCommandInterpreter.parseStringCommand(FMLCommandInterpreter.java:2086)
	at fr.familiar.parser.FMLCommandInterpreter.parse(FMLCommandInterpreter.java:551)
	at fr.familiar.parser.FMLCommandInterpreter.parse(FMLCommandInterpreter.java:446)
	at fr.familiar.parser.FMLCommandInterpreter.parse(FMLCommandInterpreter.java:1036)
	at fr.familiar.parser.FMLCommandInterpreter.parse(FMLCommandInterpreter.java:951)
	at fr.familiar.parser.FMLCommandInterpreter.parse(FMLCommandInterpreter.java:818)
	at fr.familiar.parser.FMLCommandInterpreter.parseCommand(FMLCommandInterpreter.java:379)
	at fr.familiar.interpreter.FMLShell.parse(FMLShell.java:685)
	at fr.familiar.test.featureide.FMLConverterTest.testSPLOT3(FMLConverterTest.java:142)
	at sun.reflect.NativeMethodAccessorImpl.invoke0(Native Method)
	at sun.reflect.NativeMethodAccessorImpl.invoke(NativeMethodAccessorImpl.java:39)
	at sun.reflect.DelegatingMethodAccessorImpl.invoke(DelegatingMethodAccessorImpl.java:25)
	at java.lang.reflect.Method.invoke(Method.java:597)
	at org.junit.runners.model.FrameworkMethod$1.runReflectiveCall(FrameworkMethod.java:47)
	at org.junit.internal.runners.model.ReflectiveCallable.run(ReflectiveCallable.java:12)
	at org.junit.runners.model.FrameworkMethod.invokeExplosively(FrameworkMethod.java:44)
	at org.junit.internal.runners.statements.InvokeMethod.evaluate(InvokeMethod.java:17)
	at org.junit.internal.runners.statements.RunBefores.evaluate(RunBefores.java:26)
	at org.junit.internal.runners.statements.RunAfters.evaluate(RunAfters.java:27)
	at org.junit.runners.ParentRunner.runLeaf(ParentRunner.java:271)
	at org.junit.runners.BlockJUnit4ClassRunner.runChild(BlockJUnit4ClassRunner.java:70)
	at org.junit.runners.BlockJUnit4ClassRunner.runChild(BlockJUnit4ClassRunner.java:50)
	at org.junit.runners.ParentRunner$3.run(ParentRunner.java:238)
	at org.junit.runners.ParentRunner$1.schedule(ParentRunner.java:63)
	at org.junit.runners.ParentRunner.runChildren(ParentRunner.java:236)
	at org.junit.runners.ParentRunner.access$000(ParentRunner.java:53)
	at org.junit.runners.ParentRunner$2.evaluate(ParentRunner.java:229)
	at org.junit.runners.ParentRunner.run(ParentRunner.java:309)
	at org.eclipse.jdt.internal.junit4.runner.JUnit4TestReference.run(JUnit4TestReference.java:50)
	at org.eclipse.jdt.internal.junit.runner.TestExecution.run(TestExecution.java:38)
	at org.eclipse.jdt.internal.junit.runner.RemoteTestRunner.runTests(RemoteTestRunner.java:467)
	at org.eclipse.jdt.internal.junit.runner.RemoteTestRunner.runTests(RemoteTestRunner.java:683)
	at org.eclipse.jdt.internal.junit.runner.RemoteTestRunner.run(RemoteTestRunner.java:390)
	at org.eclipse.jdt.internal.junit.runner.RemoteTestRunner.main(RemoteTestRunner.java:197)

</error>
    </testcase>
    <testcase name="testSPLOT4" classname="fr.familiar.test.featureide.FMLConverterTest" time="8.169">
      <error>java.lang.OutOfMemoryError: Java heap space
	at net.sf.javabdd.JFactory.initialize(JFactory.java:3191)
	at net.sf.javabdd.JFactory.init(JFactory.java:44)
	at splar.plugins.reasoners.bdd.javabdd.ReasoningWithBDD.&lt;init&gt;(ReasoningWithBDD.java:63)
	at splar.plugins.reasoners.bdd.javabdd.FTReasoningWithBDD.&lt;init&gt;(FTReasoningWithBDD.java:37)
	at splar.plugins.reasoners.bdd.javabdd.FMReasoningWithBDD.&lt;init&gt;(FMReasoningWithBDD.java:25)
	at splar.plugins.reasoners.bdd.javabdd.FMReasoningWithBDD.&lt;init&gt;(FMReasoningWithBDD.java:21)
	at fr.familiar.test.regression.SPLOTUtility.getSPLOTBDDReasoner(SPLOTUtility.java:38)
	at fr.familiar.variable.FeatureModelVariable.getSPLOTBDDReasoner(FeatureModelVariable.java:900)
	at fr.familiar.variable.FeatureModelVariable.getSPLOTFormula(FeatureModelVariable.java:199)
	at fr.familiar.test.featureide.FMLConverterTest.testSPLOT4(FMLConverterTest.java:377)
	at sun.reflect.NativeMethodAccessorImpl.invoke0(Native Method)
	at sun.reflect.NativeMethodAccessorImpl.invoke(NativeMethodAccessorImpl.java:39)
	at sun.reflect.DelegatingMethodAccessorImpl.invoke(DelegatingMethodAccessorImpl.java:25)
	at java.lang.reflect.Method.invoke(Method.java:597)
	at org.junit.runners.model.FrameworkMethod$1.runReflectiveCall(FrameworkMethod.java:47)
	at org.junit.internal.runners.model.ReflectiveCallable.run(ReflectiveCallable.java:12)
	at org.junit.runners.model.FrameworkMethod.invokeExplosively(FrameworkMethod.java:44)
	at org.junit.internal.runners.statements.InvokeMethod.evaluate(InvokeMethod.java:17)
	at org.junit.internal.runners.statements.RunBefores.evaluate(RunBefores.java:26)
	at org.junit.internal.runners.statements.RunAfters.evaluate(RunAfters.java:27)
	at org.junit.runners.ParentRunner.runLeaf(ParentRunner.java:271)
	at org.junit.runners.BlockJUnit4ClassRunner.runChild(BlockJUnit4ClassRunner.java:70)
	at org.junit.runners.BlockJUnit4ClassRunner.runChild(BlockJUnit4ClassRunner.java:50)
	at org.junit.runners.ParentRunner$3.run(ParentRunner.java:238)
	at org.junit.runners.ParentRunner$1.schedule(ParentRunner.java:63)
	at org.junit.runners.ParentRunner.runChildren(ParentRunner.java:236)
	at org.junit.runners.ParentRunner.access$000(ParentRunner.java:53)
	at org.junit.runners.ParentRunner$2.evaluate(ParentRunner.java:229)
	at org.junit.runners.ParentRunner.run(ParentRunner.java:309)
	at org.eclipse.jdt.internal.junit4.runner.JUnit4TestReference.run(JUnit4TestReference.java:50)
	at org.eclipse.jdt.internal.junit.runner.TestExecution.run(TestExecution.java:38)
	at org.eclipse.jdt.internal.junit.runner.RemoteTestRunner.runTests(RemoteTestRunner.java:467)

</error>
    </testcase>
  </testsuite>
  <testsuite name="fr.familiar.test.featureide.FMLMatchTest" time="0.446">
    <testcase name="testMatch1" classname="fr.familiar.test.featureide.FMLMatchTest" time="0.213"/>
    <testcase name="testMatch2" classname="fr.familiar.test.featureide.FMLMatchTest" time="0.045"/>
    <testcase name="testMatch3" classname="fr.familiar.test.featureide.FMLMatchTest" time="0.146"/>
    <testcase name="testMatch4" classname="fr.familiar.test.featureide.FMLMatchTest" time="0.042"/>
  </testsuite>
</testrun>
